Mon Apr 21 16:19:16, Info:  Using 1 threads 
Mon Apr 21 16:19:16, Info:  Mesh contains 1024 partitions 
Mon Apr 21 16:19:16, Info:  Min number of elements per partition: 165715 
Mon Apr 21 16:19:16, Info:  Avg number of elements per partition 186620 
Mon Apr 21 16:19:16, Info:  Max number of elements per partition 187227 
Mon Apr 21 16:19:16, Info:  Min number of MPI boundaries per partition: 3 
Mon Apr 21 16:19:16, Info:  Avg number of MPI boundaries per partition 12.582 
Mon Apr 21 16:19:16, Info:  Max number of MPI boundaries per partition 23 
Mon Apr 21 16:19:16, Info:  Min number of MPI boundary faces per partition: 5242 
Mon Apr 21 16:19:16, Info:  Avg number of MPI boundary faces per partition 12533.2 
Mon Apr 21 16:19:16, Info:  Max number of MPI boundary faces per partition 18364 
Mon Apr 21 16:19:16, Info:  printing statistics per partition. 
Mon Apr 21 16:19:16, Info:  dynamic rupture information is counted twice: as part of mpi_dr_faces and dynamic_rupture_faces. 
partition,#elements,#neighboring_ranks,max(#mpi_faces_per_neighboring_rank),#interior_elements,#mpi_elements,#mpi_faces,#mpi_dr_faces,#dynamic_rupture_faces,#free_surface_faces,#transparent_faces
0,186968,12,1854,178732,8236,9679,0,0,7939,0
1,186958,12,2086,178080,8878,10844,0,0,6508,0
2,186945,8,2409,179614,7331,8387,0,0,9589,0
3,186851,17,2409,175458,11393,13987,0,0,4019,0
4,186819,17,2950,174493,12326,16000,0,0,0,0
5,186818,15,2950,175577,11241,14546,0,0,0,0
6,186932,16,2218,174837,12095,15654,0,0,0,0
7,186833,16,2218,174922,11911,15030,0,0,0,0
8,186909,12,2678,178408,8501,10265,0,0,7099,0
9,186929,8,1786,179703,7226,8770,0,0,7872,0
10,186867,11,2947,178337,8530,9936,0,0,8700,0
11,186873,13,2947,177512,9361,11282,0,0,5804,0
12,186630,15,2078,174488,12142,15377,0,0,571,0
13,181805,9,2078,174733,7072,8183,0,0,9789,0
14,186885,15,2589,175657,11228,13746,0,0,2970,0
15,186452,10,2589,178979,7473,8618,0,0,9902,0
16,186880,15,2756,174822,12058,15384,0,0,0,0
17,186919,16,2756,175265,11654,15006,0,0,0,0
18,186836,16,2237,175627,11209,14574,0,0,0,0
19,186816,18,3010,175225,11591,15052,0,0,0,0
20,186920,9,2662,179483,7437,8706,0,0,9412,0
21,186972,12,2662,177609,9363,11478,0,0,6108,0
22,181922,8,1270,175135,6787,8044,0,0,8450,0
23,186972,10,1910,180107,6865,8035,0,0,9317,0
24,186857,10,2688,177389,9468,12128,0,0,0,1622
25,186982,10,2688,176806,10176,13197,0,0,0,965
26,186950,19,2237,174922,12028,15916,0,0,0,0
27,187041,12,2916,176914,10127,13032,0,0,0,1582
28,186848,15,2443,175163,11685,15010,0,0,0,0
29,186835,18,2443,175534,11301,14234,0,0,0,0
30,186956,14,2966,176351,10605,13374,0,0,0,1106
31,186921,10,2966,176894,10027,12955,0,0,0,1853
32,186938,11,2836,177451,9487,12084,0,0,0,2262
33,186927,15,2387,175591,11336,14740,0,0,0,0
34,187103,16,2753,174735,12368,15952,0,0,0,0
35,186860,11,2916,176940,9920,12611,0,0,0,1841
36,187088,14,2836,176811,10277,12837,0,0,0,1683
37,186733,11,2661,176263,10470,12924,0,0,0,1522
38,186917,17,2781,174577,12340,16014,0,0,0,0
39,186826,14,2781,175523,11303,14794,0,0,0,0
40,187041,16,2440,176190,10851,13443,0,0,3561,0
41,186990,9,2440,179242,7748,9118,0,0,9452,0
42,187056,11,2326,177753,9303,11304,0,0,5784,0
43,186930,10,2326,178318,8612,10458,0,0,5892,0
44,187057,12,1670,178843,8214,9794,0,0,8272,0
45,186933,14,2006,176310,10623,13870,0,0,0,0
46,186938,9,1633,179487,7451,8694,0,0,8938,0
47,187045,13,1845,178121,8924,10672,0,0,6518,0
48,165715,9,1770,157818,7897,9374,0,0,6940,0
49,186997,10,1857,179704,7293,8735,0,0,8363,0
50,186985,10,2327,178753,8232,9864,0,0,5804,1408
51,187023,7,2327,180416,6607,8286,0,0,7013,1799
52,187103,10,2599,177403,9700,12376,0,0,0,1872
53,187107,4,2051,181722,5385,6304,0,0,8825,2201
54,187143,10,2307,179219,7924,9573,0,0,7409,0
55,187160,12,2307,178564,8596,10443,0,0,6751,0
56,187049,13,2599,178468,8581,10761,0,0,0,2971
57,187048,10,3108,179066,7982,10062,0,0,0,3870
58,186939,13,3108,176442,10497,13233,0,0,0,1371
59,186942,21,2771,174447,12495,16104,0,0,0,0
60,186840,14,2898,175010,11830,15570,0,0,0,0
61,186936,12,2898,177333,9603,12319,0,0,0,2687
62,186950,17,2840,174915,12035,15470,0,0,0,0
63,187055,13,2502,177218,9837,12647,0,0,0,1977
64,186858,7,2412,180537,6321,7556,0,0,7570,2210
65,186927,10,2055,178510,8417,10172,0,0,7630,0
66,186916,9,1674,180894,6022,7206,0,0,7343,1987
67,186996,10,2055,178780,8216,9868,0,0,8206,0
68,186964,11,2615,178953,8011,9411,0,0,9017,0
69,186989,9,2403,178191,8798,10656,0,0,6188,0
70,187084,8,2812,181055,6029,7194,0,0,7163,2361
71,186905,13,2812,176657,10248,12519,0,0,4375,0
72,187016,9,3070,178041,8975,11297,0,0,0,3191
73,186747,9,2677,178644,8103,10649,0,0,0,3617
74,186795,16,2239,175273,11522,14980,0,0,0,0
75,186733,15,2141,175272,11461,14826,0,0,0,0
76,186937,14,2557,176894,10043,12556,0,0,0,2886
77,186988,17,2557,174994,11994,15354,0,0,0,0
78,186843,9,3094,177762,9081,11407,0,0,0,2619
79,186790,11,3094,175833,10957,13905,0,0,0,2423
80,186786,15,2741,174775,12011,15376,0,0,0,0
81,186956,15,2741,174577,12379,16222,0,0,0,0
82,186741,13,2728,174745,11996,15472,0,0,0,0
83,186945,15,2263,175107,11838,14914,0,0,0,0
84,186923,9,1970,179873,7050,8141,0,0,9387,0
85,186819,17,1854,175595,11224,14278,0,0,0,0
86,186961,12,1517,179403,7558,8704,0,0,9744,0
87,186977,9,1131,180272,6705,7748,0,0,10488,0
88,186847,15,2704,176257,10590,12961,0,0,0,2255
89,186954,17,3545,173748,13206,17062,0,0,0,0
90,186949,15,3060,175474,11475,14860,0,0,0,722
91,186941,10,3060,177823,9118,11463,0,0,0,2475
92,186920,10,3318,176949,9971,13020,0,0,0,1422
93,186867,12,3318,176386,10481,13270,0,0,0,1418
94,186967,9,2746,178063,8904,11470,0,0,0,2674
95,186962,15,3545,175344,11618,15388,0,0,0,0
96,186919,12,3037,176817,10102,12495,0,0,0,2183
97,186855,13,3037,175239,11616,14844,0,0,0,0
98,186726,16,3014,174925,11801,15312,0,0,0,0
99,186757,10,2731,177428,9329,12647,0,0,0,1167
100,186915,8,3705,177739,9176,11749,0,0,0,3785
101,186929,11,3705,176768,10161,12945,0,0,0,1661
102,187037,10,2612,177180,9857,12266,0,0,0,1876
103,186890,12,2197,177892,8998,11537,0,0,0,3429
104,186897,15,2304,175718,11179,13588,0,0,4112,0
105,186987,8,2304,179687,7300,8669,0,0,8395,0
106,186915,7,1805,180408,6507,7849,0,0,6939,1844
107,186952,8,1967,180448,6504,7727,0,0,7829,1570
108,186875,13,2940,175562,11313,14037,0,0,4297,0
109,186960,9,2940,179679,7281,8781,0,0,9325,0
110,186872,20,3014,173954,12918,16466,0,0,0,0
111,186872,13,2296,178135,8737,10265,0,0,8475,0
112,186817,9,2565,177043,9774,12419,0,0,0,1751
113,186870,6,2565,179712,7158,9028,0,0,0,4310
114,186692,13,1901,176726,9966,12973,0,0,0,1389
115,186760,8,2258,179538,7222,9282,0,0,0,4282
116,186764,11,3082,176137,10627,13536,0,0,0,1182
117,186741,8,3082,178522,8219,10571,0,0,0,3227
118,186781,17,2523,174779,12002,15062,0,0,0,0
119,186862,16,2787,174581,12281,15573,0,0,0,409
120,186427,7,2391,178940,7487,8996,0,0,6479,681
121,186518,8,2391,180298,6220,7444,0,0,8506,1818
122,186840,11,1994,178116,8724,10686,0,0,6982,0
123,186794,10,1994,179113,7681,9193,0,0,8199,0
124,186623,10,2239,176588,10035,12431,0,0,2010,1501
125,186683,8,2412,178999,7684,9151,0,0,6108,1681
126,179819,4,2502,175263,4556,5432,0,0,7154,2640
127,186487,5,2502,178590,7897,9701,0,0,2084,3919
128,186827,12,2299,177038,9789,12601,0,0,0,1907
129,186776,17,2511,174772,12004,15214,0,0,0,0
130,186857,11,2156,178878,7979,9304,0,0,9756,0
131,186113,6,2156,180221,5892,7051,0,0,6977,2094
132,185697,10,2477,177733,7964,9665,0,0,7285,910
133,186762,13,2477,176196,10566,13204,0,0,0,1604
134,186452,12,2726,176269,10183,13294,0,0,0,1098
135,185008,6,2387,179402,5606,6766,0,0,8321,2339
136,186737,11,2702,177654,9083,10990,0,0,6848,0
137,186791,11,2702,178783,8008,9560,0,0,8542,0
138,186718,9,1940,178378,8340,10166,0,0,7514,0
139,186629,11,2310,178445,8184,9876,0,0,7030,0
140,186437,10,1676,178800,7637,9198,0,0,8296,0
141,185689,9,2131,178450,7239,8449,0,0,9981,0
142,186601,13,2368,177749,8852,10691,0,0,6457,0
143,186638,12,2368,177599,9039,11111,0,0,5719,0
144,186774,15,3236,175673,11101,14480,0,0,0,0
145,186751,16,3236,174291,12460,15720,0,0,0,0
146,186794,17,2555,175586,11208,14614,0,0,0,0
147,186844,17,2223,174492,12352,15570,0,0,0,0
148,186798,20,2021,175443,11355,14754,0,0,0,0
149,186769,13,2405,175081,11688,15156,0,0,0,508
150,186949,15,4034,175214,11735,14927,0,0,0,791
151,186949,12,4034,175840,11109,14105,0,0,0,1043
152,186786,17,2331,175202,11584,15018,0,0,0,0
153,186712,13,2726,174984,11728,15275,0,0,0,931
154,186843,10,2723,177478,9365,11883,0,0,0,2141
155,186913,13,2500,174211,12702,16090,0,0,0,182
156,186976,12,2331,176258,10718,13499,0,0,0,1193
157,186885,8,2723,179513,7372,9414,0,0,0,4404
158,186855,11,2589,176107,10748,13818,0,0,0,1298
159,186895,18,2589,174655,12240,15522,0,0,0,0
160,186953,8,2146,178916,8037,10302,0,0,0,3112
161,186924,10,2335,177497,9427,12003,0,0,0,2431
162,186966,10,1614,179338,7628,9781,0,0,0,3725
163,186896,14,3338,176915,9981,12913,0,0,0,1903
164,187110,12,3279,177392,9718,12576,0,0,0,2420
165,186781,14,3279,174960,11821,15018,0,0,0,742
166,186874,13,3003,175581,11293,14524,0,0,0,0
167,186984,15,3003,174988,11996,15310,0,0,0,0
168,184020,8,3364,176776,7244,9660,0,0,0,4348
169,186343,10,3364,177528,8815,12055,0,0,0,2261
170,185229,11,2914,174297,10932,14132,0,0,0,0
171,186728,13,3338,176101,10627,13737,0,0,0,2103
172,187027,12,3021,177531,9496,12309,0,0,0,1801
173,186807,13,3021,176546,10261,13011,0,0,0,2755
174,186883,17,2288,174477,12406,15894,0,0,0,0
175,186876,13,2289,175021,11855,15714,0,0,0,0
176,186627,15,2443,176516,10111,12830,0,0,0,1264
177,186623,11,2443,177077,9546,12998,0,0,0,1960
178,186362,7,2186,179491,6871,8397,0,0,5708,1925
179,186523,12,2186,175722,10801,13266,0,0,4162,0
180,186828,13,2537,176191,10637,13055,0,0,3303,0
181,186625,8,2537,178695,7930,9365,0,0,8817,0
182,186673,16,2555,175112,11561,14910,0,0,0,0
183,186796,16,2522,174918,11878,15634,0,0,0,0
184,186869,13,2533,175692,11177,13940,0,0,2686,0
185,186835,17,2182,175524,11311,15024,0,0,0,0
186,186793,13,3594,175685,11108,14301,0,0,0,1193
187,186784,12,3594,175874,10910,14499,0,0,0,825
188,186550,6,1707,180783,5767,6986,0,0,7973,2103
189,186661,6,2125,179824,6837,8115,0,0,7926,1235
190,186784,9,2171,180275,6509,7572,0,0,10000,0
191,186588,10,1617,178420,8168,9771,0,0,7353,0
192,186581,10,2313,175868,10713,13319,0,0,2629,0
193,186821,11,2435,177527,9294,10914,0,0,8564,0
194,182796,10,2001,174652,8144,9753,0,0,7659,0
195,186698,12,2435,177829,8869,10726,0,0,6356,0
196,186700,18,2850,174580,12120,15312,0,0,0,0
197,186802,16,2850,175041,11761,15474,0,0,0,0
198,186850,17,2161,174863,11987,15402,0,0,0,0
199,183908,11,2161,174661,9247,11372,0,0,4860,0
200,186786,11,1287,179395,7391,8523,0,0,9565,0
201,186738,19,2373,174406,12332,15830,0,0,0,0
202,187024,10,2646,178195,8829,10547,0,0,7393,0
203,186861,10,2646,178138,8723,10495,0,0,7195,0
204,186659,16,2710,174451,12208,15805,0,0,913,0
205,186783,15,2710,175316,11467,14728,0,0,0,0
206,186678,11,1363,179021,7657,8972,0,0,9670,0
207,186662,8,1848,179590,7072,8089,0,0,10033,0
208,186852,17,2878,175548,11304,14788,0,0,0,0
209,186775,17,2878,174718,12057,15412,0,0,0,0
210,186789,17,3407,175043,11746,16210,0,0,0,0
211,186850,14,3407,175254,11596,15004,0,0,0,0
212,186761,12,2377,176995,9766,12045,0,0,4847,0
213,186856,9,2377,179120,7736,9277,0,0,8113,0
214,186777,15,1732,176718,10059,12328,0,0,5804,0
215,186803,10,2362,178424,8379,9944,0,0,7882,0
216,186685,18,2370,174908,11777,14962,0,0,0,0
217,186756,17,2370,174802,11954,15312,0,0,0,0
218,186855,16,3098,175477,11378,14480,0,0,0,0
219,186779,19,3098,173873,12906,16890,0,0,0,0
220,186876,13,2917,177046,9830,11992,0,0,4524,0
221,186908,11,2917,178617,8291,9867,0,0,8093,0
222,186641,13,2195,177192,9449,11653,0,0,4801,0
223,186801,8,1922,180040,6761,7700,0,0,10412,0
224,186872,15,2662,175751,11121,14852,0,0,0,0
225,186895,10,2702,177351,9544,11909,0,0,0,1943
226,186938,17,2112,175124,11814,14892,0,0,0,0
227,186824,17,2662,174845,11979,15154,0,0,0,0
228,186846,14,2672,174995,11851,14984,0,0,0,0
229,186968,17,2672,175301,11667,14964,0,0,0,0
230,186933,9,2702,177337,9596,12284,0,0,0,2898
231,187034,11,2555,177027,10007,12725,0,0,0,1569
232,186849,11,2618,176774,10075,12576,0,0,0,2006
233,187012,13,2618,177158,9854,12679,0,0,0,2337
234,187057,14,2702,175114,11943,15434,0,0,0,0
235,186896,18,2702,174940,11956,14756,0,0,0,0
236,186823,19,2622,175170,11653,15176,0,0,0,0
237,186954,15,2622,175187,11767,14890,0,0,0,0
238,187112,14,3465,175670,11442,14832,0,0,0,800
239,186974,12,3465,176953,10021,13178,0,0,0,1670
240,187008,16,2092,175906,11102,14192,0,0,0,0
241,187024,16,2094,175362,11662,14832,0,0,0,0
242,186794,9,2644,176655,10139,12692,0,0,0,1788
243,187099,12,2615,176726,10373,13540,0,0,0,1706
244,186848,14,2364,174887,11961,15336,0,0,0,0
245,186860,15,2151,175489,11371,15120,0,0,0,0
246,186798,10,2897,176580,10218,12878,0,0,0,1704
247,187063,13,2897,175627,11436,14778,0,0,0,708
248,187042,12,2593,175980,11062,14038,0,0,0,0
249,187028,16,2593,174976,12052,15476,0,0,0,0
250,186880,15,2200,175407,11473,14832,0,0,0,0
251,186992,16,1678,175731,11261,14436,0,0,0,0
252,186893,13,2577,176813,10080,12933,0,0,0,1407
253,186817,9,2577,177881,8936,11256,0,0,0,2792
254,187090,11,2029,177386,9704,12314,0,0,0,1514
255,186882,15,2023,175113,11769,15540,0,0,0,0
256,186997,12,1512,180058,6939,7803,0,0,10183,0
257,187001,9,1642,179559,7442,8616,0,0,9654,0
258,186951,17,2471,174952,11999,15136,0,0,0,0
259,186894,17,2471,175515,11379,14658,0,0,0,0
260,186944,9,1513,179263,7681,9019,0,0,7639,0
261,186999,13,1513,178443,8556,10215,0,0,6511,0
262,186860,16,2238,175305,11555,14654,0,0,0,0
263,186768,8,2094,179872,6896,7782,0,0,10410,0
264,186989,10,2833,177383,9606,12322,0,0,0,2440
265,186900,13,2833,174768,12132,15273,0,0,0,657
266,186999,16,2635,176174,10825,14558,0,0,0,0
267,186862,11,2635,177372,9490,11982,0,0,0,1834
268,186888,14,2719,174746,12142,15336,0,0,0,0
269,186779,15,2719,175201,11578,14848,0,0,0,0
270,186869,10,2505,177588,9281,11749,0,0,0,2675
271,186791,11,2505,176840,9951,12329,0,0,0,2129
272,186984,9,2502,178210,8774,11462,0,0,0,2780
273,186807,12,2571,175753,11054,13782,0,0,0,854
274,186993,16,2947,174226,12767,16370,0,0,0,0
275,186955,15,2947,174696,12259,15946,0,0,0,0
276,186959,11,3357,177775,9184,11580,0,0,0,4186
277,186953,11,3357,176808,10145,12768,0,0,0,1750
278,186992,10,2805,177502,9490,11973,0,0,0,2413
279,187145,13,2614,175984,11161,14323,0,0,0,709
280,187167,13,1796,178737,8430,10419,0,0,8167,0
281,187147,8,1687,180348,6799,8162,0,0,7644,1228
282,187041,9,1796,179558,7483,9061,0,0,8129,0
283,187071,10,1479,179416,7655,9138,0,0,7346,0
284,186135,6,2482,180350,5785,7011,0,0,7274,1959
285,186969,12,2482,177063,9906,11968,0,0,5984,0
286,186888,17,2274,175396,11492,14874,0,0,0,0
287,187070,8,1622,180330,6740,7750,0,0,9726,0
288,186784,11,2629,177409,9375,12235,0,0,0,1625
289,186754,16,2629,175003,11751,15328,0,0,0,0
290,186800,14,2261,175128,11672,15140,0,0,0,0
291,186771,11,2261,176610,10161,13020,0,0,0,1138
292,187077,17,3298,174360,12717,16239,0,0,0,799
293,186852,11,3298,177339,9513,11900,0,0,0,1882
294,186801,17,3010,174835,11966,15500,0,0,0,0
295,186830,15,2796,175442,11388,14736,0,0,0,0
296,186708,17,2535,175102,11606,14970,0,0,0,0
297,186828,13,2222,178269,8559,10113,0,0,7673,0
298,186886,8,2225,179031,7855,9303,0,0,7839,0
299,186745,16,2495,174557,12188,15522,0,0,0,0
300,186726,16,2789,174605,12121,15138,0,0,2130,0
301,186919,16,2789,174556,12363,15542,0,0,0,0
302,186879,10,1859,179451,7428,8712,0,0,8492,0
303,186892,12,1785,178979,7913,9424,0,0,8042,0
304,186591,10,1605,177797,8794,10597,0,0,6477,0
305,186517,12,1706,177971,8546,10368,0,0,6564,0
306,186425,11,1618,179008,7417,8999,0,0,7447,0
307,180820,9,1589,174462,6358,7410,0,0,9724,0
308,184902,13,2366,175838,9064,11436,0,0,5992,0
309,186605,17,2846,174524,12081,15582,0,0,0,0
310,186627,16,3496,175115,11512,14796,0,0,0,0
311,186537,18,3496,173734,12803,16538,0,0,0,0
312,186780,17,2690,175626,11154,14355,0,0,0,2085
313,186757,11,2199,177114,9643,12324,0,0,0,1660
314,186672,14,2681,175449,11223,14308,0,0,0,0
315,186630,14,2681,175020,11610,14930,0,0,0,0
316,186764,10,3159,177189,9575,12523,0,0,0,1793
317,186633,18,3159,174274,12359,15962,0,0,0,0
318,186705,14,2153,175450,11255,14398,0,0,0,0
319,186831,11,2199,177190,9641,12274,0,0,0,2654
320,186411,17,2375,174589,11822,15208,0,0,0,0
321,186440,9,1984,179436,7004,8000,0,0,10102,0
322,186506,11,1521,178888,7618,9116,0,0,8138,0
323,186581,7,1591,180556,6025,7293,0,0,6720,2151
324,186465,17,3538,175669,10796,14498,0,0,0,0
325,186523,14,3538,173879,12644,16254,0,0,0,0
326,186548,13,2192,175334,11214,15074,0,0,0,870
327,186544,11,2192,177811,8733,11486,0,0,0,2518
328,186655,13,1990,176675,9980,12540,0,0,0,1692
329,186517,12,2560,176562,9955,12974,0,0,0,1744
330,186716,14,3105,175340,11376,14528,0,0,0,0
331,186608,10,3105,176777,9831,12453,0,0,0,2139
332,186667,9,2841,176468,10199,12881,0,0,0,2027
333,186574,12,2398,176267,10307,13058,0,0,0,1516
334,186641,9,2936,176652,9989,12743,0,0,0,1421
335,186571,7,2936,178587,7984,9901,0,0,0,3991
336,186480,9,2020,178870,7610,9089,0,0,7751,0
337,186658,11,2020,178782,7876,9288,0,0,8580,0
338,186625,8,2225,178892,7733,9278,0,0,7826,0
339,186567,15,2225,177341,9226,11256,0,0,6134,0
340,186583,21,2694,174448,12135,15530,0,0,0,0
341,186494,17,2694,173472,13022,16290,0,0,0,0
342,186677,17,2292,175048,11629,14750,0,0,0,0
343,186833,13,2162,176772,10061,12575,0,0,0,1577
344,186534,8,2165,179092,7442,9103,0,0,7419,0
345,186492,12,2165,178482,8010,9500,0,0,8082,0
346,186459,12,2020,178096,8363,9947,0,0,8599,0
347,186482,15,2030,174407,12075,15175,0,0,1701,0
348,186454,15,2731,174611,11843,15262,0,0,0,0
349,186503,14,2731,175006,11497,15120,0,0,0,0
350,186476,11,1993,178047,8429,10266,0,0,7058,0
351,186504,21,2266,174180,12324,15694,0,0,2012,0
352,186495,10,2179,178433,8062,9603,0,0,7605,0
353,186645,10,2570,178665,7980,9497,0,0,7981,0
354,186369,9,2570,178126,8243,9832,0,0,7590,0
355,186464,9,2259,179385,7079,8218,0,0,8461,871
356,186781,9,2877,178539,8242,10177,0,0,4461,2188
357,186696,11,2877,179209,7487,8798,0,0,8578,0
358,183102,3,2429,177643,5459,6651,0,0,5449,3344
359,186686,9,2429,179812,6874,8280,0,0,5666,2254
360,186632,8,1878,179003,7629,9664,0,0,0,3150
361,186655,11,2841,176502,10153,13036,0,0,0,1380
362,186461,9,1591,180096,6365,7790,0,0,5563,2597
363,186585,14,2246,174392,12193,15798,0,0,0,578
364,186703,9,2282,178783,7920,10447,0,0,0,3523
365,186587,16,2645,174670,11917,15460,0,0,0,0
366,186650,10,3576,176569,10081,13004,0,0,0,2162
367,186639,6,3576,180234,6405,8386,0,0,0,5038
368,186867,15,3950,176058,10809,14000,0,0,0,1608
369,186828,6,3950,177722,9106,11511,0,0,0,2967
370,186819,16,2802,174432,12387,15777,0,0,0,557
371,186866,14,2802,175666,11200,14273,0,0,0,881
372,186833,8,3331,178697,8136,10336,0,0,0,3698
373,186705,12,3331,176087,10618,13113,0,0,0,1313
374,186697,15,2468,175354,11343,14676,0,0,0,0
375,186784,12,2468,176372,10412,13434,0,0,0,1498
376,186764,9,2168,179077,7687,9135,0,0,7999,0
377,186712,9,2168,178284,8428,10042,0,0,7212,0
378,186974,11,2118,177769,9205,11183,0,0,5735,0
379,186764,15,2086,175990,10774,13386,0,0,2850,0
380,186894,7,2471,180647,6247,7517,0,0,6533,2346
381,186951,10,2471,178921,8030,9519,0,0,8015,0
382,186878,7,2534,180855,6023,7150,0,0,6866,2904
383,186858,12,2534,178121,8737,10508,0,0,6854,0
384,186790,14,3064,175622,11168,14480,0,0,0,0
385,186686,21,3064,173432,13254,16684,0,0,0,0
386,186903,10,1958,178627,8276,9909,0,0,7211,0
387,186772,11,2022,178008,8764,10424,0,0,6758,0
388,186794,9,1958,179056,7738,9355,0,0,7469,0
389,186833,16,3097,174462,12371,15554,0,0,0,0
390,186740,15,3097,174752,11988,15444,0,0,0,0
391,186823,15,2930,175524,11299,14768,0,0,0,0
392,186818,21,1679,175115,11703,14830,0,0,0,0
393,186735,11,1679,179023,7712,8745,0,0,11059,0
394,186880,10,2112,179058,7822,9024,14,7346,0,0
395,186953,9,2112,179155,7798,8837,18,6114,4109,0
396,186819,12,2175,178279,8540,10202,0,0,7420,0
397,186951,9,2175,179778,7173,8376,0,0,9166,0
398,186664,15,2176,173946,12718,15900,0,0,1412,0
399,186708,16,2204,174768,11940,14587,0,0,2173,0
400,186915,10,3021,178025,8890,11456,0,0,0,2240
401,186740,14,3021,175280,11460,14510,0,0,0,0
402,186876,13,1986,176815,10061,12639,0,0,0,1679
403,187025,14,1882,176146,10879,13406,0,0,0,1066
404,186819,11,2861,177425,9394,11913,0,0,0,1959
405,187038,11,2861,177044,9994,12923,0,0,0,1433
406,186935,17,2315,175043,11892,15128,0,0,0,0
407,186827,19,2216,174652,12175,15816,0,0,0,0
408,187004,12,2523,176926,10078,12650,0,0,0,2758
409,186805,16,2352,174868,11937,15258,0,0,0,0
410,186756,11,2523,175997,10759,13649,0,0,0,609
411,186976,16,2532,175460,11516,15140,0,0,0,0
412,186963,16,1795,175522,11441,14716,0,0,0,0
413,186870,14,1862,175804,11066,14146,0,0,0,0
414,186712,17,1862,174205,12507,15788,0,0,0,0
415,186703,18,2204,175629,11074,14394,0,0,0,0
416,186577,14,1727,175347,11230,14676,0,0,0,0
417,186757,8,2046,178429,8328,9938,0,0,7514,0
418,186712,8,2055,178959,7753,9245,0,0,7991,0
419,186665,13,2208,177575,9090,11146,0,0,6490,0
420,186822,14,1647,177336,9486,11683,0,0,4725,0
421,186724,10,1820,179269,7455,8673,0,0,9687,0
422,186703,16,1579,175125,11578,14748,0,0,0,0
423,186738,9,1540,180130,6608,7586,0,0,9958,0
424,186640,17,2510,174686,11954,15266,0,0,0,0
425,186676,18,2510,175298,11378,14770,0,0,0,0
426,186656,10,1882,178719,7937,9160,0,0,10140,0
427,186695,11,1882,179510,7185,8323,0,0,9853,0
428,186636,14,2693,176466,10170,12566,0,0,4592,0
429,186776,9,2693,177670,9106,11054,0,0,6216,0
430,186781,11,2219,177708,9073,10797,0,0,6587,0
431,176064,8,2270,168765,7299,8608,0,0,8776,0
432,186860,13,3542,176189,10671,13674,0,0,0,1062
433,186873,9,2447,177574,9299,11738,0,0,0,2530
434,186878,10,3267,177639,9239,11929,0,0,0,3201
435,186771,16,3267,175195,11576,14968,0,0,0,0
436,186607,17,3111,174564,12043,15462,0,0,0,0
437,186715,17,2440,175392,11323,14792,0,0,0,0
438,186921,17,3111,174703,12218,15552,0,0,0,0
439,186891,20,2344,175553,11338,14616,0,0,0,0
440,186718,13,3615,175985,10733,13821,0,0,0,2385
441,186803,18,3615,175432,11371,14818,0,0,0,0
442,186935,12,2603,177713,9222,11922,0,0,0,2000
443,186750,14,3542,174788,11962,15171,0,0,0,883
444,186744,18,2428,175155,11589,14876,0,0,0,0
445,186961,12,2428,176025,10936,14002,0,0,0,0
446,186747,20,2114,174262,12485,15898,0,0,0,0
447,186721,15,2309,175087,11634,14994,0,0,0,0
448,186629,18,2294,175111,11518,15534,0,0,0,0
449,186696,12,2294,178012,8684,11233,0,0,0,2463
450,186605,13,2139,176584,10021,12350,0,0,4602,0
451,186838,6,2046,180275,6563,8009,0,0,6951,1928
452,186769,16,2266,175491,11278,14494,0,0,0,0
453,186604,13,2154,177443,9161,11135,0,0,6745,0
454,186760,14,2156,176423,10337,12827,0,0,5229,0
455,186866,8,2156,179381,7485,8617,0,0,10275,0
456,178958,8,2145,172359,6599,7795,0,0,8615,0
457,186765,16,2145,175428,11337,14110,0,0,3590,0
458,186821,8,1709,179599,7222,8556,0,0,8316,0
459,186744,11,1524,179054,7690,9124,0,0,7152,0
460,186731,12,3956,176230,10501,13475,0,0,0,1769
461,186691,16,3956,174271,12420,15914,0,0,0,0
462,186707,8,2459,178950,7757,9475,0,0,4249,2798
463,173119,7,1678,168000,5119,6140,0,0,7628,1696
464,186685,12,2830,175918,10767,13932,0,0,0,1192
465,186542,12,2830,176604,9938,12865,0,0,0,1725
466,186648,7,2593,178766,7882,10122,0,0,0,3566
467,186648,11,2593,177981,8667,11064,0,0,0,2876
468,186753,10,3009,177190,9563,12060,0,0,0,2934
469,186660,13,3009,174811,11849,14956,0,0,0,704
470,186711,13,2637,176246,10465,13564,0,0,0,1404
471,186840,16,2499,174937,11903,15558,0,0,0,0
472,186700,15,2047,175682,11018,13781,0,0,3315,0
473,186663,9,2047,178910,7753,9234,0,0,8914,0
474,186734,10,2713,178081,8653,10674,0,0,4548,2096
475,186683,8,2713,180198,6485,7862,0,0,7694,1280
476,186680,7,2407,179958,6722,8065,0,0,9345,744
477,186555,10,2713,178054,8501,10489,0,0,3659,2520
478,186580,13,2713,174708,11872,15113,0,0,0,513
479,186553,14,2249,175751,10802,14062,0,0,0,0
480,186846,13,2256,175424,11422,14892,0,0,0,0
481,186719,19,2689,174785,11934,15572,0,0,0,0
482,186842,12,3214,177028,9814,12335,0,0,0,2715
483,186843,11,3214,175451,11392,14708,0,0,0,670
484,186927,12,2262,177885,9042,11534,0,0,0,2572
485,186986,13,2706,176458,10528,13652,0,0,0,1290
486,186907,20,2962,174627,12280,15800,0,0,0,0
487,186871,19,2962,174183,12688,15826,0,0,0,0
488,186945,13,2125,177763,9182,11830,0,0,0,2306
489,186928,7,3011,179710,7218,9068,0,0,0,3914
490,186994,12,3033,176304,10690,13460,0,0,0,1516
491,186894,13,3033,175779,11115,14667,0,0,0,733
492,186844,11,2841,177862,8982,11362,0,0,0,2474
493,186707,17,2739,173464,13243,16786,0,0,0,0
494,186824,7,2841,179203,7621,10069,0,0,0,3389
495,186886,12,2739,176453,10433,13152,0,0,0,1456
496,186644,17,2737,175647,10997,14520,0,0,0,0
497,186723,19,2737,174167,12556,15978,0,0,0,0
498,186712,14,2407,174904,11808,14473,0,0,2961,0
499,186719,15,2407,175034,11685,14756,0,0,1978,0
500,185170,10,2316,178008,7162,8476,0,0,9502,0
501,185156,11,2316,175838,9318,11384,0,0,6228,0
502,186757,15,2215,175189,11568,14518,0,0,0,0
503,186707,16,2078,175417,11290,14292,0,0,0,0
504,186968,20,2857,172598,14370,18364,0,0,0,0
505,186754,15,2944,175173,11581,14874,0,0,0,0
506,186785,14,2499,174936,11849,15334,0,0,0,0
507,186830,16,2393,175039,11791,15278,0,0,0,0
508,186818,14,2411,175463,11355,15042,0,0,0,0
509,186867,11,2394,176133,10734,13550,0,0,0,1398
510,186834,10,3381,177173,9661,12285,0,0,0,2219
511,186929,12,3381,175918,11011,14032,0,0,0,880
512,186764,13,2333,177727,9037,10897,0,0,6439,0
513,186899,10,2333,178422,8477,10030,0,0,8482,0
514,186795,13,2633,175583,11212,13976,0,0,2192,0
515,186801,20,2633,174741,12060,16196,0,0,0,0
516,186885,11,2127,178125,8760,10576,0,0,7428,0
517,186888,10,2127,179830,7058,8257,0,0,9393,0
518,186831,18,3069,174632,12199,16158,0,0,0,0
519,186870,19,3069,175237,11633,15214,0,0,0,0
520,186767,18,2500,174831,11936,15404,0,0,0,0
521,186752,19,2491,174847,11905,15538,0,0,0,0
522,186868,16,2701,174926,11942,15790,0,0,0,0
523,186816,15,2701,175179,11637,15246,0,0,0,0
524,186799,12,2497,177098,9701,11947,0,0,5293,0
525,186799,9,2497,179309,7490,8869,0,0,8885,0
526,186885,8,2143,179294,7591,8763,0,0,9861,0
527,186936,16,2371,175731,11205,14590,0,0,0,0
528,186915,20,2985,175212,11703,15024,0,0,0,0
529,186945,15,2985,174848,12097,15482,0,0,0,0
530,187003,12,3396,175263,11740,15501,0,0,0,771
531,186926,10,3396,177241,9685,12147,0,0,0,2003
532,187066,13,2019,177176,9890,12126,0,0,3612,0
533,187059,10,2019,180139,6920,8077,0,0,9479,0
534,187049,5,2461,181122,5927,7231,0,0,6960,2141
535,186991,8,2461,179178,7813,9299,0,0,7914,663
536,187072,11,2109,178275,8797,10643,0,0,6531,0
537,187142,13,2317,177804,9338,11031,0,0,8185,0
538,187155,8,1847,180785,6370,7756,0,0,7328,1520
539,186988,8,2317,178827,8161,9915,0,0,4317,1840
540,186971,13,2153,177133,9838,13000,0,0,0,1468
541,187103,14,1963,178099,9004,11836,0,0,0,2332
542,186960,16,2959,175589,11371,15144,0,0,0,0
543,187062,18,2959,173787,13275,16924,0,0,0,0
544,187087,12,2227,177854,9233,11575,0,0,0,2461
545,187115,8,2146,179585,7530,9322,0,0,0,3906
546,187157,17,2082,174914,12243,15952,0,0,0,0
547,187042,13,2227,175819,11223,14314,0,0,0,580
548,187136,13,3383,175595,11541,14942,0,0,0,0
549,186944,16,3383,173297,13647,16920,0,0,0,0
550,187090,11,2394,177020,10070,13278,0,0,0,2048
551,186992,9,2570,177845,9147,11668,0,0,0,1948
552,187183,10,3179,177442,9741,12566,0,0,0,2984
553,187066,7,2741,178965,8101,10444,0,0,0,3342
554,187140,10,2701,177477,9663,11824,0,0,0,3452
555,187058,13,2701,177190,9868,12281,0,0,0,2229
556,187087,13,4366,175093,11994,15155,0,0,0,599
557,187069,12,4366,176566,10503,13444,0,0,0,1950
558,187034,17,3026,175440,11594,15122,0,0,0,0
559,187034,16,2773,175077,11957,15110,0,0,0,0
560,187039,10,3164,177235,9804,12189,0,0,0,2539
561,187020,12,2764,176765,10255,13197,0,0,0,2509
562,186884,17,3429,173601,13283,17362,0,0,0,0
563,186945,13,3429,175365,11580,14578,0,0,0,0
564,186975,10,2087,178014,8961,11754,0,0,0,2150
565,187134,11,2551,176630,10504,13634,0,0,0,806
566,187046,17,2034,175151,11895,15598,0,0,0,0
567,187017,17,2514,175021,11996,15898,0,0,0,0
568,186973,17,2471,175543,11430,14684,0,0,0,0
569,186932,16,2471,174502,12430,16096,0,0,0,0
570,187043,12,3283,176878,10165,12943,0,0,0,2313
571,187023,14,3283,177077,9946,12515,0,0,0,2051
572,186983,14,3162,174935,12048,15186,0,0,0,0
573,187008,14,3162,175145,11863,15328,0,0,0,0
574,187084,16,3065,175021,12063,15812,0,0,0,0
575,186922,13,2373,176523,10399,13853,0,0,0,1141
576,186956,15,3040,175194,11762,15260,0,0,0,248
577,187063,11,3040,177106,9957,12624,0,0,0,1760
578,186897,14,3516,175684,11213,14657,0,0,0,1163
579,186886,12,3516,176751,10135,13018,0,0,0,1912
580,186943,17,1875,175613,11330,14708,0,0,0,0
581,186953,14,1875,175316,11637,14794,0,0,0,0
582,186875,15,2224,175556,11319,14758,0,0,0,0
583,186873,17,2603,175623,11250,14714,0,0,0,0
584,186726,11,2156,177232,9494,11407,0,0,5591,0
585,186832,10,1769,179787,7045,8140,0,0,10462,0
586,186847,10,2156,178852,7995,9689,0,0,8049,0
587,186889,9,1803,179558,7331,8633,0,0,8437,0
588,186790,14,2491,175545,11245,14156,0,0,0,0
589,186889,15,2628,175686,11203,13750,0,0,2834,0
590,186854,15,1944,175463,11391,14602,0,0,0,0
591,187006,10,2628,178233,8773,10935,0,0,6643,0
592,186683,17,2674,174414,12269,15104,0,0,2668,0
593,186935,8,2674,179710,7225,8448,0,0,8594,0
594,186901,11,2094,178676,8225,9912,0,0,6986,0
595,186955,10,2094,178715,8240,10080,0,0,8240,0
596,186863,8,2330,180088,6775,8101,0,0,7325,1530
597,186858,12,2330,178164,8694,10462,0,0,6912,0
598,186992,10,2092,179356,7636,9235,0,0,8489,0
599,186932,7,2092,180399,6533,7891,0,0,6606,1897
600,186854,9,2314,177773,9081,11802,0,0,0,2302
601,186751,15,2314,175342,11409,14804,0,0,0,0
602,186972,10,2865,178273,8699,11626,0,0,0,2916
603,186769,11,2865,176973,9796,12290,0,0,0,1740
604,186821,13,3001,175864,10957,13808,0,0,0,1326
605,186927,11,3001,177208,9719,12310,0,0,0,1780
606,186819,18,2338,174273,12546,16526,0,0,0,0
607,186874,17,2556,174864,12010,15348,0,0,0,0
608,187023,10,2442,178933,8090,9615,0,0,8271,0
609,187164,11,2442,179328,7836,9341,0,0,8045,0
610,186936,11,2279,177049,9887,12672,0,0,0,1532
611,169289,5,1694,164275,5014,5758,0,0,9094,1740
612,187107,8,2095,179637,7470,8768,0,0,8086,0
613,187036,8,2080,180501,6535,7918,0,0,6423,2687
614,187131,5,2633,182164,4967,5961,0,0,6154,3845
615,187075,9,2633,178523,8552,10469,0,0,4662,1363
616,186946,8,2702,177839,9107,11649,0,0,0,1817
617,186972,11,2702,176721,10251,12727,0,0,0,2347
618,186979,14,2675,175603,11376,14878,0,0,0,0
619,186910,19,2675,174485,12425,15784,0,0,0,0
620,187012,10,1844,178640,8372,10966,0,0,0,3470
621,187004,7,2350,179926,7078,8964,0,0,0,5286
622,187085,15,2437,177260,9825,12553,0,0,0,1917
623,187031,9,2437,177474,9557,11913,0,0,0,2609
624,187088,8,3198,179549,7539,9833,0,0,0,4197
625,187073,10,3198,176770,10303,12951,0,0,0,1669
626,187161,13,2926,175291,11870,15138,0,0,0,0
627,187053,10,2926,177849,9204,11795,0,0,0,2351
628,186971,19,2603,174069,12902,16382,0,0,0,0
629,187043,19,2537,175453,11590,14956,0,0,0,0
630,186988,11,2605,176402,10586,13952,0,0,0,702
631,187042,9,2605,177700,9342,11975,0,0,0,2129
632,187227,8,2561,178928,8299,10191,0,0,5779,1354
633,187080,7,2561,180459,6621,8027,0,0,7402,1377
634,187005,11,2328,177720,9285,11135,0,0,6661,0
635,187028,10,2328,179300,7728,9141,0,0,9295,0
636,187020,16,2637,175129,11891,15202,0,0,0,0
637,187051,13,2637,176172,10879,13931,0,0,0,1009
638,187136,6,2221,180391,6745,8143,0,0,7894,1499
639,187138,9,1586,180043,7095,8371,0,0,9503,0
640,186673,14,2897,173859,12814,15813,0,0,1561,0
641,186587,16,2897,175638,10949,14794,0,0,0,0
642,186539,9,2649,179541,6998,8137,0,0,8831,0
643,186714,13,2649,176592,10122,12266,0,0,5702,0
644,186600,17,2112,175399,11201,14332,0,0,0,0
645,186165,8,1785,178542,7623,8878,0,0,9112,0
646,186552,11,2292,177310,9242,11398,0,0,5152,0
647,186656,8,2292,179290,7366,8683,0,0,8285,0
648,186759,12,2175,176799,9960,12093,0,0,4625,0
649,186609,11,2311,177101,9508,11858,0,0,5144,0
650,186595,17,2377,174942,11653,15038,0,0,0,0
651,186798,17,2377,174934,11864,15230,0,0,0,0
652,186797,9,2635,179079,7718,8791,0,0,10179,0
653,186781,13,2635,177144,9637,11591,0,0,4627,0
654,186521,10,2311,178111,8410,10222,0,0,6326,0
655,186663,14,2246,177155,9508,11551,0,0,5347,0
656,186586,11,3034,175898,10688,13343,0,0,0,1867
657,186677,10,3024,176579,10098,12921,0,0,0,1161
658,186833,7,2365,180383,6450,7668,0,0,6289,2535
659,186690,11,2365,179031,7659,8885,0,0,9687,0
660,186634,12,2585,175932,10702,13439,0,0,1452,1815
661,186922,7,2585,180127,6795,8026,0,0,9037,737
662,186665,8,2442,177304,9361,11759,0,0,241,2640
663,186871,9,1789,180018,6853,8130,0,0,8460,944
664,184504,10,2631,174769,9735,12827,0,0,0,1711
665,186694,12,2197,177538,9156,11587,0,0,0,2167
666,186944,12,3107,175802,11142,14298,0,0,0,1088
667,186609,8,3107,178598,8011,10518,0,0,0,2910
668,186958,13,3034,176155,10803,13897,0,0,0,1631
669,186691,12,2470,177621,9070,11598,0,0,0,1918
670,186785,9,1978,178160,8625,10731,0,0,0,3177
671,186566,16,1978,175333,11233,14420,0,0,0,0
672,186777,11,2703,176654,10123,13060,0,0,0,1582
673,186791,12,2703,177189,9602,12039,0,0,0,2003
674,186847,14,2400,175475,11372,14450,0,0,0,0
675,186810,15,2086,175029,11781,14788,0,0,0,0
676,186846,18,3006,174956,11890,15650,0,0,0,0
677,186940,18,3006,175404,11536,14830,0,0,0,0
678,186909,12,3389,175975,10934,14022,0,0,0,834
679,186878,14,3389,176369,10509,13348,0,0,0,2102
680,186679,17,2136,175778,10901,13976,0,0,0,0
681,186764,13,2411,176650,10114,13027,0,0,0,2379
682,186764,16,1934,174260,12504,15568,0,0,0,0
683,186742,14,2713,174578,12164,15536,0,0,0,408
684,186848,10,2713,177208,9640,12406,0,0,0,1782
685,186886,12,2692,175741,11145,14239,0,0,0,1127
686,177052,8,2500,168094,8958,11720,0,0,0,2550
687,186679,17,2500,175127,11552,14636,0,0,0,0
688,186681,15,2608,175384,11297,14668,0,0,0,0
689,186584,16,2608,175563,11021,14364,0,0,0,0
690,176553,22,2272,164867,11686,14948,0,0,0,0
691,186500,17,3039,174699,11801,15054,0,0,0,0
692,185583,10,1959,176607,8976,11083,0,0,5767,0
693,185163,14,1959,176902,8261,10047,0,0,7499,0
694,181198,8,2020,174699,6499,7615,0,0,9209,0
695,186030,11,2020,176001,10029,12305,0,0,4825,0
696,186452,14,2587,176742,9710,11912,5,4203,0,0
697,185120,12,2587,177438,7682,8896,20,8660,0,0
698,186474,11,2129,177468,9006,10539,5,2837,5427,0
699,186183,8,2129,178453,7730,8745,21,8667,2851,0
700,186754,18,2902,174200,12554,16332,0,0,0,0
701,186641,15,3039,174606,12035,15610,0,0,0,0
702,185932,12,1712,177483,8449,10076,0,0,7252,0
703,186656,14,2902,175201,11455,14724,0,0,0,0
704,186827,10,3080,176659,10168,12915,0,0,0,1657
705,186865,18,2738,175630,11235,15106,0,0,0,0
706,186929,11,2766,176853,10076,12456,0,0,0,2052
707,186996,11,3080,177334,9662,12312,0,0,0,2322
708,186827,15,3167,174920,11907,15684,0,0,0,0
709,186883,15,3167,174527,12356,15770,0,0,0,0
710,186836,14,2861,175018,11818,15178,0,0,0,0
711,186971,10,2861,177593,9378,12047,0,0,0,2553
712,186800,15,3033,174229,12571,16184,0,0,0,0
713,186987,18,3033,174588,12399,15702,0,0,0,0
714,186786,17,2505,174746,12040,15184,0,0,0,0
715,186871,16,2400,175065,11806,14832,0,0,0,0
716,186943,13,3224,175049,11894,15658,0,0,0,750
717,180000,9,3152,170666,9334,12286,0,0,0,1222
718,186928,12,2177,177769,9159,12150,0,0,0,2736
719,186851,12,2344,177596,9255,11787,0,0,0,2121
720,186827,16,2375,175095,11732,14746,0,0,0,0
721,186870,18,2375,174482,12388,15888,0,0,0,0
722,186850,14,3764,175550,11300,15104,0,0,0,0
723,186945,17,3764,173084,13861,17984,0,0,0,0
724,186921,16,2202,175592,11329,14824,0,0,0,0
725,186821,15,2738,175036,11785,15280,0,0,0,0
726,186899,12,2329,175104,11795,15066,0,0,0,0
727,186861,18,2329,175110,11751,15318,0,0,0,0
728,185947,7,1614,179406,6541,7641,0,0,9927,0
729,186841,16,1808,175776,11065,14784,0,0,0,0
730,186913,8,1482,179330,7583,8861,0,0,8923,0
731,186712,18,2260,175128,11584,14906,0,0,0,0
732,186810,19,2899,174051,12759,16320,0,0,0,0
733,186706,16,2899,174636,12070,15582,0,0,0,0
734,186726,11,2395,178358,8368,10168,0,0,7680,0
735,186789,14,2289,176193,10596,12752,0,0,5728,0
736,186731,12,2663,178475,8256,9390,13,3409,8744,0
737,186872,14,2663,176540,10332,12288,38,7722,0,0
738,186872,9,2621,178929,7943,8967,37,10949,3665,0
739,186989,11,2621,177749,9240,10494,61,12805,0,0
740,186872,14,2003,177548,9324,11048,0,0,6778,0
741,186811,14,2003,178061,8750,10245,10,1170,7933,0
742,186778,9,1873,179119,7659,8633,25,6839,5111,0
743,186879,13,1873,177251,9628,11048,35,8947,0,0
744,186794,12,2752,176692,10102,12320,0,0,5368,0
745,186765,16,2752,176836,9929,11885,0,0,5873,0
746,186827,17,2138,175578,11249,14774,0,0,0,0
747,186615,22,2372,174960,11655,15282,0,0,0,0
748,186765,12,2615,175825,10940,13242,32,6578,0,0
749,186782,17,2496,176215,10567,13224,17,3537,0,0
750,186770,8,2615,178330,8440,9506,33,11195,0,0
751,186862,16,1856,176767,10095,12278,23,5685,0,0
752,183369,11,3496,174536,8833,10365,43,6299,6679,0
753,186753,8,3496,176320,10433,11934,58,11528,1808,0
754,186713,12,1869,177615,9098,10501,35,3541,6365,0
755,185745,12,2153,177117,8628,10155,22,1664,7781,0
756,186723,15,2712,175979,10744,12534,73,9527,0,0
757,186971,10,2712,178432,8539,10000,29,7469,0,0
758,186902,15,2833,176849,10053,11856,80,10768,0,0
759,186733,21,2833,173438,13295,16258,48,3430,0,0
760,186742,9,2380,177937,8805,10042,63,10641,0,0
761,186700,13,2062,177792,8908,10704,18,6984,0,0
762,186584,19,2890,175306,11278,14530,0,0,0,0
763,186071,21,2890,173395,12676,16179,0,0,173,0
764,186469,9,2887,176352,10117,11558,51,9985,0,0
765,186745,14,2887,176595,10150,11900,74,10506,0,0
766,186533,10,2395,177856,8677,10079,19,2059,7325,0
767,186584,11,1802,178721,7863,8851,28,9918,4703,0
768,186803,11,1891,178797,8006,9734,0,0,7738,0
769,186861,11,2003,179052,7809,9267,0,0,9391,0
770,186775,11,1732,178998,7777,9328,0,0,7930,0
771,186803,11,2072,178745,8058,9845,0,0,7355,0
772,186811,12,3000,175361,11450,14558,0,0,0,0
773,186814,14,3000,174828,11986,15220,0,0,0,0
774,186774,15,2707,175451,11323,15356,0,0,0,0
775,186675,17,2304,175446,11229,14474,0,0,0,0
776,186780,16,2489,174700,12080,15198,0,0,0,0
777,186818,10,2536,176868,9950,12389,0,0,0,1739
778,186826,13,2532,176524,10302,13813,0,0,0,1385
779,186839,12,2532,177147,9692,13247,0,0,0,1231
780,186812,7,2255,180708,6104,7510,0,0,8283,1851
781,186827,12,1959,178600,8227,10051,0,0,8155,0
782,186732,12,2354,176624,10108,13024,0,0,0,1504
783,186759,7,2354,180672,6087,7178,0,0,9813,1243
784,186690,17,3313,175475,11215,14528,0,0,0,0
785,186736,18,3313,174670,12066,15928,0,0,0,0
786,185328,8,1729,178462,6866,8358,0,0,8186,0
787,186738,10,1809,178695,8043,9821,0,0,8533,0
788,186644,11,2255,178103,8541,10482,0,0,6080,1058
789,186696,12,2536,177065,9631,12710,0,0,0,1818
790,186274,8,2482,178686,7588,9062,0,0,8778,0
791,186267,5,2482,180175,6092,7361,0,0,6643,2836
792,186786,12,2117,176335,10451,12836,0,0,4810,0
793,186788,14,2117,176328,10460,12871,0,0,3411,0
794,186710,14,2397,176032,10678,14112,0,0,0,0
795,186677,16,2397,175113,11564,15044,0,0,0,0
796,186931,9,1973,179041,7890,9346,0,0,10176,0
797,186870,11,2072,178117,8753,10507,0,0,8617,0
798,186812,11,2036,177925,8887,10791,0,0,7191,0
799,186875,19,2223,174827,12048,15458,0,0,0,0
800,186873,10,2239,177383,9490,11880,0,0,0,2538
801,186868,10,2239,177234,9634,12185,0,0,0,1483
802,186889,18,2569,175557,11332,14630,0,0,0,0
803,186899,16,2569,175178,11721,15082,0,0,0,0
804,186924,13,2874,176860,10064,12853,0,0,0,1509
805,186728,11,2271,176847,9881,12467,0,0,0,2189
806,186877,18,3219,174996,11881,15484,0,0,0,0
807,186889,18,3219,174615,12274,15898,0,0,0,0
808,186908,8,3249,177075,9833,12579,0,0,0,2079
809,186827,11,2503,175811,11016,13806,0,0,0,910
810,186838,7,3249,179197,7641,9875,0,0,0,4011
811,186984,8,2874,178738,8246,10841,0,0,0,3221
812,186812,9,3135,177523,9289,12122,0,0,0,1542
813,186820,14,3135,175772,11048,14174,0,0,0,1240
814,186623,11,3074,175868,10755,13355,0,0,0,1119
815,186689,10,3074,176211,10478,13513,0,0,0,1319
816,186941,17,2930,174510,12431,15740,0,0,0,0
817,186869,18,2930,174101,12768,16240,0,0,0,0
818,186896,11,2706,177783,9113,11900,0,0,0,2136
819,186961,16,2630,175372,11589,15366,0,0,0,0
820,187135,15,3140,174159,12976,16660,0,0,0,0
821,186992,11,3140,177609,9383,11883,0,0,0,2641
822,186842,14,3179,175114,11728,15132,0,0,0,0
823,186981,19,2674,174163,12818,16094,0,0,0,0
824,186972,6,2692,178958,8014,9774,0,0,0,3656
825,186952,14,2692,176115,10837,13771,0,0,0,1475
826,186929,9,3249,177810,9119,11499,0,0,0,2673
827,186900,17,3249,174187,12713,16166,0,0,0,0
828,186938,9,2497,179296,7642,9996,0,0,0,4114
829,186919,12,2497,177445,9474,12450,0,0,0,2230
830,187011,12,2927,175855,11156,14731,0,0,0,577
831,186942,11,2927,176789,10153,12798,0,0,0,1908
832,186704,15,2937,174886,11818,15190,0,0,0,0
833,186770,15,2937,175278,11492,15142,0,0,0,0
834,186725,10,1592,178936,7789,9329,0,0,8685,0
835,186733,18,2230,175198,11535,15148,0,0,0,0
836,186817,12,1775,178392,8425,10375,0,0,6733,0
837,186809,9,1775,179348,7461,9069,0,0,7969,0
838,186807,9,1904,179895,6912,7860,0,0,10738,0
839,186822,16,1904,175194,11628,14669,0,0,405,0
840,186866,10,2071,179182,7684,9045,0,0,8479,0
841,186650,13,2071,176968,9682,11813,0,0,4591,0
842,186000,11,1558,177853,8147,9728,0,0,7274,0
843,186748,15,1793,175472,11276,14536,0,0,0,0
844,186649,15,2560,174984,11665,14976,0,0,0,0
845,186779,18,2188,175432,11347,14534,0,0,0,0
846,186735,17,2623,174668,12067,15768,0,0,0,0
847,186761,17,2623,175668,11093,14482,0,0,0,0
848,186376,10,2612,177926,8450,10253,0,0,7429,0
849,186527,11,2612,176511,10016,12048,0,0,5824,0
850,186701,11,2109,177645,9056,11067,0,0,6341,0
851,186552,11,1803,177873,8679,10424,0,0,6800,0
852,186651,15,2505,175120,11531,14832,0,0,0,0
853,186760,22,2372,174150,12610,16416,0,0,0,0
854,186734,15,1891,175758,10976,14390,0,0,0,0
855,186735,17,1678,175070,11665,14952,0,0,0,0
856,186397,8,2240,179044,7353,8910,0,0,8478,0
857,186718,13,2240,178548,8170,9906,0,0,7356,0
858,186793,17,3200,174426,12367,15802,0,0,0,0
859,186693,16,3200,174921,11772,15374,0,0,0,0
860,186757,9,2814,178105,8652,10284,0,0,8542,0
861,186774,13,2814,176526,10248,12521,0,0,4521,0
862,171582,8,2766,164789,6793,8174,0,0,8292,0
863,186419,10,2766,177121,9298,11138,0,0,6960,0
864,186706,16,2813,175395,11311,14754,0,0,0,0
865,186922,18,2813,174140,12782,16272,0,0,0,0
866,186718,23,3285,174381,12337,15898,0,0,0,0
867,186871,18,3285,174495,12376,16036,0,0,0,0
868,186833,16,2354,174279,12554,15956,0,0,0,0
869,186922,16,2354,175001,11921,15080,0,0,0,0
870,186939,15,2729,175522,11417,15300,0,0,0,0
871,186774,12,2729,174863,11911,15258,0,0,0,0
872,186850,13,2223,177067,9783,12838,0,0,0,1924
873,186797,9,2354,177169,9628,12404,0,0,0,1990
874,186928,13,2831,177085,9843,12959,0,0,0,1913
875,186933,11,2831,176549,10384,12886,0,0,0,1820
876,186775,15,3369,174955,11820,15250,0,0,0,0
877,186831,15,2682,175356,11475,15140,0,0,0,0
878,186681,17,3369,173909,12772,16672,0,0,0,0
879,186889,9,2404,177679,9210,11838,0,0,0,2224
880,187009,13,3218,175066,11943,15300,0,0,0,0
881,186856,22,2632,174456,12400,16260,0,0,0,0
882,186845,17,3218,174409,12436,15852,0,0,0,0
883,186879,16,2470,175327,11552,15184,0,0,0,0
884,187137,13,2845,176637,10500,13700,0,0,0,1396
885,186910,12,3008,175912,10998,13793,0,0,0,1633
886,186863,9,2845,177706,9157,12391,0,0,0,1933
887,186883,10,2677,177662,9221,11852,0,0,0,1938
888,186784,17,2276,174622,12162,15472,0,0,0,0
889,186939,14,2276,175393,11546,14498,0,0,0,0
890,186943,14,2625,177612,9331,11850,0,0,0,1882
891,186891,12,3008,176628,10263,12894,0,0,0,1784
892,186959,13,3517,177684,9275,12214,0,0,0,2786
893,186783,14,3517,175041,11742,15512,0,0,0,0
894,186868,17,2739,174923,11945,15270,0,0,0,0
895,186779,15,2739,174837,11942,15098,0,0,0,0
896,186836,11,2529,177260,9576,12576,0,0,0,1734
897,186825,5,2529,179665,7160,9467,0,0,0,3627
898,186807,6,2602,178844,7963,10222,0,0,0,3356
899,186803,15,2602,174758,12045,15540,0,0,0,394
900,186824,12,2429,177364,9460,12387,0,0,0,1621
901,186772,11,2429,176184,10588,13667,0,0,0,1747
902,186863,16,2165,175281,11582,15208,0,0,0,0
903,186777,14,2175,175826,10951,14476,0,0,0,0
904,186982,8,2283,180401,6581,7864,0,0,7020,2038
905,186499,8,2517,179456,7043,8600,0,0,7112,1170
906,186761,15,2764,175020,11741,14395,0,0,2945,0
907,187022,8,2764,179866,7156,8305,0,0,10403,0
908,186535,11,2517,176384,10151,12803,0,0,1158,2499
909,186196,9,2315,178891,7305,8771,0,0,8673,958
910,185656,9,2359,177288,8368,10347,0,0,6615,0
911,186621,13,2283,176327,10294,12568,0,0,4564,0
912,186833,16,2388,174951,11882,15341,0,0,0,269
913,183770,12,2617,172890,10880,14248,0,0,0,0
914,186801,11,2690,176623,10178,12871,0,0,0,1509
915,186893,15,2659,175998,10895,13748,0,0,0,2948
916,186641,17,1960,174668,11973,15258,0,0,0,0
917,186849,18,1977,174960,11889,15130,0,0,0,0
918,186924,14,2725,175832,11092,14840,0,0,0,0
919,186840,16,2725,175993,10847,14568,0,0,0,0
920,186837,8,2382,178150,8687,10484,0,0,7596,0
921,186838,11,2382,176502,10336,12873,0,0,4299,0
922,186856,12,2034,178091,8765,10444,0,0,8250,0
923,186949,12,2622,178561,8388,9977,0,0,7893,0
924,186677,14,2762,174958,11719,14551,0,0,1931,0
925,186981,7,2762,180922,6059,6924,0,0,10508,0
926,186969,12,2259,178159,8810,10714,0,0,6844,0
927,186972,11,1848,177110,9862,12084,0,0,5590,0
928,186861,9,3182,178873,7988,10117,0,0,0,4189
929,187053,9,3182,177322,9731,13075,0,0,0,1375
930,186937,7,3154,179173,7764,9910,0,0,0,3726
931,186958,8,2761,178026,8932,11374,0,0,0,2816
932,187043,13,2761,177664,9379,12215,0,0,0,1723
933,186928,10,1934,177389,9539,11814,0,0,0,3474
934,186827,13,2689,175728,11099,14491,0,0,0,657
935,186941,16,2689,175520,11421,14738,0,0,0,0
936,186951,12,2204,176630,10321,13124,0,0,0,892
937,187096,9,1999,179446,7650,9038,0,0,9528,0
938,187090,4,3041,182531,4559,5242,0,0,9469,2747
939,187098,10,3154,177596,9502,11724,0,0,2886,2652
940,187004,6,2488,180081,6923,8337,0,0,5713,2052
941,187095,6,2040,180992,6103,7341,0,0,7336,1567
942,186979,12,2937,177134,9845,12034,0,0,4770,0
943,186988,15,2937,177782,9206,11118,0,0,6918,0
944,186896,8,2525,177924,8972,11408,0,0,0,2244
945,186792,15,2525,175400,11392,14360,0,0,0,1080
946,186850,9,3472,178614,8236,10309,0,0,0,3309
947,186828,14,3472,175613,11215,14455,0,0,0,923
948,186829,16,2962,175087,11742,15330,0,0,0,0
949,186780,13,2962,175729,11051,14782,0,0,0,0
950,186692,13,2956,175632,11060,14045,0,0,0,1411
951,186741,15,2956,176646,10095,13378,0,0,0,1262
952,186766,14,2542,178030,8736,10621,0,0,6977,0
953,186913,12,2542,176705,10208,12642,0,0,3806,0
954,185026,10,2540,176631,8395,10007,0,0,7905,0
955,186965,11,2540,177599,9366,11211,0,0,6795,0
956,184939,5,2488,178147,6792,8206,0,0,8046,874
957,186806,8,2435,178452,8354,10030,0,0,6098,1194
958,186971,9,2639,179115,7856,9479,0,0,9081,0
959,186904,6,2639,180272,6632,7815,0,0,7511,2930
960,186984,10,3390,177965,9019,11354,0,0,0,3462
961,186640,14,3390,175175,11465,14944,0,0,0,0
962,186673,8,2320,179017,7656,9975,0,0,0,3057
963,186696,12,2724,177075,9621,12245,0,0,0,2089
964,186707,12,2320,177330,9377,12201,0,0,0,1721
965,186791,7,1995,180997,5794,6715,0,0,9787,1272
966,186728,13,2274,176852,9876,12845,0,0,0,1659
967,173399,7,2274,167501,5898,7088,0,0,8241,1077
968,186779,13,2211,176368,10411,12799,0,0,4403,0
969,186913,9,2211,179322,7591,8900,0,0,9418,0
970,186747,18,3234,174168,12579,16198,0,0,0,0
971,186716,16,2871,175265,11451,15176,0,0,0,0
972,186816,17,3724,174919,11897,15354,0,0,0,0
973,186681,16,3724,174509,12172,15996,0,0,0,0
974,186842,14,3223,175757,11085,13641,0,0,3801,0
975,186761,10,3223,178886,7875,9147,0,0,9361,0
976,186771,12,2812,174862,11909,14731,0,0,1905,0
977,186868,11,2812,178247,8621,10384,0,0,8350,0
978,186931,14,1958,178601,8330,10288,0,0,7240,0
979,186968,11,2156,178938,8030,9627,0,0,7921,0
980,186947,12,2152,178004,8943,10979,0,0,6387,0
981,186634,13,2622,177068,9566,11653,0,0,5461,0
982,186655,13,2603,174651,12004,14823,0,0,2355,0
983,186840,7,2336,180223,6617,7608,0,0,10356,0
984,186756,11,1840,179167,7589,8962,0,0,8384,0
985,186548,16,2603,174769,11779,15002,0,0,0,0
986,186571,15,2526,175090,11481,14574,0,0,1886,0
987,186797,11,2526,179113,7684,8726,0,0,10778,0
988,186827,9,1448,179830,6997,8272,0,0,8940,0
989,186749,11,1724,179311,7438,8819,0,0,8949,0
990,186703,16,2303,174843,11860,15404,0,0,0,0
991,186805,15,2303,175070,11735,14867,0,0,1485,0
992,186785,12,2002,177396,9389,12046,0,0,0,2396
993,186658,12,2209,175933,10725,13976,0,0,0,0
994,186661,16,2652,174739,11922,15165,0,0,0,7
995,186700,12,2724,176435,10265,13150,0,0,0,1974
996,186759,12,2828,176830,9929,13124,0,0,0,1544
997,186688,16,2828,174788,11900,15262,0,0,0,0
998,186638,15,2681,174907,11731,15172,0,0,0,0
999,186826,17,2681,174666,12160,15760,0,0,0,0
1000,186902,19,2365,174624,12278,15878,0,0,0,0
1001,186713,16,2811,175070,11643,15232,0,0,0,0
1002,186874,14,2554,175965,10909,14604,0,0,0,0
1003,186777,19,2811,174121,12656,16412,0,0,0,0
1004,186720,11,2554,177449,9271,11573,0,0,0,2123
1005,186866,12,2693,176419,10447,13127,0,0,0,1593
1006,186870,9,2514,178343,8527,11186,0,0,0,2638
1007,186875,11,2514,176942,9933,12415,0,0,0,1793
1008,186756,16,2289,175653,11103,14654,0,0,0,0
1009,186658,15,2158,175297,11361,14476,0,0,0,0
1010,186919,18,2053,175607,11312,15076,0,0,0,0
1011,186842,18,2289,174475,12367,15848,0,0,0,0
1012,186771,14,2222,175404,11367,14472,0,0,0,0
1013,186721,12,2440,176252,10469,14382,0,0,0,0
1014,186665,15,2749,175497,11168,14752,0,0,0,0
1015,186704,11,2749,175503,11201,14126,0,0,0,0
1016,186779,15,2896,175460,11319,15012,0,0,0,0
1017,186679,11,2896,177434,9245,11771,0,0,0,2809
1018,186825,11,2700,176421,10404,13233,0,0,0,1537
1019,186841,13,2700,176873,9968,12717,0,0,0,1317
1020,186693,12,3181,175718,10975,14066,0,0,0,1284
1021,186838,13,3181,177390,9448,12118,0,0,0,2406
1022,186808,12,2810,176396,10412,13512,0,0,0,1020
1023,183056,8,2383,174352,8704,11336,0,0,0,2104
Mon Apr 21 16:21:59, Info:  Min number of DR boundary faces per partition: 0 
Mon Apr 21 16:21:59, Info:  Avg number of DR boundary faces per partition 215.803 
Mon Apr 21 16:21:59, Info:  Max number of DR boundary faces per partition 12805 
Mon Apr 21 16:21:59, Info:  Min number of DR MPI boundary faces per partition: 0 
Mon Apr 21 16:21:59, Info:  Avg number of DR MPI boundary faces per partition 1.02344 
Mon Apr 21 16:21:59, Info:  Max number of DR MPI boundary faces per partition 80 
