Performing C++ SOURCE FILE Test _METIS_64_BIT_INTEGER failed with the following output:
Change Dir: /home/primrose/work/SS2/build/CMakeFiles/CMakeTmp

Run Build Command(s):/usr/bin/make cmTC_76323/fast && /usr/bin/make -f CMakeFiles/cmTC_76323.dir/build.make CMakeFiles/cmTC_76323.dir/build
make[1]: Entering directory '/home/primrose/work/SS2/build/CMakeFiles/CMakeTmp'
Building CXX object CMakeFiles/cmTC_76323.dir/src.cxx.o
/usr/bin/c++    -D_METIS_64_BIT_INTEGER   -std=c++17 -o CMakeFiles/cmTC_76323.dir/src.cxx.o -c /home/primrose/work/SS2/build/CMakeFiles/CMakeTmp/src.cxx
Linking CXX executable cmTC_76323
/usr/bin/cmake -E cmake_link_script CMakeFiles/cmTC_76323.dir/link.txt --verbose=1
/usr/bin/c++   -D_METIS_64_BIT_INTEGER    CMakeFiles/cmTC_76323.dir/src.cxx.o  -o cmTC_76323  /usr/lib/x86_64-linux-gnu/libmetis.so 
make[1]: Leaving directory '/home/primrose/work/SS2/build/CMakeFiles/CMakeTmp'


...and run output:
cmTC_76323: /home/primrose/work/SS2/build/CMakeFiles/CMakeTmp/src.cxx:8: int main(): Assertion `IDXTYPEWIDTH == 64' failed.
Child aborted
Return value: FAILED_TO_RUN
Source file was:

#include <metis.h>
#include <cassert>

int main()
{
  // FIXME: Find a simple but sensible test for METIS
  assert(IDXTYPEWIDTH == 64);

  return 0;
}

