Mon Apr 21 16:27:03, Info:  Using 1 threads 
Mon Apr 21 16:27:03, Info:  Mesh contains 2048 partitions 
Mon Apr 21 16:27:03, Info:  Min number of elements per partition: 400000 
Mon Apr 21 16:27:03, Info:  Avg number of elements per partition 400000 
Mon Apr 21 16:27:03, Info:  Max number of elements per partition 400000 
Mon Apr 21 16:27:03, Info:  Min number of MPI boundaries per partition: 3 
Mon Apr 21 16:27:03, Info:  Avg number of MPI boundaries per partition 5.5 
Mon Apr 21 16:27:03, Info:  Max number of MPI boundaries per partition 6 
Mon Apr 21 16:27:03, Info:  Min number of MPI boundary faces per partition: 11200 
Mon Apr 21 16:27:03, Info:  Avg number of MPI boundary faces per partition 20600 
Mon Apr 21 16:27:03, Info:  Max number of MPI boundary faces per partition 22400 
Mon Apr 21 16:27:03, Info:  printing statistics per partition. 
Mon Apr 21 16:27:03, Info:  dynamic rupture information is counted twice: as part of mpi_dr_faces and dynamic_rupture_faces. 
partition,#elements,#neighboring_ranks,max(#mpi_faces_per_neighboring_rank),#interior_elements,#mpi_elements,#mpi_faces,#mpi_dr_faces,#dynamic_rupture_faces,#free_surface_faces,#transparent_faces
0,400000,3,4000,388910,11090,11200,0,0,11200,0
1,400000,4,4000,385750,14250,14400,0,0,8000,0
2,400000,4,4000,385750,14250,14400,0,0,8000,0
3,400000,4,4000,385750,14250,14400,0,0,8000,0
4,400000,4,4000,385750,14250,14400,0,0,8000,0
5,400000,4,4000,385750,14250,14400,0,0,8000,0
6,400000,4,4000,385750,14250,14400,0,0,8000,0
7,400000,3,4000,388890,11110,11200,0,0,11200,0
8,400000,4,4000,385019,14981,15200,0,0,7200,0
9,400000,5,4000,381918,18082,18400,0,0,4000,0
10,400000,5,4000,381918,18082,18400,0,0,4000,0
11,400000,5,4000,381918,18082,18400,0,0,4000,0
12,400000,5,4000,381918,18082,18400,0,0,4000,0
13,400000,5,4000,381918,18082,18400,0,0,4000,0
14,400000,5,4000,381918,18082,18400,0,0,4000,0
15,400000,4,4000,384999,15001,15200,0,0,7200,0
16,400000,4,4000,385019,14981,15200,0,0,7200,0
17,400000,5,4000,381918,18082,18400,0,0,4000,0
18,400000,5,4000,381918,18082,18400,0,0,4000,0
19,400000,5,4000,381918,18082,18400,0,0,4000,0
20,400000,5,4000,381918,18082,18400,0,0,4000,0
21,400000,5,4000,381918,18082,18400,0,0,4000,0
22,400000,5,4000,381918,18082,18400,0,0,4000,0
23,400000,4,4000,384999,15001,15200,0,0,7200,0
24,400000,4,4000,385019,14981,15200,0,0,7200,0
25,400000,5,4000,381918,18082,18400,0,0,4000,0
26,400000,5,4000,381918,18082,18400,0,0,4000,0
27,400000,5,4000,381918,18082,18400,0,0,4000,0
28,400000,5,4000,381918,18082,18400,0,0,4000,0
29,400000,5,4000,381918,18082,18400,0,0,4000,0
30,400000,5,4000,381918,18082,18400,0,0,4000,0
31,400000,4,4000,384999,15001,15200,0,0,7200,0
32,400000,4,4000,385019,14981,15200,0,0,7200,0
33,400000,5,4000,381918,18082,18400,0,0,4000,0
34,400000,5,4000,381918,18082,18400,0,0,4000,0
35,400000,5,4000,381918,18082,18400,0,0,4000,0
36,400000,5,4000,381918,18082,18400,0,0,4000,0
37,400000,5,4000,381918,18082,18400,0,0,4000,0
38,400000,5,4000,381918,18082,18400,0,0,4000,0
39,400000,4,4000,384999,15001,15200,0,0,7200,0
40,400000,4,4000,385019,14981,15200,0,0,7200,0
41,400000,5,4000,381918,18082,18400,0,0,4000,0
42,400000,5,4000,381918,18082,18400,0,0,4000,0
43,400000,5,4000,381918,18082,18400,0,0,4000,0
44,400000,5,4000,381918,18082,18400,0,0,4000,0
45,400000,5,4000,381918,18082,18400,0,0,4000,0
46,400000,5,4000,381918,18082,18400,0,0,4000,0
47,400000,4,4000,384999,15001,15200,0,0,7200,0
48,400000,4,4000,385019,14981,15200,0,0,7200,0
49,400000,5,4000,381918,18082,18400,0,0,4000,0
50,400000,5,4000,381918,18082,18400,0,0,4000,0
51,400000,5,4000,381918,18082,18400,0,0,4000,0
52,400000,5,4000,381918,18082,18400,0,0,4000,0
53,400000,5,4000,381918,18082,18400,0,0,4000,0
54,400000,5,4000,381918,18082,18400,0,0,4000,0
55,400000,4,4000,384999,15001,15200,0,0,7200,0
56,400000,4,4000,385019,14981,15200,0,0,7200,0
57,400000,5,4000,381918,18082,18400,0,0,4000,0
58,400000,5,4000,381918,18082,18400,0,0,4000,0
59,400000,5,4000,381918,18082,18400,0,0,4000,0
60,400000,5,4000,381918,18082,18400,0,0,4000,0
61,400000,5,4000,381918,18082,18400,0,0,4000,0
62,400000,5,4000,381918,18082,18400,0,0,4000,0
63,400000,4,4000,384999,15001,15200,0,0,7200,0
64,400000,4,4000,385019,14981,15200,0,0,7200,0
65,400000,5,4000,381918,18082,18400,0,0,4000,0
66,400000,5,4000,381918,18082,18400,0,0,4000,0
67,400000,5,4000,381918,18082,18400,0,0,4000,0
68,400000,5,4000,381918,18082,18400,0,0,4000,0
69,400000,5,4000,381918,18082,18400,0,0,4000,0
70,400000,5,4000,381918,18082,18400,0,0,4000,0
71,400000,4,4000,384999,15001,15200,0,0,7200,0
72,400000,4,4000,385019,14981,15200,0,0,7200,0
73,400000,5,4000,381918,18082,18400,0,0,4000,0
74,400000,5,4000,381918,18082,18400,0,0,4000,0
75,400000,5,4000,381918,18082,18400,0,0,4000,0
76,400000,5,4000,381918,18082,18400,0,0,4000,0
77,400000,5,4000,381918,18082,18400,0,0,4000,0
78,400000,5,4000,381918,18082,18400,0,0,4000,0
79,400000,4,4000,384999,15001,15200,0,0,7200,0
80,400000,4,4000,385019,14981,15200,0,0,7200,0
81,400000,5,4000,381918,18082,18400,0,0,4000,0
82,400000,5,4000,381918,18082,18400,0,0,4000,0
83,400000,5,4000,381918,18082,18400,0,0,4000,0
84,400000,5,4000,381918,18082,18400,0,0,4000,0
85,400000,5,4000,381918,18082,18400,0,0,4000,0
86,400000,5,4000,381918,18082,18400,0,0,4000,0
87,400000,4,4000,384999,15001,15200,0,0,7200,0
88,400000,4,4000,385019,14981,15200,0,0,7200,0
89,400000,5,4000,381918,18082,18400,0,0,4000,0
90,400000,5,4000,381918,18082,18400,0,0,4000,0
91,400000,5,4000,381918,18082,18400,0,0,4000,0
92,400000,5,4000,381918,18082,18400,0,0,4000,0
93,400000,5,4000,381918,18082,18400,0,0,4000,0
94,400000,5,4000,381918,18082,18400,0,0,4000,0
95,400000,4,4000,384999,15001,15200,0,0,7200,0
96,400000,4,4000,385019,14981,15200,0,0,7200,0
97,400000,5,4000,381918,18082,18400,0,0,4000,0
98,400000,5,4000,381918,18082,18400,0,0,4000,0
99,400000,5,4000,381918,18082,18400,0,0,4000,0
100,400000,5,4000,381918,18082,18400,0,0,4000,0
101,400000,5,4000,381918,18082,18400,0,0,4000,0
102,400000,5,4000,381918,18082,18400,0,0,4000,0
103,400000,4,4000,384999,15001,15200,0,0,7200,0
104,400000,4,4000,385019,14981,15200,0,0,7200,0
105,400000,5,4000,381918,18082,18400,0,0,4000,0
106,400000,5,4000,381918,18082,18400,0,0,4000,0
107,400000,5,4000,381918,18082,18400,0,0,4000,0
108,400000,5,4000,381918,18082,18400,0,0,4000,0
109,400000,5,4000,381918,18082,18400,0,0,4000,0
110,400000,5,4000,381918,18082,18400,0,0,4000,0
111,400000,4,4000,384999,15001,15200,0,0,7200,0
112,400000,4,4000,385019,14981,15200,0,0,7200,0
113,400000,5,4000,381918,18082,18400,0,0,4000,0
114,400000,5,4000,381918,18082,18400,0,0,4000,0
115,400000,5,4000,381918,18082,18400,0,0,4000,0
116,400000,5,4000,381918,18082,18400,0,0,4000,0
117,400000,5,4000,381918,18082,18400,0,0,4000,0
118,400000,5,4000,381918,18082,18400,0,0,4000,0
119,400000,4,4000,384999,15001,15200,0,0,7200,0
120,400000,3,4000,388949,11051,11200,0,0,11200,0
121,400000,4,4000,385848,14152,14400,0,0,8000,0
122,400000,4,4000,385848,14152,14400,0,0,8000,0
123,400000,4,4000,385848,14152,14400,0,0,8000,0
124,400000,4,4000,385848,14152,14400,0,0,8000,0
125,400000,4,4000,385848,14152,14400,0,0,8000,0
126,400000,4,4000,385848,14152,14400,0,0,8000,0
127,400000,3,4000,388949,11051,11200,0,0,11200,0
128,400000,4,4000,384999,15001,15200,0,0,7200,0
129,400000,5,4000,381839,18161,18400,0,0,4000,0
130,400000,5,4000,381839,18161,18400,0,0,4000,0
131,400000,5,4000,381839,18161,18400,0,0,4000,0
132,400000,5,4000,381839,18161,18400,0,0,4000,0
133,400000,5,4000,381839,18161,18400,0,0,4000,0
134,400000,5,4000,381839,18161,18400,0,0,4000,0
135,400000,4,4000,384940,15060,15200,0,0,7200,0
136,400000,5,4000,381132,18868,19200,0,0,3200,0
137,400000,6,4000,378031,21969,22400,0,0,0,0
138,400000,6,4000,378031,21969,22400,0,0,0,0
139,400000,6,4000,378031,21969,22400,0,0,0,0
140,400000,6,4000,378031,21969,22400,0,0,0,0
141,400000,6,4000,378031,21969,22400,0,0,0,0
142,400000,6,4000,378031,21969,22400,0,0,0,0
143,400000,5,4000,381074,18926,19200,0,0,3200,0
144,400000,5,4000,381132,18868,19200,0,0,3200,0
145,400000,6,4000,378031,21969,22400,0,0,0,0
146,400000,6,4000,378031,21969,22400,0,0,0,0
147,400000,6,4000,378031,21969,22400,0,0,0,0
148,400000,6,4000,378031,21969,22400,0,0,0,0
149,400000,6,4000,378031,21969,22400,0,0,0,0
150,400000,6,4000,378031,21969,22400,0,0,0,0
151,400000,5,4000,381074,18926,19200,0,0,3200,0
152,400000,5,4000,381132,18868,19200,0,0,3200,0
153,400000,6,4000,378031,21969,22400,0,0,0,0
154,400000,6,4000,378031,21969,22400,0,0,0,0
155,400000,6,4000,378031,21969,22400,0,0,0,0
156,400000,6,4000,378031,21969,22400,0,0,0,0
157,400000,6,4000,378031,21969,22400,0,0,0,0
158,400000,6,4000,378031,21969,22400,0,0,0,0
159,400000,5,4000,381074,18926,19200,0,0,3200,0
160,400000,5,4000,381132,18868,19200,0,0,3200,0
161,400000,6,4000,378031,21969,22400,0,0,0,0
162,400000,6,4000,378031,21969,22400,0,0,0,0
163,400000,6,4000,378031,21969,22400,0,0,0,0
164,400000,6,4000,378031,21969,22400,0,0,0,0
165,400000,6,4000,378031,21969,22400,0,0,0,0
166,400000,6,4000,378031,21969,22400,0,0,0,0
167,400000,5,4000,381074,18926,19200,0,0,3200,0
168,400000,5,4000,381132,18868,19200,0,0,3200,0
169,400000,6,4000,378031,21969,22400,0,0,0,0
170,400000,6,4000,378031,21969,22400,0,0,0,0
171,400000,6,4000,378031,21969,22400,0,0,0,0
172,400000,6,4000,378031,21969,22400,0,0,0,0
173,400000,6,4000,378031,21969,22400,0,0,0,0
174,400000,6,4000,378031,21969,22400,0,0,0,0
175,400000,5,4000,381074,18926,19200,0,0,3200,0
176,400000,5,4000,381132,18868,19200,0,0,3200,0
177,400000,6,4000,378031,21969,22400,0,0,0,0
178,400000,6,4000,378031,21969,22400,0,0,0,0
179,400000,6,4000,378031,21969,22400,0,0,0,0
180,400000,6,4000,378031,21969,22400,0,0,0,0
181,400000,6,4000,378031,21969,22400,0,0,0,0
182,400000,6,4000,378031,21969,22400,0,0,0,0
183,400000,5,4000,381074,18926,19200,0,0,3200,0
184,400000,5,4000,381132,18868,19200,0,0,3200,0
185,400000,6,4000,378031,21969,22400,0,0,0,0
186,400000,6,4000,378031,21969,22400,0,0,0,0
187,400000,6,4000,378031,21969,22400,0,0,0,0
188,400000,6,4000,378031,21969,22400,0,0,0,0
189,400000,6,4000,378031,21969,22400,0,0,0,0
190,400000,6,4000,378031,21969,22400,0,0,0,0
191,400000,5,4000,381074,18926,19200,0,0,3200,0
192,400000,5,4000,381132,18868,19200,0,0,3200,0
193,400000,6,4000,378031,21969,22400,0,0,0,0
194,400000,6,4000,378031,21969,22400,0,0,0,0
195,400000,6,4000,378031,21969,22400,0,0,0,0
196,400000,6,4000,378031,21969,22400,0,0,0,0
197,400000,6,4000,378031,21969,22400,0,0,0,0
198,400000,6,4000,378031,21969,22400,0,0,0,0
199,400000,5,4000,381074,18926,19200,0,0,3200,0
200,400000,5,4000,381132,18868,19200,0,0,3200,0
201,400000,6,4000,378031,21969,22400,0,0,0,0
202,400000,6,4000,378031,21969,22400,0,0,0,0
203,400000,6,4000,378031,21969,22400,0,0,0,0
204,400000,6,4000,378031,21969,22400,0,0,0,0
205,400000,6,4000,378031,21969,22400,0,0,0,0
206,400000,6,4000,378031,21969,22400,0,0,0,0
207,400000,5,4000,381074,18926,19200,0,0,3200,0
208,400000,5,4000,381132,18868,19200,0,0,3200,0
209,400000,6,4000,378031,21969,22400,0,0,0,0
210,400000,6,4000,378031,21969,22400,0,0,0,0
211,400000,6,4000,378031,21969,22400,0,0,0,0
212,400000,6,4000,378031,21969,22400,0,0,0,0
213,400000,6,4000,378031,21969,22400,0,0,0,0
214,400000,6,4000,378031,21969,22400,0,0,0,0
215,400000,5,4000,381074,18926,19200,0,0,3200,0
216,400000,5,4000,381132,18868,19200,0,0,3200,0
217,400000,6,4000,378031,21969,22400,0,0,0,0
218,400000,6,4000,378031,21969,22400,0,0,0,0
219,400000,6,4000,378031,21969,22400,0,0,0,0
220,400000,6,4000,378031,21969,22400,0,0,0,0
221,400000,6,4000,378031,21969,22400,0,0,0,0
222,400000,6,4000,378031,21969,22400,0,0,0,0
223,400000,5,4000,381074,18926,19200,0,0,3200,0
224,400000,5,4000,381132,18868,19200,0,0,3200,0
225,400000,6,4000,378031,21969,22400,0,0,0,0
226,400000,6,4000,378031,21969,22400,0,0,0,0
227,400000,6,4000,378031,21969,22400,0,0,0,0
228,400000,6,4000,378031,21969,22400,0,0,0,0
229,400000,6,4000,378031,21969,22400,0,0,0,0
230,400000,6,4000,378031,21969,22400,0,0,0,0
231,400000,5,4000,381074,18926,19200,0,0,3200,0
232,400000,5,4000,381132,18868,19200,0,0,3200,0
233,400000,6,4000,378031,21969,22400,0,0,0,0
234,400000,6,4000,378031,21969,22400,0,0,0,0
235,400000,6,4000,378031,21969,22400,0,0,0,0
236,400000,6,4000,378031,21969,22400,0,0,0,0
237,400000,6,4000,378031,21969,22400,0,0,0,0
238,400000,6,4000,378031,21969,22400,0,0,0,0
239,400000,5,4000,381074,18926,19200,0,0,3200,0
240,400000,5,4000,381132,18868,19200,0,0,3200,0
241,400000,6,4000,378031,21969,22400,0,0,0,0
242,400000,6,4000,378031,21969,22400,0,0,0,0
243,400000,6,4000,378031,21969,22400,0,0,0,0
244,400000,6,4000,378031,21969,22400,0,0,0,0
245,400000,6,4000,378031,21969,22400,0,0,0,0
246,400000,6,4000,378031,21969,22400,0,0,0,0
247,400000,5,4000,381074,18926,19200,0,0,3200,0
248,400000,4,4000,385013,14987,15200,0,0,7200,0
249,400000,5,4000,381912,18088,18400,0,0,4000,0
250,400000,5,4000,381912,18088,18400,0,0,4000,0
251,400000,5,4000,381912,18088,18400,0,0,4000,0
252,400000,5,4000,381912,18088,18400,0,0,4000,0
253,400000,5,4000,381912,18088,18400,0,0,4000,0
254,400000,5,4000,381912,18088,18400,0,0,4000,0
255,400000,4,4000,384974,15026,15200,0,0,7200,0
256,400000,4,4000,384999,15001,15200,0,0,7200,0
257,400000,5,4000,381839,18161,18400,0,0,4000,0
258,400000,5,4000,381839,18161,18400,0,0,4000,0
259,400000,5,4000,381839,18161,18400,0,0,4000,0
260,400000,5,4000,381839,18161,18400,0,0,4000,0
261,400000,5,4000,381839,18161,18400,0,0,4000,0
262,400000,5,4000,381839,18161,18400,0,0,4000,0
263,400000,4,4000,384940,15060,15200,0,0,7200,0
264,400000,5,4000,381132,18868,19200,0,0,3200,0
265,400000,6,4000,378031,21969,22400,0,0,0,0
266,400000,6,4000,378031,21969,22400,0,0,0,0
267,400000,6,4000,378031,21969,22400,0,0,0,0
268,400000,6,4000,378031,21969,22400,0,0,0,0
269,400000,6,4000,378031,21969,22400,0,0,0,0
270,400000,6,4000,378031,21969,22400,0,0,0,0
271,400000,5,4000,381074,18926,19200,0,0,3200,0
272,400000,5,4000,381132,18868,19200,0,0,3200,0
273,400000,6,4000,378031,21969,22400,0,0,0,0
274,400000,6,4000,378031,21969,22400,0,0,0,0
275,400000,6,4000,378031,21969,22400,0,0,0,0
276,400000,6,4000,378031,21969,22400,0,0,0,0
277,400000,6,4000,378031,21969,22400,0,0,0,0
278,400000,6,4000,378031,21969,22400,0,0,0,0
279,400000,5,4000,381074,18926,19200,0,0,3200,0
280,400000,5,4000,381132,18868,19200,0,0,3200,0
281,400000,6,4000,378031,21969,22400,0,0,0,0
282,400000,6,4000,378031,21969,22400,0,0,0,0
283,400000,6,4000,378031,21969,22400,0,0,0,0
284,400000,6,4000,378031,21969,22400,0,0,0,0
285,400000,6,4000,378031,21969,22400,0,0,0,0
286,400000,6,4000,378031,21969,22400,0,0,0,0
287,400000,5,4000,381074,18926,19200,0,0,3200,0
288,400000,5,4000,381132,18868,19200,0,0,3200,0
289,400000,6,4000,378031,21969,22400,0,0,0,0
290,400000,6,4000,378031,21969,22400,0,0,0,0
291,400000,6,4000,378031,21969,22400,0,0,0,0
292,400000,6,4000,378031,21969,22400,0,0,0,0
293,400000,6,4000,378031,21969,22400,0,0,0,0
294,400000,6,4000,378031,21969,22400,0,0,0,0
295,400000,5,4000,381074,18926,19200,0,0,3200,0
296,400000,5,4000,381132,18868,19200,0,0,3200,0
297,400000,6,4000,378031,21969,22400,0,0,0,0
298,400000,6,4000,378031,21969,22400,0,0,0,0
299,400000,6,4000,378031,21969,22400,0,0,0,0
300,400000,6,4000,378031,21969,22400,0,0,0,0
301,400000,6,4000,378031,21969,22400,0,0,0,0
302,400000,6,4000,378031,21969,22400,0,0,0,0
303,400000,5,4000,381074,18926,19200,0,0,3200,0
304,400000,5,4000,381132,18868,19200,0,0,3200,0
305,400000,6,4000,378031,21969,22400,0,0,0,0
306,400000,6,4000,378031,21969,22400,0,0,0,0
307,400000,6,4000,378031,21969,22400,0,0,0,0
308,400000,6,4000,378031,21969,22400,0,0,0,0
309,400000,6,4000,378031,21969,22400,0,0,0,0
310,400000,6,4000,378031,21969,22400,0,0,0,0
311,400000,5,4000,381074,18926,19200,0,0,3200,0
312,400000,5,4000,381132,18868,19200,0,0,3200,0
313,400000,6,4000,378031,21969,22400,0,0,0,0
314,400000,6,4000,378031,21969,22400,0,0,0,0
315,400000,6,4000,378031,21969,22400,0,0,0,0
316,400000,6,4000,378031,21969,22400,0,0,0,0
317,400000,6,4000,378031,21969,22400,0,0,0,0
318,400000,6,4000,378031,21969,22400,0,0,0,0
319,400000,5,4000,381074,18926,19200,0,0,3200,0
320,400000,5,4000,381132,18868,19200,0,0,3200,0
321,400000,6,4000,378031,21969,22400,0,0,0,0
322,400000,6,4000,378031,21969,22400,0,0,0,0
323,400000,6,4000,378031,21969,22400,0,0,0,0
324,400000,6,4000,378031,21969,22400,0,0,0,0
325,400000,6,4000,378031,21969,22400,0,0,0,0
326,400000,6,4000,378031,21969,22400,0,0,0,0
327,400000,5,4000,381074,18926,19200,0,0,3200,0
328,400000,5,4000,381132,18868,19200,0,0,3200,0
329,400000,6,4000,378031,21969,22400,0,0,0,0
330,400000,6,4000,378031,21969,22400,0,0,0,0
331,400000,6,4000,378031,21969,22400,0,0,0,0
332,400000,6,4000,378031,21969,22400,0,0,0,0
333,400000,6,4000,378031,21969,22400,0,0,0,0
334,400000,6,4000,378031,21969,22400,0,0,0,0
335,400000,5,4000,381074,18926,19200,0,0,3200,0
336,400000,5,4000,381132,18868,19200,0,0,3200,0
337,400000,6,4000,378031,21969,22400,0,0,0,0
338,400000,6,4000,378031,21969,22400,0,0,0,0
339,400000,6,4000,378031,21969,22400,0,0,0,0
340,400000,6,4000,378031,21969,22400,0,0,0,0
341,400000,6,4000,378031,21969,22400,0,0,0,0
342,400000,6,4000,378031,21969,22400,0,0,0,0
343,400000,5,4000,381074,18926,19200,0,0,3200,0
344,400000,5,4000,381132,18868,19200,0,0,3200,0
345,400000,6,4000,378031,21969,22400,0,0,0,0
346,400000,6,4000,378031,21969,22400,0,0,0,0
347,400000,6,4000,378031,21969,22400,0,0,0,0
348,400000,6,4000,378031,21969,22400,0,0,0,0
349,400000,6,4000,378031,21969,22400,0,0,0,0
350,400000,6,4000,378031,21969,22400,0,0,0,0
351,400000,5,4000,381074,18926,19200,0,0,3200,0
352,400000,5,4000,381132,18868,19200,0,0,3200,0
353,400000,6,4000,378031,21969,22400,0,0,0,0
354,400000,6,4000,378031,21969,22400,0,0,0,0
355,400000,6,4000,378031,21969,22400,0,0,0,0
356,400000,6,4000,378031,21969,22400,0,0,0,0
357,400000,6,4000,378031,21969,22400,0,0,0,0
358,400000,6,4000,378031,21969,22400,0,0,0,0
359,400000,5,4000,381074,18926,19200,0,0,3200,0
360,400000,5,4000,381132,18868,19200,0,0,3200,0
361,400000,6,4000,378031,21969,22400,0,0,0,0
362,400000,6,4000,378031,21969,22400,0,0,0,0
363,400000,6,4000,378031,21969,22400,0,0,0,0
364,400000,6,4000,378031,21969,22400,0,0,0,0
365,400000,6,4000,378031,21969,22400,0,0,0,0
366,400000,6,4000,378031,21969,22400,0,0,0,0
367,400000,5,4000,381074,18926,19200,0,0,3200,0
368,400000,5,4000,381132,18868,19200,0,0,3200,0
369,400000,6,4000,378031,21969,22400,0,0,0,0
370,400000,6,4000,378031,21969,22400,0,0,0,0
371,400000,6,4000,378031,21969,22400,0,0,0,0
372,400000,6,4000,378031,21969,22400,0,0,0,0
373,400000,6,4000,378031,21969,22400,0,0,0,0
374,400000,6,4000,378031,21969,22400,0,0,0,0
375,400000,5,4000,381074,18926,19200,0,0,3200,0
376,400000,4,4000,385013,14987,15200,0,0,7200,0
377,400000,5,4000,381912,18088,18400,0,0,4000,0
378,400000,5,4000,381912,18088,18400,0,0,4000,0
379,400000,5,4000,381912,18088,18400,0,0,4000,0
380,400000,5,4000,381912,18088,18400,0,0,4000,0
381,400000,5,4000,381912,18088,18400,0,0,4000,0
382,400000,5,4000,381912,18088,18400,0,0,4000,0
383,400000,4,4000,384974,15026,15200,0,0,7200,0
384,400000,4,4000,384999,15001,15200,0,0,7200,0
385,400000,5,4000,381839,18161,18400,0,0,4000,0
386,400000,5,4000,381839,18161,18400,0,0,4000,0
387,400000,5,4000,381839,18161,18400,0,0,4000,0
388,400000,5,4000,381839,18161,18400,0,0,4000,0
389,400000,5,4000,381839,18161,18400,0,0,4000,0
390,400000,5,4000,381839,18161,18400,0,0,4000,0
391,400000,4,4000,384940,15060,15200,0,0,7200,0
392,400000,5,4000,381132,18868,19200,0,0,3200,0
393,400000,6,4000,378031,21969,22400,0,0,0,0
394,400000,6,4000,378031,21969,22400,0,0,0,0
395,400000,6,4000,378031,21969,22400,0,0,0,0
396,400000,6,4000,378031,21969,22400,0,0,0,0
397,400000,6,4000,378031,21969,22400,0,0,0,0
398,400000,6,4000,378031,21969,22400,0,0,0,0
399,400000,5,4000,381074,18926,19200,0,0,3200,0
400,400000,5,4000,381132,18868,19200,0,0,3200,0
401,400000,6,4000,378031,21969,22400,0,0,0,0
402,400000,6,4000,378031,21969,22400,0,0,0,0
403,400000,6,4000,378031,21969,22400,0,0,0,0
404,400000,6,4000,378031,21969,22400,0,0,0,0
405,400000,6,4000,378031,21969,22400,0,0,0,0
406,400000,6,4000,378031,21969,22400,0,0,0,0
407,400000,5,4000,381074,18926,19200,0,0,3200,0
408,400000,5,4000,381132,18868,19200,0,0,3200,0
409,400000,6,4000,378031,21969,22400,0,0,0,0
410,400000,6,4000,378031,21969,22400,0,0,0,0
411,400000,6,4000,378031,21969,22400,0,0,0,0
412,400000,6,4000,378031,21969,22400,0,0,0,0
413,400000,6,4000,378031,21969,22400,0,0,0,0
414,400000,6,4000,378031,21969,22400,0,0,0,0
415,400000,5,4000,381074,18926,19200,0,0,3200,0
416,400000,5,4000,381132,18868,19200,0,0,3200,0
417,400000,6,4000,378031,21969,22400,0,0,0,0
418,400000,6,4000,378031,21969,22400,0,0,0,0
419,400000,6,4000,378031,21969,22400,0,0,0,0
420,400000,6,4000,378031,21969,22400,0,0,0,0
421,400000,6,4000,378031,21969,22400,0,0,0,0
422,400000,6,4000,378031,21969,22400,0,0,0,0
423,400000,5,4000,381074,18926,19200,0,0,3200,0
424,400000,5,4000,381132,18868,19200,0,0,3200,0
425,400000,6,4000,378031,21969,22400,0,0,0,0
426,400000,6,4000,378031,21969,22400,0,0,0,0
427,400000,6,4000,378031,21969,22400,0,0,0,0
428,400000,6,4000,378031,21969,22400,0,0,0,0
429,400000,6,4000,378031,21969,22400,0,0,0,0
430,400000,6,4000,378031,21969,22400,0,0,0,0
431,400000,5,4000,381074,18926,19200,0,0,3200,0
432,400000,5,4000,381132,18868,19200,0,0,3200,0
433,400000,6,4000,378031,21969,22400,0,0,0,0
434,400000,6,4000,378031,21969,22400,0,0,0,0
435,400000,6,4000,378031,21969,22400,0,0,0,0
436,400000,6,4000,378031,21969,22400,0,0,0,0
437,400000,6,4000,378031,21969,22400,0,0,0,0
438,400000,6,4000,378031,21969,22400,0,0,0,0
439,400000,5,4000,381074,18926,19200,0,0,3200,0
440,400000,5,4000,381132,18868,19200,0,0,3200,0
441,400000,6,4000,378031,21969,22400,0,0,0,0
442,400000,6,4000,378031,21969,22400,0,0,0,0
443,400000,6,4000,378031,21969,22400,0,0,0,0
444,400000,6,4000,378031,21969,22400,0,0,0,0
445,400000,6,4000,378031,21969,22400,0,0,0,0
446,400000,6,4000,378031,21969,22400,0,0,0,0
447,400000,5,4000,381074,18926,19200,0,0,3200,0
448,400000,5,4000,381132,18868,19200,0,0,3200,0
449,400000,6,4000,378031,21969,22400,0,0,0,0
450,400000,6,4000,378031,21969,22400,0,0,0,0
451,400000,6,4000,378031,21969,22400,0,0,0,0
452,400000,6,4000,378031,21969,22400,0,0,0,0
453,400000,6,4000,378031,21969,22400,0,0,0,0
454,400000,6,4000,378031,21969,22400,0,0,0,0
455,400000,5,4000,381074,18926,19200,0,0,3200,0
456,400000,5,4000,381132,18868,19200,0,0,3200,0
457,400000,6,4000,378031,21969,22400,0,0,0,0
458,400000,6,4000,378031,21969,22400,0,0,0,0
459,400000,6,4000,378031,21969,22400,0,0,0,0
460,400000,6,4000,378031,21969,22400,0,0,0,0
461,400000,6,4000,378031,21969,22400,0,0,0,0
462,400000,6,4000,378031,21969,22400,0,0,0,0
463,400000,5,4000,381074,18926,19200,0,0,3200,0
464,400000,5,4000,381132,18868,19200,0,0,3200,0
465,400000,6,4000,378031,21969,22400,0,0,0,0
466,400000,6,4000,378031,21969,22400,0,0,0,0
467,400000,6,4000,378031,21969,22400,0,0,0,0
468,400000,6,4000,378031,21969,22400,0,0,0,0
469,400000,6,4000,378031,21969,22400,0,0,0,0
470,400000,6,4000,378031,21969,22400,0,0,0,0
471,400000,5,4000,381074,18926,19200,0,0,3200,0
472,400000,5,4000,381132,18868,19200,0,0,3200,0
473,400000,6,4000,378031,21969,22400,0,0,0,0
474,400000,6,4000,378031,21969,22400,0,0,0,0
475,400000,6,4000,378031,21969,22400,0,0,0,0
476,400000,6,4000,378031,21969,22400,0,0,0,0
477,400000,6,4000,378031,21969,22400,0,0,0,0
478,400000,6,4000,378031,21969,22400,0,0,0,0
479,400000,5,4000,381074,18926,19200,0,0,3200,0
480,400000,5,4000,381132,18868,19200,0,0,3200,0
481,400000,6,4000,378031,21969,22400,0,0,0,0
482,400000,6,4000,378031,21969,22400,0,0,0,0
483,400000,6,4000,378031,21969,22400,0,0,0,0
484,400000,6,4000,378031,21969,22400,0,0,0,0
485,400000,6,4000,378031,21969,22400,0,0,0,0
486,400000,6,4000,378031,21969,22400,0,0,0,0
487,400000,5,4000,381074,18926,19200,0,0,3200,0
488,400000,5,4000,381132,18868,19200,0,0,3200,0
489,400000,6,4000,378031,21969,22400,0,0,0,0
490,400000,6,4000,378031,21969,22400,0,0,0,0
491,400000,6,4000,378031,21969,22400,0,0,0,0
492,400000,6,4000,378031,21969,22400,0,0,0,0
493,400000,6,4000,378031,21969,22400,0,0,0,0
494,400000,6,4000,378031,21969,22400,0,0,0,0
495,400000,5,4000,381074,18926,19200,0,0,3200,0
496,400000,5,4000,381132,18868,19200,0,0,3200,0
497,400000,6,4000,378031,21969,22400,0,0,0,0
498,400000,6,4000,378031,21969,22400,0,0,0,0
499,400000,6,4000,378031,21969,22400,0,0,0,0
500,400000,6,4000,378031,21969,22400,0,0,0,0
501,400000,6,4000,378031,21969,22400,0,0,0,0
502,400000,6,4000,378031,21969,22400,0,0,0,0
503,400000,5,4000,381074,18926,19200,0,0,3200,0
504,400000,4,4000,385013,14987,15200,0,0,7200,0
505,400000,5,4000,381912,18088,18400,0,0,4000,0
506,400000,5,4000,381912,18088,18400,0,0,4000,0
507,400000,5,4000,381912,18088,18400,0,0,4000,0
508,400000,5,4000,381912,18088,18400,0,0,4000,0
509,400000,5,4000,381912,18088,18400,0,0,4000,0
510,400000,5,4000,381912,18088,18400,0,0,4000,0
511,400000,4,4000,384974,15026,15200,0,0,7200,0
512,400000,4,4000,384999,15001,15200,0,0,7200,0
513,400000,5,4000,381839,18161,18400,0,0,4000,0
514,400000,5,4000,381839,18161,18400,0,0,4000,0
515,400000,5,4000,381839,18161,18400,0,0,4000,0
516,400000,5,4000,381839,18161,18400,0,0,4000,0
517,400000,5,4000,381839,18161,18400,0,0,4000,0
518,400000,5,4000,381839,18161,18400,0,0,4000,0
519,400000,4,4000,384940,15060,15200,0,0,7200,0
520,400000,5,4000,381132,18868,19200,0,0,3200,0
521,400000,6,4000,378031,21969,22400,0,0,0,0
522,400000,6,4000,378031,21969,22400,0,0,0,0
523,400000,6,4000,378031,21969,22400,0,0,0,0
524,400000,6,4000,378031,21969,22400,0,0,0,0
525,400000,6,4000,378031,21969,22400,0,0,0,0
526,400000,6,4000,378031,21969,22400,0,0,0,0
527,400000,5,4000,381074,18926,19200,0,0,3200,0
528,400000,5,4000,381132,18868,19200,0,0,3200,0
529,400000,6,4000,378031,21969,22400,0,0,0,0
530,400000,6,4000,378031,21969,22400,0,0,0,0
531,400000,6,4000,378031,21969,22400,0,0,0,0
532,400000,6,4000,378031,21969,22400,0,0,0,0
533,400000,6,4000,378031,21969,22400,0,0,0,0
534,400000,6,4000,378031,21969,22400,0,0,0,0
535,400000,5,4000,381074,18926,19200,0,0,3200,0
536,400000,5,4000,381132,18868,19200,0,0,3200,0
537,400000,6,4000,378031,21969,22400,0,0,0,0
538,400000,6,4000,378031,21969,22400,0,0,0,0
539,400000,6,4000,378031,21969,22400,0,0,0,0
540,400000,6,4000,378031,21969,22400,0,0,0,0
541,400000,6,4000,378031,21969,22400,0,0,0,0
542,400000,6,4000,378031,21969,22400,0,0,0,0
543,400000,5,4000,381074,18926,19200,0,0,3200,0
544,400000,5,4000,381132,18868,19200,0,0,3200,0
545,400000,6,4000,378031,21969,22400,0,0,0,0
546,400000,6,4000,378031,21969,22400,0,0,0,0
547,400000,6,4000,378031,21969,22400,0,0,0,0
548,400000,6,4000,378031,21969,22400,0,0,0,0
549,400000,6,4000,378031,21969,22400,0,0,0,0
550,400000,6,4000,378031,21969,22400,0,0,0,0
551,400000,5,4000,381074,18926,19200,0,0,3200,0
552,400000,5,4000,381132,18868,19200,0,0,3200,0
553,400000,6,4000,378031,21969,22400,0,0,0,0
554,400000,6,4000,378031,21969,22400,0,0,0,0
555,400000,6,4000,378031,21969,22400,0,0,0,0
556,400000,6,4000,378031,21969,22400,0,0,0,0
557,400000,6,4000,378031,21969,22400,0,0,0,0
558,400000,6,4000,378031,21969,22400,0,0,0,0
559,400000,5,4000,381074,18926,19200,0,0,3200,0
560,400000,5,4000,381132,18868,19200,0,0,3200,0
561,400000,6,4000,378031,21969,22400,0,0,0,0
562,400000,6,4000,378031,21969,22400,0,0,0,0
563,400000,6,4000,378031,21969,22400,0,0,0,0
564,400000,6,4000,378031,21969,22400,0,0,0,0
565,400000,6,4000,378031,21969,22400,0,0,0,0
566,400000,6,4000,378031,21969,22400,0,0,0,0
567,400000,5,4000,381074,18926,19200,0,0,3200,0
568,400000,5,4000,381132,18868,19200,0,0,3200,0
569,400000,6,4000,378031,21969,22400,0,0,0,0
570,400000,6,4000,378031,21969,22400,0,0,0,0
571,400000,6,4000,378031,21969,22400,0,0,0,0
572,400000,6,4000,378031,21969,22400,0,0,0,0
573,400000,6,4000,378031,21969,22400,0,0,0,0
574,400000,6,4000,378031,21969,22400,0,0,0,0
575,400000,5,4000,381074,18926,19200,0,0,3200,0
576,400000,5,4000,381132,18868,19200,0,0,3200,0
577,400000,6,4000,378031,21969,22400,0,0,0,0
578,400000,6,4000,378031,21969,22400,0,0,0,0
579,400000,6,4000,378031,21969,22400,0,0,0,0
580,400000,6,4000,378031,21969,22400,0,0,0,0
581,400000,6,4000,378031,21969,22400,0,0,0,0
582,400000,6,4000,378031,21969,22400,0,0,0,0
583,400000,5,4000,381074,18926,19200,0,0,3200,0
584,400000,5,4000,381132,18868,19200,0,0,3200,0
585,400000,6,4000,378031,21969,22400,0,0,0,0
586,400000,6,4000,378031,21969,22400,0,0,0,0
587,400000,6,4000,378031,21969,22400,0,0,0,0
588,400000,6,4000,378031,21969,22400,0,0,0,0
589,400000,6,4000,378031,21969,22400,0,0,0,0
590,400000,6,4000,378031,21969,22400,0,0,0,0
591,400000,5,4000,381074,18926,19200,0,0,3200,0
592,400000,5,4000,381132,18868,19200,0,0,3200,0
593,400000,6,4000,378031,21969,22400,0,0,0,0
594,400000,6,4000,378031,21969,22400,0,0,0,0
595,400000,6,4000,378031,21969,22400,0,0,0,0
596,400000,6,4000,378031,21969,22400,0,0,0,0
597,400000,6,4000,378031,21969,22400,0,0,0,0
598,400000,6,4000,378031,21969,22400,0,0,0,0
599,400000,5,4000,381074,18926,19200,0,0,3200,0
600,400000,5,4000,381132,18868,19200,0,0,3200,0
601,400000,6,4000,378031,21969,22400,0,0,0,0
602,400000,6,4000,378031,21969,22400,0,0,0,0
603,400000,6,4000,378031,21969,22400,0,0,0,0
604,400000,6,4000,378031,21969,22400,0,0,0,0
605,400000,6,4000,378031,21969,22400,0,0,0,0
606,400000,6,4000,378031,21969,22400,0,0,0,0
607,400000,5,4000,381074,18926,19200,0,0,3200,0
608,400000,5,4000,381132,18868,19200,0,0,3200,0
609,400000,6,4000,378031,21969,22400,0,0,0,0
610,400000,6,4000,378031,21969,22400,0,0,0,0
611,400000,6,4000,378031,21969,22400,0,0,0,0
612,400000,6,4000,378031,21969,22400,0,0,0,0
613,400000,6,4000,378031,21969,22400,0,0,0,0
614,400000,6,4000,378031,21969,22400,0,0,0,0
615,400000,5,4000,381074,18926,19200,0,0,3200,0
616,400000,5,4000,381132,18868,19200,0,0,3200,0
617,400000,6,4000,378031,21969,22400,0,0,0,0
618,400000,6,4000,378031,21969,22400,0,0,0,0
619,400000,6,4000,378031,21969,22400,0,0,0,0
620,400000,6,4000,378031,21969,22400,0,0,0,0
621,400000,6,4000,378031,21969,22400,0,0,0,0
622,400000,6,4000,378031,21969,22400,0,0,0,0
623,400000,5,4000,381074,18926,19200,0,0,3200,0
624,400000,5,4000,381132,18868,19200,0,0,3200,0
625,400000,6,4000,378031,21969,22400,0,0,0,0
626,400000,6,4000,378031,21969,22400,0,0,0,0
627,400000,6,4000,378031,21969,22400,0,0,0,0
628,400000,6,4000,378031,21969,22400,0,0,0,0
629,400000,6,4000,378031,21969,22400,0,0,0,0
630,400000,6,4000,378031,21969,22400,0,0,0,0
631,400000,5,4000,381074,18926,19200,0,0,3200,0
632,400000,4,4000,385013,14987,15200,0,0,7200,0
633,400000,5,4000,381912,18088,18400,0,0,4000,0
634,400000,5,4000,381912,18088,18400,0,0,4000,0
635,400000,5,4000,381912,18088,18400,0,0,4000,0
636,400000,5,4000,381912,18088,18400,0,0,4000,0
637,400000,5,4000,381912,18088,18400,0,0,4000,0
638,400000,5,4000,381912,18088,18400,0,0,4000,0
639,400000,4,4000,384974,15026,15200,0,0,7200,0
640,400000,4,4000,384999,15001,15200,0,0,7200,0
641,400000,5,4000,381839,18161,18400,0,0,4000,0
642,400000,5,4000,381839,18161,18400,0,0,4000,0
643,400000,5,4000,381839,18161,18400,0,0,4000,0
644,400000,5,4000,381839,18161,18400,0,0,4000,0
645,400000,5,4000,381839,18161,18400,0,0,4000,0
646,400000,5,4000,381839,18161,18400,0,0,4000,0
647,400000,4,4000,384940,15060,15200,0,0,7200,0
648,400000,5,4000,381132,18868,19200,0,0,3200,0
649,400000,6,4000,378031,21969,22400,0,0,0,0
650,400000,6,4000,378031,21969,22400,0,0,0,0
651,400000,6,4000,378031,21969,22400,0,0,0,0
652,400000,6,4000,378031,21969,22400,0,0,0,0
653,400000,6,4000,378031,21969,22400,0,0,0,0
654,400000,6,4000,378031,21969,22400,0,0,0,0
655,400000,5,4000,381074,18926,19200,0,0,3200,0
656,400000,5,4000,381132,18868,19200,0,0,3200,0
657,400000,6,4000,378031,21969,22400,0,0,0,0
658,400000,6,4000,378031,21969,22400,0,0,0,0
659,400000,6,4000,378031,21969,22400,0,0,0,0
660,400000,6,4000,378031,21969,22400,0,0,0,0
661,400000,6,4000,378031,21969,22400,0,0,0,0
662,400000,6,4000,378031,21969,22400,0,0,0,0
663,400000,5,4000,381074,18926,19200,0,0,3200,0
664,400000,5,4000,381132,18868,19200,0,0,3200,0
665,400000,6,4000,378031,21969,22400,0,0,0,0
666,400000,6,4000,378031,21969,22400,0,0,0,0
667,400000,6,4000,378031,21969,22400,0,0,0,0
668,400000,6,4000,378031,21969,22400,0,0,0,0
669,400000,6,4000,378031,21969,22400,0,0,0,0
670,400000,6,4000,378031,21969,22400,0,0,0,0
671,400000,5,4000,381074,18926,19200,0,0,3200,0
672,400000,5,4000,381132,18868,19200,0,0,3200,0
673,400000,6,4000,378031,21969,22400,0,0,0,0
674,400000,6,4000,378031,21969,22400,0,0,0,0
675,400000,6,4000,378031,21969,22400,0,0,0,0
676,400000,6,4000,378031,21969,22400,0,0,0,0
677,400000,6,4000,378031,21969,22400,0,0,0,0
678,400000,6,4000,378031,21969,22400,0,0,0,0
679,400000,5,4000,381074,18926,19200,0,0,3200,0
680,400000,5,4000,381132,18868,19200,0,0,3200,0
681,400000,6,4000,378031,21969,22400,0,0,0,0
682,400000,6,4000,378031,21969,22400,0,0,0,0
683,400000,6,4000,378031,21969,22400,0,0,0,0
684,400000,6,4000,378031,21969,22400,0,0,0,0
685,400000,6,4000,378031,21969,22400,0,0,0,0
686,400000,6,4000,378031,21969,22400,0,0,0,0
687,400000,5,4000,381074,18926,19200,0,0,3200,0
688,400000,5,4000,381132,18868,19200,0,0,3200,0
689,400000,6,4000,378031,21969,22400,0,0,0,0
690,400000,6,4000,378031,21969,22400,0,0,0,0
691,400000,6,4000,378031,21969,22400,0,0,0,0
692,400000,6,4000,378031,21969,22400,0,0,0,0
693,400000,6,4000,378031,21969,22400,0,0,0,0
694,400000,6,4000,378031,21969,22400,0,0,0,0
695,400000,5,4000,381074,18926,19200,0,0,3200,0
696,400000,5,4000,381132,18868,19200,0,0,3200,0
697,400000,6,4000,378031,21969,22400,0,0,0,0
698,400000,6,4000,378031,21969,22400,0,0,0,0
699,400000,6,4000,378031,21969,22400,0,0,0,0
700,400000,6,4000,378031,21969,22400,0,0,0,0
701,400000,6,4000,378031,21969,22400,0,0,0,0
702,400000,6,4000,378031,21969,22400,0,0,0,0
703,400000,5,4000,381074,18926,19200,0,0,3200,0
704,400000,5,4000,381132,18868,19200,0,0,3200,0
705,400000,6,4000,378031,21969,22400,0,0,0,0
706,400000,6,4000,378031,21969,22400,0,0,0,0
707,400000,6,4000,378031,21969,22400,0,0,0,0
708,400000,6,4000,378031,21969,22400,0,0,0,0
709,400000,6,4000,378031,21969,22400,0,0,0,0
710,400000,6,4000,378031,21969,22400,0,0,0,0
711,400000,5,4000,381074,18926,19200,0,0,3200,0
712,400000,5,4000,381132,18868,19200,0,0,3200,0
713,400000,6,4000,378031,21969,22400,0,0,0,0
714,400000,6,4000,378031,21969,22400,0,0,0,0
715,400000,6,4000,378031,21969,22400,0,0,0,0
716,400000,6,4000,378031,21969,22400,0,0,0,0
717,400000,6,4000,378031,21969,22400,0,0,0,0
718,400000,6,4000,378031,21969,22400,0,0,0,0
719,400000,5,4000,381074,18926,19200,0,0,3200,0
720,400000,5,4000,381132,18868,19200,0,0,3200,0
721,400000,6,4000,378031,21969,22400,0,0,0,0
722,400000,6,4000,378031,21969,22400,0,0,0,0
723,400000,6,4000,378031,21969,22400,0,0,0,0
724,400000,6,4000,378031,21969,22400,0,0,0,0
725,400000,6,4000,378031,21969,22400,0,0,0,0
726,400000,6,4000,378031,21969,22400,0,0,0,0
727,400000,5,4000,381074,18926,19200,0,0,3200,0
728,400000,5,4000,381132,18868,19200,0,0,3200,0
729,400000,6,4000,378031,21969,22400,0,0,0,0
730,400000,6,4000,378031,21969,22400,0,0,0,0
731,400000,6,4000,378031,21969,22400,0,0,0,0
732,400000,6,4000,378031,21969,22400,0,0,0,0
733,400000,6,4000,378031,21969,22400,0,0,0,0
734,400000,6,4000,378031,21969,22400,0,0,0,0
735,400000,5,4000,381074,18926,19200,0,0,3200,0
736,400000,5,4000,381132,18868,19200,0,0,3200,0
737,400000,6,4000,378031,21969,22400,0,0,0,0
738,400000,6,4000,378031,21969,22400,0,0,0,0
739,400000,6,4000,378031,21969,22400,0,0,0,0
740,400000,6,4000,378031,21969,22400,0,0,0,0
741,400000,6,4000,378031,21969,22400,0,0,0,0
742,400000,6,4000,378031,21969,22400,0,0,0,0
743,400000,5,4000,381074,18926,19200,0,0,3200,0
744,400000,5,4000,381132,18868,19200,0,0,3200,0
745,400000,6,4000,378031,21969,22400,0,0,0,0
746,400000,6,4000,378031,21969,22400,0,0,0,0
747,400000,6,4000,378031,21969,22400,0,0,0,0
748,400000,6,4000,378031,21969,22400,0,0,0,0
749,400000,6,4000,378031,21969,22400,0,0,0,0
750,400000,6,4000,378031,21969,22400,0,0,0,0
751,400000,5,4000,381074,18926,19200,0,0,3200,0
752,400000,5,4000,381132,18868,19200,0,0,3200,0
753,400000,6,4000,378031,21969,22400,0,0,0,0
754,400000,6,4000,378031,21969,22400,0,0,0,0
755,400000,6,4000,378031,21969,22400,0,0,0,0
756,400000,6,4000,378031,21969,22400,0,0,0,0
757,400000,6,4000,378031,21969,22400,0,0,0,0
758,400000,6,4000,378031,21969,22400,0,0,0,0
759,400000,5,4000,381074,18926,19200,0,0,3200,0
760,400000,4,4000,385013,14987,15200,0,0,7200,0
761,400000,5,4000,381912,18088,18400,0,0,4000,0
762,400000,5,4000,381912,18088,18400,0,0,4000,0
763,400000,5,4000,381912,18088,18400,0,0,4000,0
764,400000,5,4000,381912,18088,18400,0,0,4000,0
765,400000,5,4000,381912,18088,18400,0,0,4000,0
766,400000,5,4000,381912,18088,18400,0,0,4000,0
767,400000,4,4000,384974,15026,15200,0,0,7200,0
768,400000,4,4000,384999,15001,15200,0,0,7200,0
769,400000,5,4000,381839,18161,18400,0,0,4000,0
770,400000,5,4000,381839,18161,18400,0,0,4000,0
771,400000,5,4000,381839,18161,18400,0,0,4000,0
772,400000,5,4000,381839,18161,18400,0,0,4000,0
773,400000,5,4000,381839,18161,18400,0,0,4000,0
774,400000,5,4000,381839,18161,18400,0,0,4000,0
775,400000,4,4000,384940,15060,15200,0,0,7200,0
776,400000,5,4000,381132,18868,19200,0,0,3200,0
777,400000,6,4000,378031,21969,22400,0,0,0,0
778,400000,6,4000,378031,21969,22400,0,0,0,0
779,400000,6,4000,378031,21969,22400,0,0,0,0
780,400000,6,4000,378031,21969,22400,0,0,0,0
781,400000,6,4000,378031,21969,22400,0,0,0,0
782,400000,6,4000,378031,21969,22400,0,0,0,0
783,400000,5,4000,381074,18926,19200,0,0,3200,0
784,400000,5,4000,381132,18868,19200,0,0,3200,0
785,400000,6,4000,378031,21969,22400,0,0,0,0
786,400000,6,4000,378031,21969,22400,0,0,0,0
787,400000,6,4000,378031,21969,22400,0,0,0,0
788,400000,6,4000,378031,21969,22400,0,0,0,0
789,400000,6,4000,378031,21969,22400,0,0,0,0
790,400000,6,4000,378031,21969,22400,0,0,0,0
791,400000,5,4000,381074,18926,19200,0,0,3200,0
792,400000,5,4000,381132,18868,19200,0,0,3200,0
793,400000,6,4000,378031,21969,22400,0,0,0,0
794,400000,6,4000,378031,21969,22400,0,0,0,0
795,400000,6,4000,378031,21969,22400,0,0,0,0
796,400000,6,4000,378031,21969,22400,0,0,0,0
797,400000,6,4000,378031,21969,22400,0,0,0,0
798,400000,6,4000,378031,21969,22400,0,0,0,0
799,400000,5,4000,381074,18926,19200,0,0,3200,0
800,400000,5,4000,381132,18868,19200,0,0,3200,0
801,400000,6,4000,378031,21969,22400,0,0,0,0
802,400000,6,4000,378031,21969,22400,0,0,0,0
803,400000,6,4000,378031,21969,22400,0,0,0,0
804,400000,6,4000,378031,21969,22400,0,0,0,0
805,400000,6,4000,378031,21969,22400,0,0,0,0
806,400000,6,4000,378031,21969,22400,0,0,0,0
807,400000,5,4000,381074,18926,19200,0,0,3200,0
808,400000,5,4000,381132,18868,19200,0,0,3200,0
809,400000,6,4000,378031,21969,22400,0,0,0,0
810,400000,6,4000,378031,21969,22400,0,0,0,0
811,400000,6,4000,378031,21969,22400,0,0,0,0
812,400000,6,4000,378031,21969,22400,0,0,0,0
813,400000,6,4000,378031,21969,22400,0,0,0,0
814,400000,6,4000,378031,21969,22400,0,0,0,0
815,400000,5,4000,381074,18926,19200,0,0,3200,0
816,400000,5,4000,381132,18868,19200,0,0,3200,0
817,400000,6,4000,378031,21969,22400,0,0,0,0
818,400000,6,4000,378031,21969,22400,0,0,0,0
819,400000,6,4000,378031,21969,22400,0,0,0,0
820,400000,6,4000,378031,21969,22400,0,0,0,0
821,400000,6,4000,378031,21969,22400,0,0,0,0
822,400000,6,4000,378031,21969,22400,0,0,0,0
823,400000,5,4000,381074,18926,19200,0,0,3200,0
824,400000,5,4000,381132,18868,19200,0,0,3200,0
825,400000,6,4000,378031,21969,22400,0,0,0,0
826,400000,6,4000,378031,21969,22400,0,0,0,0
827,400000,6,4000,378031,21969,22400,0,0,0,0
828,400000,6,4000,378031,21969,22400,0,0,0,0
829,400000,6,4000,378031,21969,22400,0,0,0,0
830,400000,6,4000,378031,21969,22400,0,0,0,0
831,400000,5,4000,381074,18926,19200,0,0,3200,0
832,400000,5,4000,381132,18868,19200,0,0,3200,0
833,400000,6,4000,378031,21969,22400,0,0,0,0
834,400000,6,4000,378031,21969,22400,0,0,0,0
835,400000,6,4000,378031,21969,22400,0,0,0,0
836,400000,6,4000,378031,21969,22400,0,0,0,0
837,400000,6,4000,378031,21969,22400,0,0,0,0
838,400000,6,4000,378031,21969,22400,0,0,0,0
839,400000,5,4000,381074,18926,19200,0,0,3200,0
840,400000,5,4000,381132,18868,19200,0,0,3200,0
841,400000,6,4000,378031,21969,22400,0,0,0,0
842,400000,6,4000,378031,21969,22400,0,0,0,0
843,400000,6,4000,378031,21969,22400,0,0,0,0
844,400000,6,4000,378031,21969,22400,0,0,0,0
845,400000,6,4000,378031,21969,22400,0,0,0,0
846,400000,6,4000,378031,21969,22400,0,0,0,0
847,400000,5,4000,381074,18926,19200,0,0,3200,0
848,400000,5,4000,381132,18868,19200,0,0,3200,0
849,400000,6,4000,378031,21969,22400,0,0,0,0
850,400000,6,4000,378031,21969,22400,0,0,0,0
851,400000,6,4000,378031,21969,22400,0,0,0,0
852,400000,6,4000,378031,21969,22400,0,0,0,0
853,400000,6,4000,378031,21969,22400,0,0,0,0
854,400000,6,4000,378031,21969,22400,0,0,0,0
855,400000,5,4000,381074,18926,19200,0,0,3200,0
856,400000,5,4000,381132,18868,19200,0,0,3200,0
857,400000,6,4000,378031,21969,22400,0,0,0,0
858,400000,6,4000,378031,21969,22400,0,0,0,0
859,400000,6,4000,378031,21969,22400,0,0,0,0
860,400000,6,4000,378031,21969,22400,0,0,0,0
861,400000,6,4000,378031,21969,22400,0,0,0,0
862,400000,6,4000,378031,21969,22400,0,0,0,0
863,400000,5,4000,381074,18926,19200,0,0,3200,0
864,400000,5,4000,381132,18868,19200,0,0,3200,0
865,400000,6,4000,378031,21969,22400,0,0,0,0
866,400000,6,4000,378031,21969,22400,0,0,0,0
867,400000,6,4000,378031,21969,22400,0,0,0,0
868,400000,6,4000,378031,21969,22400,0,0,0,0
869,400000,6,4000,378031,21969,22400,0,0,0,0
870,400000,6,4000,378031,21969,22400,0,0,0,0
871,400000,5,4000,381074,18926,19200,0,0,3200,0
872,400000,5,4000,381132,18868,19200,0,0,3200,0
873,400000,6,4000,378031,21969,22400,0,0,0,0
874,400000,6,4000,378031,21969,22400,0,0,0,0
875,400000,6,4000,378031,21969,22400,0,0,0,0
876,400000,6,4000,378031,21969,22400,0,0,0,0
877,400000,6,4000,378031,21969,22400,0,0,0,0
878,400000,6,4000,378031,21969,22400,0,0,0,0
879,400000,5,4000,381074,18926,19200,0,0,3200,0
880,400000,5,4000,381132,18868,19200,0,0,3200,0
881,400000,6,4000,378031,21969,22400,0,0,0,0
882,400000,6,4000,378031,21969,22400,0,0,0,0
883,400000,6,4000,378031,21969,22400,0,0,0,0
884,400000,6,4000,378031,21969,22400,0,0,0,0
885,400000,6,4000,378031,21969,22400,0,0,0,0
886,400000,6,4000,378031,21969,22400,0,0,0,0
887,400000,5,4000,381074,18926,19200,0,0,3200,0
888,400000,4,4000,385013,14987,15200,0,0,7200,0
889,400000,5,4000,381912,18088,18400,0,0,4000,0
890,400000,5,4000,381912,18088,18400,0,0,4000,0
891,400000,5,4000,381912,18088,18400,0,0,4000,0
892,400000,5,4000,381912,18088,18400,0,0,4000,0
893,400000,5,4000,381912,18088,18400,0,0,4000,0
894,400000,5,4000,381912,18088,18400,0,0,4000,0
895,400000,4,4000,384974,15026,15200,0,0,7200,0
896,400000,4,4000,384999,15001,15200,0,0,7200,0
897,400000,5,4000,381839,18161,18400,0,0,4000,0
898,400000,5,4000,381839,18161,18400,0,0,4000,0
899,400000,5,4000,381839,18161,18400,0,0,4000,0
900,400000,5,4000,381839,18161,18400,0,0,4000,0
901,400000,5,4000,381839,18161,18400,0,0,4000,0
902,400000,5,4000,381839,18161,18400,0,0,4000,0
903,400000,4,4000,384940,15060,15200,0,0,7200,0
904,400000,5,4000,381132,18868,19200,0,0,3200,0
905,400000,6,4000,378031,21969,22400,0,0,0,0
906,400000,6,4000,378031,21969,22400,0,0,0,0
907,400000,6,4000,378031,21969,22400,0,0,0,0
908,400000,6,4000,378031,21969,22400,0,0,0,0
909,400000,6,4000,378031,21969,22400,0,0,0,0
910,400000,6,4000,378031,21969,22400,0,0,0,0
911,400000,5,4000,381074,18926,19200,0,0,3200,0
912,400000,5,4000,381132,18868,19200,0,0,3200,0
913,400000,6,4000,378031,21969,22400,0,0,0,0
914,400000,6,4000,378031,21969,22400,0,0,0,0
915,400000,6,4000,378031,21969,22400,0,0,0,0
916,400000,6,4000,378031,21969,22400,0,0,0,0
917,400000,6,4000,378031,21969,22400,0,0,0,0
918,400000,6,4000,378031,21969,22400,0,0,0,0
919,400000,5,4000,381074,18926,19200,0,0,3200,0
920,400000,5,4000,381132,18868,19200,0,0,3200,0
921,400000,6,4000,378031,21969,22400,0,0,0,0
922,400000,6,4000,378031,21969,22400,0,0,0,0
923,400000,6,4000,378031,21969,22400,0,0,0,0
924,400000,6,4000,378031,21969,22400,0,0,0,0
925,400000,6,4000,378031,21969,22400,0,0,0,0
926,400000,6,4000,378031,21969,22400,0,0,0,0
927,400000,5,4000,381074,18926,19200,0,0,3200,0
928,400000,5,4000,381132,18868,19200,0,0,3200,0
929,400000,6,4000,378031,21969,22400,0,0,0,0
930,400000,6,4000,378031,21969,22400,0,0,0,0
931,400000,6,4000,378031,21969,22400,0,0,0,0
932,400000,6,4000,378031,21969,22400,0,0,0,0
933,400000,6,4000,378031,21969,22400,0,0,0,0
934,400000,6,4000,378031,21969,22400,0,0,0,0
935,400000,5,4000,381074,18926,19200,0,0,3200,0
936,400000,5,4000,381132,18868,19200,0,0,3200,0
937,400000,6,4000,378031,21969,22400,0,0,0,0
938,400000,6,4000,378031,21969,22400,0,0,0,0
939,400000,6,4000,378031,21969,22400,0,0,0,0
940,400000,6,4000,378031,21969,22400,0,0,0,0
941,400000,6,4000,378031,21969,22400,0,0,0,0
942,400000,6,4000,378031,21969,22400,0,0,0,0
943,400000,5,4000,381074,18926,19200,0,0,3200,0
944,400000,5,4000,381132,18868,19200,0,0,3200,0
945,400000,6,4000,378031,21969,22400,0,0,0,0
946,400000,6,4000,378031,21969,22400,0,0,0,0
947,400000,6,4000,378031,21969,22400,0,0,0,0
948,400000,6,4000,378031,21969,22400,0,0,0,0
949,400000,6,4000,378031,21969,22400,0,0,0,0
950,400000,6,4000,378031,21969,22400,0,0,0,0
951,400000,5,4000,381074,18926,19200,0,0,3200,0
952,400000,5,4000,381132,18868,19200,0,0,3200,0
953,400000,6,4000,378031,21969,22400,0,0,0,0
954,400000,6,4000,378031,21969,22400,0,0,0,0
955,400000,6,4000,378031,21969,22400,0,0,0,0
956,400000,6,4000,378031,21969,22400,0,0,0,0
957,400000,6,4000,378031,21969,22400,0,0,0,0
958,400000,6,4000,378031,21969,22400,0,0,0,0
959,400000,5,4000,381074,18926,19200,0,0,3200,0
960,400000,5,4000,381132,18868,19200,0,0,3200,0
961,400000,6,4000,378031,21969,22400,0,0,0,0
962,400000,6,4000,378031,21969,22400,0,0,0,0
963,400000,6,4000,378031,21969,22400,0,0,0,0
964,400000,6,4000,378031,21969,22400,0,0,0,0
965,400000,6,4000,378031,21969,22400,0,0,0,0
966,400000,6,4000,378031,21969,22400,0,0,0,0
967,400000,5,4000,381074,18926,19200,0,0,3200,0
968,400000,5,4000,381132,18868,19200,0,0,3200,0
969,400000,6,4000,378031,21969,22400,0,0,0,0
970,400000,6,4000,378031,21969,22400,0,0,0,0
971,400000,6,4000,378031,21969,22400,0,0,0,0
972,400000,6,4000,378031,21969,22400,0,0,0,0
973,400000,6,4000,378031,21969,22400,0,0,0,0
974,400000,6,4000,378031,21969,22400,0,0,0,0
975,400000,5,4000,381074,18926,19200,0,0,3200,0
976,400000,5,4000,381132,18868,19200,0,0,3200,0
977,400000,6,4000,378031,21969,22400,0,0,0,0
978,400000,6,4000,378031,21969,22400,0,0,0,0
979,400000,6,4000,378031,21969,22400,0,0,0,0
980,400000,6,4000,378031,21969,22400,0,0,0,0
981,400000,6,4000,378031,21969,22400,0,0,0,0
982,400000,6,4000,378031,21969,22400,0,0,0,0
983,400000,5,4000,381074,18926,19200,0,0,3200,0
984,400000,5,4000,381132,18868,19200,0,0,3200,0
985,400000,6,4000,378031,21969,22400,0,0,0,0
986,400000,6,4000,378031,21969,22400,0,0,0,0
987,400000,6,4000,378031,21969,22400,0,0,0,0
988,400000,6,4000,378031,21969,22400,0,0,0,0
989,400000,6,4000,378031,21969,22400,0,0,0,0
990,400000,6,4000,378031,21969,22400,0,0,0,0
991,400000,5,4000,381074,18926,19200,0,0,3200,0
992,400000,5,4000,381132,18868,19200,0,0,3200,0
993,400000,6,4000,378031,21969,22400,0,0,0,0
994,400000,6,4000,378031,21969,22400,0,0,0,0
995,400000,6,4000,378031,21969,22400,0,0,0,0
996,400000,6,4000,378031,21969,22400,0,0,0,0
997,400000,6,4000,378031,21969,22400,0,0,0,0
998,400000,6,4000,378031,21969,22400,0,0,0,0
999,400000,5,4000,381074,18926,19200,0,0,3200,0
1000,400000,5,4000,381132,18868,19200,0,0,3200,0
1001,400000,6,4000,378031,21969,22400,0,0,0,0
1002,400000,6,4000,378031,21969,22400,0,0,0,0
1003,400000,6,4000,378031,21969,22400,0,0,0,0
1004,400000,6,4000,378031,21969,22400,0,0,0,0
1005,400000,6,4000,378031,21969,22400,0,0,0,0
1006,400000,6,4000,378031,21969,22400,0,0,0,0
1007,400000,5,4000,381074,18926,19200,0,0,3200,0
1008,400000,5,4000,381132,18868,19200,0,0,3200,0
1009,400000,6,4000,378031,21969,22400,0,0,0,0
1010,400000,6,4000,378031,21969,22400,0,0,0,0
1011,400000,6,4000,378031,21969,22400,0,0,0,0
1012,400000,6,4000,378031,21969,22400,0,0,0,0
1013,400000,6,4000,378031,21969,22400,0,0,0,0
1014,400000,6,4000,378031,21969,22400,0,0,0,0
1015,400000,5,4000,381074,18926,19200,0,0,3200,0
1016,400000,4,4000,385013,14987,15200,0,0,7200,0
1017,400000,5,4000,381912,18088,18400,0,0,4000,0
1018,400000,5,4000,381912,18088,18400,0,0,4000,0
1019,400000,5,4000,381912,18088,18400,0,0,4000,0
1020,400000,5,4000,381912,18088,18400,0,0,4000,0
1021,400000,5,4000,381912,18088,18400,0,0,4000,0
1022,400000,5,4000,381912,18088,18400,0,0,4000,0
1023,400000,4,4000,384974,15026,15200,0,0,7200,0
1024,400000,4,4000,384999,15001,15200,0,0,7200,0
1025,400000,5,4000,381839,18161,18400,0,0,4000,0
1026,400000,5,4000,381839,18161,18400,0,0,4000,0
1027,400000,5,4000,381839,18161,18400,0,0,4000,0
1028,400000,5,4000,381839,18161,18400,0,0,4000,0
1029,400000,5,4000,381839,18161,18400,0,0,4000,0
1030,400000,5,4000,381839,18161,18400,0,0,4000,0
1031,400000,4,4000,384940,15060,15200,0,0,7200,0
1032,400000,5,4000,381132,18868,19200,0,0,3200,0
1033,400000,6,4000,378031,21969,22400,0,0,0,0
1034,400000,6,4000,378031,21969,22400,0,0,0,0
1035,400000,6,4000,378031,21969,22400,0,0,0,0
1036,400000,6,4000,378031,21969,22400,0,0,0,0
1037,400000,6,4000,378031,21969,22400,0,0,0,0
1038,400000,6,4000,378031,21969,22400,0,0,0,0
1039,400000,5,4000,381074,18926,19200,0,0,3200,0
1040,400000,5,4000,381132,18868,19200,0,0,3200,0
1041,400000,6,4000,378031,21969,22400,0,0,0,0
1042,400000,6,4000,378031,21969,22400,0,0,0,0
1043,400000,6,4000,378031,21969,22400,0,0,0,0
1044,400000,6,4000,378031,21969,22400,0,0,0,0
1045,400000,6,4000,378031,21969,22400,0,0,0,0
1046,400000,6,4000,378031,21969,22400,0,0,0,0
1047,400000,5,4000,381074,18926,19200,0,0,3200,0
1048,400000,5,4000,381132,18868,19200,0,0,3200,0
1049,400000,6,4000,378031,21969,22400,0,0,0,0
1050,400000,6,4000,378031,21969,22400,0,0,0,0
1051,400000,6,4000,378031,21969,22400,0,0,0,0
1052,400000,6,4000,378031,21969,22400,0,0,0,0
1053,400000,6,4000,378031,21969,22400,0,0,0,0
1054,400000,6,4000,378031,21969,22400,0,0,0,0
1055,400000,5,4000,381074,18926,19200,0,0,3200,0
1056,400000,5,4000,381132,18868,19200,0,0,3200,0
1057,400000,6,4000,378031,21969,22400,0,0,0,0
1058,400000,6,4000,378031,21969,22400,0,0,0,0
1059,400000,6,4000,378031,21969,22400,0,0,0,0
1060,400000,6,4000,378031,21969,22400,0,0,0,0
1061,400000,6,4000,378031,21969,22400,0,0,0,0
1062,400000,6,4000,378031,21969,22400,0,0,0,0
1063,400000,5,4000,381074,18926,19200,0,0,3200,0
1064,400000,5,4000,381132,18868,19200,0,0,3200,0
1065,400000,6,4000,378031,21969,22400,0,0,0,0
1066,400000,6,4000,378031,21969,22400,0,0,0,0
1067,400000,6,4000,378031,21969,22400,0,0,0,0
1068,400000,6,4000,378031,21969,22400,0,0,0,0
1069,400000,6,4000,378031,21969,22400,0,0,0,0
1070,400000,6,4000,378031,21969,22400,0,0,0,0
1071,400000,5,4000,381074,18926,19200,0,0,3200,0
1072,400000,5,4000,381132,18868,19200,0,0,3200,0
1073,400000,6,4000,378031,21969,22400,0,0,0,0
1074,400000,6,4000,378031,21969,22400,0,0,0,0
1075,400000,6,4000,378031,21969,22400,0,0,0,0
1076,400000,6,4000,378031,21969,22400,0,0,0,0
1077,400000,6,4000,378031,21969,22400,0,0,0,0
1078,400000,6,4000,378031,21969,22400,0,0,0,0
1079,400000,5,4000,381074,18926,19200,0,0,3200,0
1080,400000,5,4000,381132,18868,19200,0,0,3200,0
1081,400000,6,4000,378031,21969,22400,0,0,0,0
1082,400000,6,4000,378031,21969,22400,0,0,0,0
1083,400000,6,4000,378031,21969,22400,0,0,0,0
1084,400000,6,4000,378031,21969,22400,0,0,0,0
1085,400000,6,4000,378031,21969,22400,0,0,0,0
1086,400000,6,4000,378031,21969,22400,0,0,0,0
1087,400000,5,4000,381074,18926,19200,0,0,3200,0
1088,400000,5,4000,381132,18868,19200,0,0,3200,0
1089,400000,6,4000,378031,21969,22400,0,0,0,0
1090,400000,6,4000,378031,21969,22400,0,0,0,0
1091,400000,6,4000,378031,21969,22400,0,0,0,0
1092,400000,6,4000,378031,21969,22400,0,0,0,0
1093,400000,6,4000,378031,21969,22400,0,0,0,0
1094,400000,6,4000,378031,21969,22400,0,0,0,0
1095,400000,5,4000,381074,18926,19200,0,0,3200,0
1096,400000,5,4000,381132,18868,19200,0,0,3200,0
1097,400000,6,4000,378031,21969,22400,0,0,0,0
1098,400000,6,4000,378031,21969,22400,0,0,0,0
1099,400000,6,4000,378031,21969,22400,0,0,0,0
1100,400000,6,4000,378031,21969,22400,0,0,0,0
1101,400000,6,4000,378031,21969,22400,0,0,0,0
1102,400000,6,4000,378031,21969,22400,0,0,0,0
1103,400000,5,4000,381074,18926,19200,0,0,3200,0
1104,400000,5,4000,381132,18868,19200,0,0,3200,0
1105,400000,6,4000,378031,21969,22400,0,0,0,0
1106,400000,6,4000,378031,21969,22400,0,0,0,0
1107,400000,6,4000,378031,21969,22400,0,0,0,0
1108,400000,6,4000,378031,21969,22400,0,0,0,0
1109,400000,6,4000,378031,21969,22400,0,0,0,0
1110,400000,6,4000,378031,21969,22400,0,0,0,0
1111,400000,5,4000,381074,18926,19200,0,0,3200,0
1112,400000,5,4000,381132,18868,19200,0,0,3200,0
1113,400000,6,4000,378031,21969,22400,0,0,0,0
1114,400000,6,4000,378031,21969,22400,0,0,0,0
1115,400000,6,4000,378031,21969,22400,0,0,0,0
1116,400000,6,4000,378031,21969,22400,0,0,0,0
1117,400000,6,4000,378031,21969,22400,0,0,0,0
1118,400000,6,4000,378031,21969,22400,0,0,0,0
1119,400000,5,4000,381074,18926,19200,0,0,3200,0
1120,400000,5,4000,381132,18868,19200,0,0,3200,0
1121,400000,6,4000,378031,21969,22400,0,0,0,0
1122,400000,6,4000,378031,21969,22400,0,0,0,0
1123,400000,6,4000,378031,21969,22400,0,0,0,0
1124,400000,6,4000,378031,21969,22400,0,0,0,0
1125,400000,6,4000,378031,21969,22400,0,0,0,0
1126,400000,6,4000,378031,21969,22400,0,0,0,0
1127,400000,5,4000,381074,18926,19200,0,0,3200,0
1128,400000,5,4000,381132,18868,19200,0,0,3200,0
1129,400000,6,4000,378031,21969,22400,0,0,0,0
1130,400000,6,4000,378031,21969,22400,0,0,0,0
1131,400000,6,4000,378031,21969,22400,0,0,0,0
1132,400000,6,4000,378031,21969,22400,0,0,0,0
1133,400000,6,4000,378031,21969,22400,0,0,0,0
1134,400000,6,4000,378031,21969,22400,0,0,0,0
1135,400000,5,4000,381074,18926,19200,0,0,3200,0
1136,400000,5,4000,381132,18868,19200,0,0,3200,0
1137,400000,6,4000,378031,21969,22400,0,0,0,0
1138,400000,6,4000,378031,21969,22400,0,0,0,0
1139,400000,6,4000,378031,21969,22400,0,0,0,0
1140,400000,6,4000,378031,21969,22400,0,0,0,0
1141,400000,6,4000,378031,21969,22400,0,0,0,0
1142,400000,6,4000,378031,21969,22400,0,0,0,0
1143,400000,5,4000,381074,18926,19200,0,0,3200,0
1144,400000,4,4000,385013,14987,15200,0,0,7200,0
1145,400000,5,4000,381912,18088,18400,0,0,4000,0
1146,400000,5,4000,381912,18088,18400,0,0,4000,0
1147,400000,5,4000,381912,18088,18400,0,0,4000,0
1148,400000,5,4000,381912,18088,18400,0,0,4000,0
1149,400000,5,4000,381912,18088,18400,0,0,4000,0
1150,400000,5,4000,381912,18088,18400,0,0,4000,0
1151,400000,4,4000,384974,15026,15200,0,0,7200,0
1152,400000,4,4000,384999,15001,15200,0,0,7200,0
1153,400000,5,4000,381839,18161,18400,0,0,4000,0
1154,400000,5,4000,381839,18161,18400,0,0,4000,0
1155,400000,5,4000,381839,18161,18400,0,0,4000,0
1156,400000,5,4000,381839,18161,18400,0,0,4000,0
1157,400000,5,4000,381839,18161,18400,0,0,4000,0
1158,400000,5,4000,381839,18161,18400,0,0,4000,0
1159,400000,4,4000,384940,15060,15200,0,0,7200,0
1160,400000,5,4000,381132,18868,19200,0,0,3200,0
1161,400000,6,4000,378031,21969,22400,0,0,0,0
1162,400000,6,4000,378031,21969,22400,0,0,0,0
1163,400000,6,4000,378031,21969,22400,0,0,0,0
1164,400000,6,4000,378031,21969,22400,0,0,0,0
1165,400000,6,4000,378031,21969,22400,0,0,0,0
1166,400000,6,4000,378031,21969,22400,0,0,0,0
1167,400000,5,4000,381074,18926,19200,0,0,3200,0
1168,400000,5,4000,381132,18868,19200,0,0,3200,0
1169,400000,6,4000,378031,21969,22400,0,0,0,0
1170,400000,6,4000,378031,21969,22400,0,0,0,0
1171,400000,6,4000,378031,21969,22400,0,0,0,0
1172,400000,6,4000,378031,21969,22400,0,0,0,0
1173,400000,6,4000,378031,21969,22400,0,0,0,0
1174,400000,6,4000,378031,21969,22400,0,0,0,0
1175,400000,5,4000,381074,18926,19200,0,0,3200,0
1176,400000,5,4000,381132,18868,19200,0,0,3200,0
1177,400000,6,4000,378031,21969,22400,0,0,0,0
1178,400000,6,4000,378031,21969,22400,0,0,0,0
1179,400000,6,4000,378031,21969,22400,0,0,0,0
1180,400000,6,4000,378031,21969,22400,0,0,0,0
1181,400000,6,4000,378031,21969,22400,0,0,0,0
1182,400000,6,4000,378031,21969,22400,0,0,0,0
1183,400000,5,4000,381074,18926,19200,0,0,3200,0
1184,400000,5,4000,381132,18868,19200,0,0,3200,0
1185,400000,6,4000,378031,21969,22400,0,0,0,0
1186,400000,6,4000,378031,21969,22400,0,0,0,0
1187,400000,6,4000,378031,21969,22400,0,0,0,0
1188,400000,6,4000,378031,21969,22400,0,0,0,0
1189,400000,6,4000,378031,21969,22400,0,0,0,0
1190,400000,6,4000,378031,21969,22400,0,0,0,0
1191,400000,5,4000,381074,18926,19200,0,0,3200,0
1192,400000,5,4000,381132,18868,19200,0,0,3200,0
1193,400000,6,4000,378031,21969,22400,0,0,0,0
1194,400000,6,4000,378031,21969,22400,0,0,0,0
1195,400000,6,4000,378031,21969,22400,0,0,0,0
1196,400000,6,4000,378031,21969,22400,0,0,0,0
1197,400000,6,4000,378031,21969,22400,0,0,0,0
1198,400000,6,4000,378031,21969,22400,0,0,0,0
1199,400000,5,4000,381074,18926,19200,0,0,3200,0
1200,400000,5,4000,381132,18868,19200,0,0,3200,0
1201,400000,6,4000,378031,21969,22400,0,0,0,0
1202,400000,6,4000,378031,21969,22400,0,0,0,0
1203,400000,6,4000,378031,21969,22400,0,0,0,0
1204,400000,6,4000,378031,21969,22400,0,0,0,0
1205,400000,6,4000,378031,21969,22400,0,0,0,0
1206,400000,6,4000,378031,21969,22400,0,0,0,0
1207,400000,5,4000,381074,18926,19200,0,0,3200,0
1208,400000,5,4000,381132,18868,19200,0,0,3200,0
1209,400000,6,4000,378031,21969,22400,0,0,0,0
1210,400000,6,4000,378031,21969,22400,0,0,0,0
1211,400000,6,4000,378031,21969,22400,0,0,0,0
1212,400000,6,4000,378031,21969,22400,0,0,0,0
1213,400000,6,4000,378031,21969,22400,0,0,0,0
1214,400000,6,4000,378031,21969,22400,0,0,0,0
1215,400000,5,4000,381074,18926,19200,0,0,3200,0
1216,400000,5,4000,381132,18868,19200,0,0,3200,0
1217,400000,6,4000,378031,21969,22400,0,0,0,0
1218,400000,6,4000,378031,21969,22400,0,0,0,0
1219,400000,6,4000,378031,21969,22400,0,0,0,0
1220,400000,6,4000,378031,21969,22400,0,0,0,0
1221,400000,6,4000,378031,21969,22400,0,0,0,0
1222,400000,6,4000,378031,21969,22400,0,0,0,0
1223,400000,5,4000,381074,18926,19200,0,0,3200,0
1224,400000,5,4000,381132,18868,19200,0,0,3200,0
1225,400000,6,4000,378031,21969,22400,0,0,0,0
1226,400000,6,4000,378031,21969,22400,0,0,0,0
1227,400000,6,4000,378031,21969,22400,0,0,0,0
1228,400000,6,4000,378031,21969,22400,0,0,0,0
1229,400000,6,4000,378031,21969,22400,0,0,0,0
1230,400000,6,4000,378031,21969,22400,0,0,0,0
1231,400000,5,4000,381074,18926,19200,0,0,3200,0
1232,400000,5,4000,381132,18868,19200,0,0,3200,0
1233,400000,6,4000,378031,21969,22400,0,0,0,0
1234,400000,6,4000,378031,21969,22400,0,0,0,0
1235,400000,6,4000,378031,21969,22400,0,0,0,0
1236,400000,6,4000,378031,21969,22400,0,0,0,0
1237,400000,6,4000,378031,21969,22400,0,0,0,0
1238,400000,6,4000,378031,21969,22400,0,0,0,0
1239,400000,5,4000,381074,18926,19200,0,0,3200,0
1240,400000,5,4000,381132,18868,19200,0,0,3200,0
1241,400000,6,4000,378031,21969,22400,0,0,0,0
1242,400000,6,4000,378031,21969,22400,0,0,0,0
1243,400000,6,4000,378031,21969,22400,0,0,0,0
1244,400000,6,4000,378031,21969,22400,0,0,0,0
1245,400000,6,4000,378031,21969,22400,0,0,0,0
1246,400000,6,4000,378031,21969,22400,0,0,0,0
1247,400000,5,4000,381074,18926,19200,0,0,3200,0
1248,400000,5,4000,381132,18868,19200,0,0,3200,0
1249,400000,6,4000,378031,21969,22400,0,0,0,0
1250,400000,6,4000,378031,21969,22400,0,0,0,0
1251,400000,6,4000,378031,21969,22400,0,0,0,0
1252,400000,6,4000,378031,21969,22400,0,0,0,0
1253,400000,6,4000,378031,21969,22400,0,0,0,0
1254,400000,6,4000,378031,21969,22400,0,0,0,0
1255,400000,5,4000,381074,18926,19200,0,0,3200,0
1256,400000,5,4000,381132,18868,19200,0,0,3200,0
1257,400000,6,4000,378031,21969,22400,0,0,0,0
1258,400000,6,4000,378031,21969,22400,0,0,0,0
1259,400000,6,4000,378031,21969,22400,0,0,0,0
1260,400000,6,4000,378031,21969,22400,0,0,0,0
1261,400000,6,4000,378031,21969,22400,0,0,0,0
1262,400000,6,4000,378031,21969,22400,0,0,0,0
1263,400000,5,4000,381074,18926,19200,0,0,3200,0
1264,400000,5,4000,381132,18868,19200,0,0,3200,0
1265,400000,6,4000,378031,21969,22400,0,0,0,0
1266,400000,6,4000,378031,21969,22400,0,0,0,0
1267,400000,6,4000,378031,21969,22400,0,0,0,0
1268,400000,6,4000,378031,21969,22400,0,0,0,0
1269,400000,6,4000,378031,21969,22400,0,0,0,0
1270,400000,6,4000,378031,21969,22400,0,0,0,0
1271,400000,5,4000,381074,18926,19200,0,0,3200,0
1272,400000,4,4000,385013,14987,15200,0,0,7200,0
1273,400000,5,4000,381912,18088,18400,0,0,4000,0
1274,400000,5,4000,381912,18088,18400,0,0,4000,0
1275,400000,5,4000,381912,18088,18400,0,0,4000,0
1276,400000,5,4000,381912,18088,18400,0,0,4000,0
1277,400000,5,4000,381912,18088,18400,0,0,4000,0
1278,400000,5,4000,381912,18088,18400,0,0,4000,0
1279,400000,4,4000,384974,15026,15200,0,0,7200,0
1280,400000,4,4000,384999,15001,15200,0,0,7200,0
1281,400000,5,4000,381839,18161,18400,0,0,4000,0
1282,400000,5,4000,381839,18161,18400,0,0,4000,0
1283,400000,5,4000,381839,18161,18400,0,0,4000,0
1284,400000,5,4000,381839,18161,18400,0,0,4000,0
1285,400000,5,4000,381839,18161,18400,0,0,4000,0
1286,400000,5,4000,381839,18161,18400,0,0,4000,0
1287,400000,4,4000,384940,15060,15200,0,0,7200,0
1288,400000,5,4000,381132,18868,19200,0,0,3200,0
1289,400000,6,4000,378031,21969,22400,0,0,0,0
1290,400000,6,4000,378031,21969,22400,0,0,0,0
1291,400000,6,4000,378031,21969,22400,0,0,0,0
1292,400000,6,4000,378031,21969,22400,0,0,0,0
1293,400000,6,4000,378031,21969,22400,0,0,0,0
1294,400000,6,4000,378031,21969,22400,0,0,0,0
1295,400000,5,4000,381074,18926,19200,0,0,3200,0
1296,400000,5,4000,381132,18868,19200,0,0,3200,0
1297,400000,6,4000,378031,21969,22400,0,0,0,0
1298,400000,6,4000,378031,21969,22400,0,0,0,0
1299,400000,6,4000,378031,21969,22400,0,0,0,0
1300,400000,6,4000,378031,21969,22400,0,0,0,0
1301,400000,6,4000,378031,21969,22400,0,0,0,0
1302,400000,6,4000,378031,21969,22400,0,0,0,0
1303,400000,5,4000,381074,18926,19200,0,0,3200,0
1304,400000,5,4000,381132,18868,19200,0,0,3200,0
1305,400000,6,4000,378031,21969,22400,0,0,0,0
1306,400000,6,4000,378031,21969,22400,0,0,0,0
1307,400000,6,4000,378031,21969,22400,0,0,0,0
1308,400000,6,4000,378031,21969,22400,0,0,0,0
1309,400000,6,4000,378031,21969,22400,0,0,0,0
1310,400000,6,4000,378031,21969,22400,0,0,0,0
1311,400000,5,4000,381074,18926,19200,0,0,3200,0
1312,400000,5,4000,381132,18868,19200,0,0,3200,0
1313,400000,6,4000,378031,21969,22400,0,0,0,0
1314,400000,6,4000,378031,21969,22400,0,0,0,0
1315,400000,6,4000,378031,21969,22400,0,0,0,0
1316,400000,6,4000,378031,21969,22400,0,0,0,0
1317,400000,6,4000,378031,21969,22400,0,0,0,0
1318,400000,6,4000,378031,21969,22400,0,0,0,0
1319,400000,5,4000,381074,18926,19200,0,0,3200,0
1320,400000,5,4000,381132,18868,19200,0,0,3200,0
1321,400000,6,4000,378031,21969,22400,0,0,0,0
1322,400000,6,4000,378031,21969,22400,0,0,0,0
1323,400000,6,4000,378031,21969,22400,0,0,0,0
1324,400000,6,4000,378031,21969,22400,0,0,0,0
1325,400000,6,4000,378031,21969,22400,0,0,0,0
1326,400000,6,4000,378031,21969,22400,0,0,0,0
1327,400000,5,4000,381074,18926,19200,0,0,3200,0
1328,400000,5,4000,381132,18868,19200,0,0,3200,0
1329,400000,6,4000,378031,21969,22400,0,0,0,0
1330,400000,6,4000,378031,21969,22400,0,0,0,0
1331,400000,6,4000,378031,21969,22400,0,0,0,0
1332,400000,6,4000,378031,21969,22400,0,0,0,0
1333,400000,6,4000,378031,21969,22400,0,0,0,0
1334,400000,6,4000,378031,21969,22400,0,0,0,0
1335,400000,5,4000,381074,18926,19200,0,0,3200,0
1336,400000,5,4000,381132,18868,19200,0,0,3200,0
1337,400000,6,4000,378031,21969,22400,0,0,0,0
1338,400000,6,4000,378031,21969,22400,0,0,0,0
1339,400000,6,4000,378031,21969,22400,0,0,0,0
1340,400000,6,4000,378031,21969,22400,0,0,0,0
1341,400000,6,4000,378031,21969,22400,0,0,0,0
1342,400000,6,4000,378031,21969,22400,0,0,0,0
1343,400000,5,4000,381074,18926,19200,0,0,3200,0
1344,400000,5,4000,381132,18868,19200,0,0,3200,0
1345,400000,6,4000,378031,21969,22400,0,0,0,0
1346,400000,6,4000,378031,21969,22400,0,0,0,0
1347,400000,6,4000,378031,21969,22400,0,0,0,0
1348,400000,6,4000,378031,21969,22400,0,0,0,0
1349,400000,6,4000,378031,21969,22400,0,0,0,0
1350,400000,6,4000,378031,21969,22400,0,0,0,0
1351,400000,5,4000,381074,18926,19200,0,0,3200,0
1352,400000,5,4000,381132,18868,19200,0,0,3200,0
1353,400000,6,4000,378031,21969,22400,0,0,0,0
1354,400000,6,4000,378031,21969,22400,0,0,0,0
1355,400000,6,4000,378031,21969,22400,0,0,0,0
1356,400000,6,4000,378031,21969,22400,0,0,0,0
1357,400000,6,4000,378031,21969,22400,0,0,0,0
1358,400000,6,4000,378031,21969,22400,0,0,0,0
1359,400000,5,4000,381074,18926,19200,0,0,3200,0
1360,400000,5,4000,381132,18868,19200,0,0,3200,0
1361,400000,6,4000,378031,21969,22400,0,0,0,0
1362,400000,6,4000,378031,21969,22400,0,0,0,0
1363,400000,6,4000,378031,21969,22400,0,0,0,0
1364,400000,6,4000,378031,21969,22400,0,0,0,0
1365,400000,6,4000,378031,21969,22400,0,0,0,0
1366,400000,6,4000,378031,21969,22400,0,0,0,0
1367,400000,5,4000,381074,18926,19200,0,0,3200,0
1368,400000,5,4000,381132,18868,19200,0,0,3200,0
1369,400000,6,4000,378031,21969,22400,0,0,0,0
1370,400000,6,4000,378031,21969,22400,0,0,0,0
1371,400000,6,4000,378031,21969,22400,0,0,0,0
1372,400000,6,4000,378031,21969,22400,0,0,0,0
1373,400000,6,4000,378031,21969,22400,0,0,0,0
1374,400000,6,4000,378031,21969,22400,0,0,0,0
1375,400000,5,4000,381074,18926,19200,0,0,3200,0
1376,400000,5,4000,381132,18868,19200,0,0,3200,0
1377,400000,6,4000,378031,21969,22400,0,0,0,0
1378,400000,6,4000,378031,21969,22400,0,0,0,0
1379,400000,6,4000,378031,21969,22400,0,0,0,0
1380,400000,6,4000,378031,21969,22400,0,0,0,0
1381,400000,6,4000,378031,21969,22400,0,0,0,0
1382,400000,6,4000,378031,21969,22400,0,0,0,0
1383,400000,5,4000,381074,18926,19200,0,0,3200,0
1384,400000,5,4000,381132,18868,19200,0,0,3200,0
1385,400000,6,4000,378031,21969,22400,0,0,0,0
1386,400000,6,4000,378031,21969,22400,0,0,0,0
1387,400000,6,4000,378031,21969,22400,0,0,0,0
1388,400000,6,4000,378031,21969,22400,0,0,0,0
1389,400000,6,4000,378031,21969,22400,0,0,0,0
1390,400000,6,4000,378031,21969,22400,0,0,0,0
1391,400000,5,4000,381074,18926,19200,0,0,3200,0
1392,400000,5,4000,381132,18868,19200,0,0,3200,0
1393,400000,6,4000,378031,21969,22400,0,0,0,0
1394,400000,6,4000,378031,21969,22400,0,0,0,0
1395,400000,6,4000,378031,21969,22400,0,0,0,0
1396,400000,6,4000,378031,21969,22400,0,0,0,0
1397,400000,6,4000,378031,21969,22400,0,0,0,0
1398,400000,6,4000,378031,21969,22400,0,0,0,0
1399,400000,5,4000,381074,18926,19200,0,0,3200,0
1400,400000,4,4000,385013,14987,15200,0,0,7200,0
1401,400000,5,4000,381912,18088,18400,0,0,4000,0
1402,400000,5,4000,381912,18088,18400,0,0,4000,0
1403,400000,5,4000,381912,18088,18400,0,0,4000,0
1404,400000,5,4000,381912,18088,18400,0,0,4000,0
1405,400000,5,4000,381912,18088,18400,0,0,4000,0
1406,400000,5,4000,381912,18088,18400,0,0,4000,0
1407,400000,4,4000,384974,15026,15200,0,0,7200,0
1408,400000,4,4000,384999,15001,15200,0,0,7200,0
1409,400000,5,4000,381839,18161,18400,0,0,4000,0
1410,400000,5,4000,381839,18161,18400,0,0,4000,0
1411,400000,5,4000,381839,18161,18400,0,0,4000,0
1412,400000,5,4000,381839,18161,18400,0,0,4000,0
1413,400000,5,4000,381839,18161,18400,0,0,4000,0
1414,400000,5,4000,381839,18161,18400,0,0,4000,0
1415,400000,4,4000,384940,15060,15200,0,0,7200,0
1416,400000,5,4000,381132,18868,19200,0,0,3200,0
1417,400000,6,4000,378031,21969,22400,0,0,0,0
1418,400000,6,4000,378031,21969,22400,0,0,0,0
1419,400000,6,4000,378031,21969,22400,0,0,0,0
1420,400000,6,4000,378031,21969,22400,0,0,0,0
1421,400000,6,4000,378031,21969,22400,0,0,0,0
1422,400000,6,4000,378031,21969,22400,0,0,0,0
1423,400000,5,4000,381074,18926,19200,0,0,3200,0
1424,400000,5,4000,381132,18868,19200,0,0,3200,0
1425,400000,6,4000,378031,21969,22400,0,0,0,0
1426,400000,6,4000,378031,21969,22400,0,0,0,0
1427,400000,6,4000,378031,21969,22400,0,0,0,0
1428,400000,6,4000,378031,21969,22400,0,0,0,0
1429,400000,6,4000,378031,21969,22400,0,0,0,0
1430,400000,6,4000,378031,21969,22400,0,0,0,0
1431,400000,5,4000,381074,18926,19200,0,0,3200,0
1432,400000,5,4000,381132,18868,19200,0,0,3200,0
1433,400000,6,4000,378031,21969,22400,0,0,0,0
1434,400000,6,4000,378031,21969,22400,0,0,0,0
1435,400000,6,4000,378031,21969,22400,0,0,0,0
1436,400000,6,4000,378031,21969,22400,0,0,0,0
1437,400000,6,4000,378031,21969,22400,0,0,0,0
1438,400000,6,4000,378031,21969,22400,0,0,0,0
1439,400000,5,4000,381074,18926,19200,0,0,3200,0
1440,400000,5,4000,381132,18868,19200,0,0,3200,0
1441,400000,6,4000,378031,21969,22400,0,0,0,0
1442,400000,6,4000,378031,21969,22400,0,0,0,0
1443,400000,6,4000,378031,21969,22400,0,0,0,0
1444,400000,6,4000,378031,21969,22400,0,0,0,0
1445,400000,6,4000,378031,21969,22400,0,0,0,0
1446,400000,6,4000,378031,21969,22400,0,0,0,0
1447,400000,5,4000,381074,18926,19200,0,0,3200,0
1448,400000,5,4000,381132,18868,19200,0,0,3200,0
1449,400000,6,4000,378031,21969,22400,0,0,0,0
1450,400000,6,4000,378031,21969,22400,0,0,0,0
1451,400000,6,4000,378031,21969,22400,0,0,0,0
1452,400000,6,4000,378031,21969,22400,0,0,0,0
1453,400000,6,4000,378031,21969,22400,0,0,0,0
1454,400000,6,4000,378031,21969,22400,0,0,0,0
1455,400000,5,4000,381074,18926,19200,0,0,3200,0
1456,400000,5,4000,381132,18868,19200,0,0,3200,0
1457,400000,6,4000,378031,21969,22400,0,0,0,0
1458,400000,6,4000,378031,21969,22400,0,0,0,0
1459,400000,6,4000,378031,21969,22400,0,0,0,0
1460,400000,6,4000,378031,21969,22400,0,0,0,0
1461,400000,6,4000,378031,21969,22400,0,0,0,0
1462,400000,6,4000,378031,21969,22400,0,0,0,0
1463,400000,5,4000,381074,18926,19200,0,0,3200,0
1464,400000,5,4000,381132,18868,19200,0,0,3200,0
1465,400000,6,4000,378031,21969,22400,0,0,0,0
1466,400000,6,4000,378031,21969,22400,0,0,0,0
1467,400000,6,4000,378031,21969,22400,0,0,0,0
1468,400000,6,4000,378031,21969,22400,0,0,0,0
1469,400000,6,4000,378031,21969,22400,0,0,0,0
1470,400000,6,4000,378031,21969,22400,0,0,0,0
1471,400000,5,4000,381074,18926,19200,0,0,3200,0
1472,400000,5,4000,381132,18868,19200,0,0,3200,0
1473,400000,6,4000,378031,21969,22400,0,0,0,0
1474,400000,6,4000,378031,21969,22400,0,0,0,0
1475,400000,6,4000,378031,21969,22400,0,0,0,0
1476,400000,6,4000,378031,21969,22400,0,0,0,0
1477,400000,6,4000,378031,21969,22400,0,0,0,0
1478,400000,6,4000,378031,21969,22400,0,0,0,0
1479,400000,5,4000,381074,18926,19200,0,0,3200,0
1480,400000,5,4000,381132,18868,19200,0,0,3200,0
1481,400000,6,4000,378031,21969,22400,0,0,0,0
1482,400000,6,4000,378031,21969,22400,0,0,0,0
1483,400000,6,4000,378031,21969,22400,0,0,0,0
1484,400000,6,4000,378031,21969,22400,0,0,0,0
1485,400000,6,4000,378031,21969,22400,0,0,0,0
1486,400000,6,4000,378031,21969,22400,0,0,0,0
1487,400000,5,4000,381074,18926,19200,0,0,3200,0
1488,400000,5,4000,381132,18868,19200,0,0,3200,0
1489,400000,6,4000,378031,21969,22400,0,0,0,0
1490,400000,6,4000,378031,21969,22400,0,0,0,0
1491,400000,6,4000,378031,21969,22400,0,0,0,0
1492,400000,6,4000,378031,21969,22400,0,0,0,0
1493,400000,6,4000,378031,21969,22400,0,0,0,0
1494,400000,6,4000,378031,21969,22400,0,0,0,0
1495,400000,5,4000,381074,18926,19200,0,0,3200,0
1496,400000,5,4000,381132,18868,19200,0,0,3200,0
1497,400000,6,4000,378031,21969,22400,0,0,0,0
1498,400000,6,4000,378031,21969,22400,0,0,0,0
1499,400000,6,4000,378031,21969,22400,0,0,0,0
1500,400000,6,4000,378031,21969,22400,0,0,0,0
1501,400000,6,4000,378031,21969,22400,0,0,0,0
1502,400000,6,4000,378031,21969,22400,0,0,0,0
1503,400000,5,4000,381074,18926,19200,0,0,3200,0
1504,400000,5,4000,381132,18868,19200,0,0,3200,0
1505,400000,6,4000,378031,21969,22400,0,0,0,0
1506,400000,6,4000,378031,21969,22400,0,0,0,0
1507,400000,6,4000,378031,21969,22400,0,0,0,0
1508,400000,6,4000,378031,21969,22400,0,0,0,0
1509,400000,6,4000,378031,21969,22400,0,0,0,0
1510,400000,6,4000,378031,21969,22400,0,0,0,0
1511,400000,5,4000,381074,18926,19200,0,0,3200,0
1512,400000,5,4000,381132,18868,19200,0,0,3200,0
1513,400000,6,4000,378031,21969,22400,0,0,0,0
1514,400000,6,4000,378031,21969,22400,0,0,0,0
1515,400000,6,4000,378031,21969,22400,0,0,0,0
1516,400000,6,4000,378031,21969,22400,0,0,0,0
1517,400000,6,4000,378031,21969,22400,0,0,0,0
1518,400000,6,4000,378031,21969,22400,0,0,0,0
1519,400000,5,4000,381074,18926,19200,0,0,3200,0
1520,400000,5,4000,381132,18868,19200,0,0,3200,0
1521,400000,6,4000,378031,21969,22400,0,0,0,0
1522,400000,6,4000,378031,21969,22400,0,0,0,0
1523,400000,6,4000,378031,21969,22400,0,0,0,0
1524,400000,6,4000,378031,21969,22400,0,0,0,0
1525,400000,6,4000,378031,21969,22400,0,0,0,0
1526,400000,6,4000,378031,21969,22400,0,0,0,0
1527,400000,5,4000,381074,18926,19200,0,0,3200,0
1528,400000,4,4000,385013,14987,15200,0,0,7200,0
1529,400000,5,4000,381912,18088,18400,0,0,4000,0
1530,400000,5,4000,381912,18088,18400,0,0,4000,0
1531,400000,5,4000,381912,18088,18400,0,0,4000,0
1532,400000,5,4000,381912,18088,18400,0,0,4000,0
1533,400000,5,4000,381912,18088,18400,0,0,4000,0
1534,400000,5,4000,381912,18088,18400,0,0,4000,0
1535,400000,4,4000,384974,15026,15200,0,0,7200,0
1536,400000,4,4000,384999,15001,15200,0,0,7200,0
1537,400000,5,4000,381839,18161,18400,0,0,4000,0
1538,400000,5,4000,381839,18161,18400,0,0,4000,0
1539,400000,5,4000,381839,18161,18400,0,0,4000,0
1540,400000,5,4000,381839,18161,18400,0,0,4000,0
1541,400000,5,4000,381839,18161,18400,0,0,4000,0
1542,400000,5,4000,381839,18161,18400,0,0,4000,0
1543,400000,4,4000,384940,15060,15200,0,0,7200,0
1544,400000,5,4000,381132,18868,19200,0,0,3200,0
1545,400000,6,4000,378031,21969,22400,0,0,0,0
1546,400000,6,4000,378031,21969,22400,0,0,0,0
1547,400000,6,4000,378031,21969,22400,0,0,0,0
1548,400000,6,4000,378031,21969,22400,0,0,0,0
1549,400000,6,4000,378031,21969,22400,0,0,0,0
1550,400000,6,4000,378031,21969,22400,0,0,0,0
1551,400000,5,4000,381074,18926,19200,0,0,3200,0
1552,400000,5,4000,381132,18868,19200,0,0,3200,0
1553,400000,6,4000,378031,21969,22400,0,0,0,0
1554,400000,6,4000,378031,21969,22400,0,0,0,0
1555,400000,6,4000,378031,21969,22400,0,0,0,0
1556,400000,6,4000,378031,21969,22400,0,0,0,0
1557,400000,6,4000,378031,21969,22400,0,0,0,0
1558,400000,6,4000,378031,21969,22400,0,0,0,0
1559,400000,5,4000,381074,18926,19200,0,0,3200,0
1560,400000,5,4000,381132,18868,19200,0,0,3200,0
1561,400000,6,4000,378031,21969,22400,0,0,0,0
1562,400000,6,4000,378031,21969,22400,0,0,0,0
1563,400000,6,4000,378031,21969,22400,0,0,0,0
1564,400000,6,4000,378031,21969,22400,0,0,0,0
1565,400000,6,4000,378031,21969,22400,0,0,0,0
1566,400000,6,4000,378031,21969,22400,0,0,0,0
1567,400000,5,4000,381074,18926,19200,0,0,3200,0
1568,400000,5,4000,381132,18868,19200,0,0,3200,0
1569,400000,6,4000,378031,21969,22400,0,0,0,0
1570,400000,6,4000,378031,21969,22400,0,0,0,0
1571,400000,6,4000,378031,21969,22400,0,0,0,0
1572,400000,6,4000,378031,21969,22400,0,0,0,0
1573,400000,6,4000,378031,21969,22400,0,0,0,0
1574,400000,6,4000,378031,21969,22400,0,0,0,0
1575,400000,5,4000,381074,18926,19200,0,0,3200,0
1576,400000,5,4000,381132,18868,19200,0,0,3200,0
1577,400000,6,4000,378031,21969,22400,0,0,0,0
1578,400000,6,4000,378031,21969,22400,0,0,0,0
1579,400000,6,4000,378031,21969,22400,0,0,0,0
1580,400000,6,4000,378031,21969,22400,0,0,0,0
1581,400000,6,4000,378031,21969,22400,0,0,0,0
1582,400000,6,4000,378031,21969,22400,0,0,0,0
1583,400000,5,4000,381074,18926,19200,0,0,3200,0
1584,400000,5,4000,381132,18868,19200,0,0,3200,0
1585,400000,6,4000,378031,21969,22400,0,0,0,0
1586,400000,6,4000,378031,21969,22400,0,0,0,0
1587,400000,6,4000,378031,21969,22400,0,0,0,0
1588,400000,6,4000,378031,21969,22400,0,0,0,0
1589,400000,6,4000,378031,21969,22400,0,0,0,0
1590,400000,6,4000,378031,21969,22400,0,0,0,0
1591,400000,5,4000,381074,18926,19200,0,0,3200,0
1592,400000,5,4000,381132,18868,19200,0,0,3200,0
1593,400000,6,4000,378031,21969,22400,0,0,0,0
1594,400000,6,4000,378031,21969,22400,0,0,0,0
1595,400000,6,4000,378031,21969,22400,0,0,0,0
1596,400000,6,4000,378031,21969,22400,0,0,0,0
1597,400000,6,4000,378031,21969,22400,0,0,0,0
1598,400000,6,4000,378031,21969,22400,0,0,0,0
1599,400000,5,4000,381074,18926,19200,0,0,3200,0
1600,400000,5,4000,381132,18868,19200,0,0,3200,0
1601,400000,6,4000,378031,21969,22400,0,0,0,0
1602,400000,6,4000,378031,21969,22400,0,0,0,0
1603,400000,6,4000,378031,21969,22400,0,0,0,0
1604,400000,6,4000,378031,21969,22400,0,0,0,0
1605,400000,6,4000,378031,21969,22400,0,0,0,0
1606,400000,6,4000,378031,21969,22400,0,0,0,0
1607,400000,5,4000,381074,18926,19200,0,0,3200,0
1608,400000,5,4000,381132,18868,19200,0,0,3200,0
1609,400000,6,4000,378031,21969,22400,0,0,0,0
1610,400000,6,4000,378031,21969,22400,0,0,0,0
1611,400000,6,4000,378031,21969,22400,0,0,0,0
1612,400000,6,4000,378031,21969,22400,0,0,0,0
1613,400000,6,4000,378031,21969,22400,0,0,0,0
1614,400000,6,4000,378031,21969,22400,0,0,0,0
1615,400000,5,4000,381074,18926,19200,0,0,3200,0
1616,400000,5,4000,381132,18868,19200,0,0,3200,0
1617,400000,6,4000,378031,21969,22400,0,0,0,0
1618,400000,6,4000,378031,21969,22400,0,0,0,0
1619,400000,6,4000,378031,21969,22400,0,0,0,0
1620,400000,6,4000,378031,21969,22400,0,0,0,0
1621,400000,6,4000,378031,21969,22400,0,0,0,0
1622,400000,6,4000,378031,21969,22400,0,0,0,0
1623,400000,5,4000,381074,18926,19200,0,0,3200,0
1624,400000,5,4000,381132,18868,19200,0,0,3200,0
1625,400000,6,4000,378031,21969,22400,0,0,0,0
1626,400000,6,4000,378031,21969,22400,0,0,0,0
1627,400000,6,4000,378031,21969,22400,0,0,0,0
1628,400000,6,4000,378031,21969,22400,0,0,0,0
1629,400000,6,4000,378031,21969,22400,0,0,0,0
1630,400000,6,4000,378031,21969,22400,0,0,0,0
1631,400000,5,4000,381074,18926,19200,0,0,3200,0
1632,400000,5,4000,381132,18868,19200,0,0,3200,0
1633,400000,6,4000,378031,21969,22400,0,0,0,0
1634,400000,6,4000,378031,21969,22400,0,0,0,0
1635,400000,6,4000,378031,21969,22400,0,0,0,0
1636,400000,6,4000,378031,21969,22400,0,0,0,0
1637,400000,6,4000,378031,21969,22400,0,0,0,0
1638,400000,6,4000,378031,21969,22400,0,0,0,0
1639,400000,5,4000,381074,18926,19200,0,0,3200,0
1640,400000,5,4000,381132,18868,19200,0,0,3200,0
1641,400000,6,4000,378031,21969,22400,0,0,0,0
1642,400000,6,4000,378031,21969,22400,0,0,0,0
1643,400000,6,4000,378031,21969,22400,0,0,0,0
1644,400000,6,4000,378031,21969,22400,0,0,0,0
1645,400000,6,4000,378031,21969,22400,0,0,0,0
1646,400000,6,4000,378031,21969,22400,0,0,0,0
1647,400000,5,4000,381074,18926,19200,0,0,3200,0
1648,400000,5,4000,381132,18868,19200,0,0,3200,0
1649,400000,6,4000,378031,21969,22400,0,0,0,0
1650,400000,6,4000,378031,21969,22400,0,0,0,0
1651,400000,6,4000,378031,21969,22400,0,0,0,0
1652,400000,6,4000,378031,21969,22400,0,0,0,0
1653,400000,6,4000,378031,21969,22400,0,0,0,0
1654,400000,6,4000,378031,21969,22400,0,0,0,0
1655,400000,5,4000,381074,18926,19200,0,0,3200,0
1656,400000,4,4000,385013,14987,15200,0,0,7200,0
1657,400000,5,4000,381912,18088,18400,0,0,4000,0
1658,400000,5,4000,381912,18088,18400,0,0,4000,0
1659,400000,5,4000,381912,18088,18400,0,0,4000,0
1660,400000,5,4000,381912,18088,18400,0,0,4000,0
1661,400000,5,4000,381912,18088,18400,0,0,4000,0
1662,400000,5,4000,381912,18088,18400,0,0,4000,0
1663,400000,4,4000,384974,15026,15200,0,0,7200,0
1664,400000,4,4000,384999,15001,15200,0,0,7200,0
1665,400000,5,4000,381839,18161,18400,0,0,4000,0
1666,400000,5,4000,381839,18161,18400,0,0,4000,0
1667,400000,5,4000,381839,18161,18400,0,0,4000,0
1668,400000,5,4000,381839,18161,18400,0,0,4000,0
1669,400000,5,4000,381839,18161,18400,0,0,4000,0
1670,400000,5,4000,381839,18161,18400,0,0,4000,0
1671,400000,4,4000,384940,15060,15200,0,0,7200,0
1672,400000,5,4000,381132,18868,19200,0,0,3200,0
1673,400000,6,4000,378031,21969,22400,0,0,0,0
1674,400000,6,4000,378031,21969,22400,0,0,0,0
1675,400000,6,4000,378031,21969,22400,0,0,0,0
1676,400000,6,4000,378031,21969,22400,0,0,0,0
1677,400000,6,4000,378031,21969,22400,0,0,0,0
1678,400000,6,4000,378031,21969,22400,0,0,0,0
1679,400000,5,4000,381074,18926,19200,0,0,3200,0
1680,400000,5,4000,381132,18868,19200,0,0,3200,0
1681,400000,6,4000,378031,21969,22400,0,0,0,0
1682,400000,6,4000,378031,21969,22400,0,0,0,0
1683,400000,6,4000,378031,21969,22400,0,0,0,0
1684,400000,6,4000,378031,21969,22400,0,0,0,0
1685,400000,6,4000,378031,21969,22400,0,0,0,0
1686,400000,6,4000,378031,21969,22400,0,0,0,0
1687,400000,5,4000,381074,18926,19200,0,0,3200,0
1688,400000,5,4000,381132,18868,19200,0,0,3200,0
1689,400000,6,4000,378031,21969,22400,0,0,0,0
1690,400000,6,4000,378031,21969,22400,0,0,0,0
1691,400000,6,4000,378031,21969,22400,0,0,0,0
1692,400000,6,4000,378031,21969,22400,0,0,0,0
1693,400000,6,4000,378031,21969,22400,0,0,0,0
1694,400000,6,4000,378031,21969,22400,0,0,0,0
1695,400000,5,4000,381074,18926,19200,0,0,3200,0
1696,400000,5,4000,381132,18868,19200,0,0,3200,0
1697,400000,6,4000,378031,21969,22400,0,0,0,0
1698,400000,6,4000,378031,21969,22400,0,0,0,0
1699,400000,6,4000,378031,21969,22400,0,0,0,0
1700,400000,6,4000,378031,21969,22400,0,0,0,0
1701,400000,6,4000,378031,21969,22400,0,0,0,0
1702,400000,6,4000,378031,21969,22400,0,0,0,0
1703,400000,5,4000,381074,18926,19200,0,0,3200,0
1704,400000,5,4000,381132,18868,19200,0,0,3200,0
1705,400000,6,4000,378031,21969,22400,0,0,0,0
1706,400000,6,4000,378031,21969,22400,0,0,0,0
1707,400000,6,4000,378031,21969,22400,0,0,0,0
1708,400000,6,4000,378031,21969,22400,0,0,0,0
1709,400000,6,4000,378031,21969,22400,0,0,0,0
1710,400000,6,4000,378031,21969,22400,0,0,0,0
1711,400000,5,4000,381074,18926,19200,0,0,3200,0
1712,400000,5,4000,381132,18868,19200,0,0,3200,0
1713,400000,6,4000,378031,21969,22400,0,0,0,0
1714,400000,6,4000,378031,21969,22400,0,0,0,0
1715,400000,6,4000,378031,21969,22400,0,0,0,0
1716,400000,6,4000,378031,21969,22400,0,0,0,0
1717,400000,6,4000,378031,21969,22400,0,0,0,0
1718,400000,6,4000,378031,21969,22400,0,0,0,0
1719,400000,5,4000,381074,18926,19200,0,0,3200,0
1720,400000,5,4000,381132,18868,19200,0,0,3200,0
1721,400000,6,4000,378031,21969,22400,0,0,0,0
1722,400000,6,4000,378031,21969,22400,0,0,0,0
1723,400000,6,4000,378031,21969,22400,0,0,0,0
1724,400000,6,4000,378031,21969,22400,0,0,0,0
1725,400000,6,4000,378031,21969,22400,0,0,0,0
1726,400000,6,4000,378031,21969,22400,0,0,0,0
1727,400000,5,4000,381074,18926,19200,0,0,3200,0
1728,400000,5,4000,381132,18868,19200,0,0,3200,0
1729,400000,6,4000,378031,21969,22400,0,0,0,0
1730,400000,6,4000,378031,21969,22400,0,0,0,0
1731,400000,6,4000,378031,21969,22400,0,0,0,0
1732,400000,6,4000,378031,21969,22400,0,0,0,0
1733,400000,6,4000,378031,21969,22400,0,0,0,0
1734,400000,6,4000,378031,21969,22400,0,0,0,0
1735,400000,5,4000,381074,18926,19200,0,0,3200,0
1736,400000,5,4000,381132,18868,19200,0,0,3200,0
1737,400000,6,4000,378031,21969,22400,0,0,0,0
1738,400000,6,4000,378031,21969,22400,0,0,0,0
1739,400000,6,4000,378031,21969,22400,0,0,0,0
1740,400000,6,4000,378031,21969,22400,0,0,0,0
1741,400000,6,4000,378031,21969,22400,0,0,0,0
1742,400000,6,4000,378031,21969,22400,0,0,0,0
1743,400000,5,4000,381074,18926,19200,0,0,3200,0
1744,400000,5,4000,381132,18868,19200,0,0,3200,0
1745,400000,6,4000,378031,21969,22400,0,0,0,0
1746,400000,6,4000,378031,21969,22400,0,0,0,0
1747,400000,6,4000,378031,21969,22400,0,0,0,0
1748,400000,6,4000,378031,21969,22400,0,0,0,0
1749,400000,6,4000,378031,21969,22400,0,0,0,0
1750,400000,6,4000,378031,21969,22400,0,0,0,0
1751,400000,5,4000,381074,18926,19200,0,0,3200,0
1752,400000,5,4000,381132,18868,19200,0,0,3200,0
1753,400000,6,4000,378031,21969,22400,0,0,0,0
1754,400000,6,4000,378031,21969,22400,0,0,0,0
1755,400000,6,4000,378031,21969,22400,0,0,0,0
1756,400000,6,4000,378031,21969,22400,0,0,0,0
1757,400000,6,4000,378031,21969,22400,0,0,0,0
1758,400000,6,4000,378031,21969,22400,0,0,0,0
1759,400000,5,4000,381074,18926,19200,0,0,3200,0
1760,400000,5,4000,381132,18868,19200,0,0,3200,0
1761,400000,6,4000,378031,21969,22400,0,0,0,0
1762,400000,6,4000,378031,21969,22400,0,0,0,0
1763,400000,6,4000,378031,21969,22400,0,0,0,0
1764,400000,6,4000,378031,21969,22400,0,0,0,0
1765,400000,6,4000,378031,21969,22400,0,0,0,0
1766,400000,6,4000,378031,21969,22400,0,0,0,0
1767,400000,5,4000,381074,18926,19200,0,0,3200,0
1768,400000,5,4000,381132,18868,19200,0,0,3200,0
1769,400000,6,4000,378031,21969,22400,0,0,0,0
1770,400000,6,4000,378031,21969,22400,0,0,0,0
1771,400000,6,4000,378031,21969,22400,0,0,0,0
1772,400000,6,4000,378031,21969,22400,0,0,0,0
1773,400000,6,4000,378031,21969,22400,0,0,0,0
1774,400000,6,4000,378031,21969,22400,0,0,0,0
1775,400000,5,4000,381074,18926,19200,0,0,3200,0
1776,400000,5,4000,381132,18868,19200,0,0,3200,0
1777,400000,6,4000,378031,21969,22400,0,0,0,0
1778,400000,6,4000,378031,21969,22400,0,0,0,0
1779,400000,6,4000,378031,21969,22400,0,0,0,0
1780,400000,6,4000,378031,21969,22400,0,0,0,0
1781,400000,6,4000,378031,21969,22400,0,0,0,0
1782,400000,6,4000,378031,21969,22400,0,0,0,0
1783,400000,5,4000,381074,18926,19200,0,0,3200,0
1784,400000,4,4000,385013,14987,15200,0,0,7200,0
1785,400000,5,4000,381912,18088,18400,0,0,4000,0
1786,400000,5,4000,381912,18088,18400,0,0,4000,0
1787,400000,5,4000,381912,18088,18400,0,0,4000,0
1788,400000,5,4000,381912,18088,18400,0,0,4000,0
1789,400000,5,4000,381912,18088,18400,0,0,4000,0
1790,400000,5,4000,381912,18088,18400,0,0,4000,0
1791,400000,4,4000,384974,15026,15200,0,0,7200,0
1792,400000,4,4000,384999,15001,15200,0,0,7200,0
1793,400000,5,4000,381839,18161,18400,0,0,4000,0
1794,400000,5,4000,381839,18161,18400,0,0,4000,0
1795,400000,5,4000,381839,18161,18400,0,0,4000,0
1796,400000,5,4000,381839,18161,18400,0,0,4000,0
1797,400000,5,4000,381839,18161,18400,0,0,4000,0
1798,400000,5,4000,381839,18161,18400,0,0,4000,0
1799,400000,4,4000,384940,15060,15200,0,0,7200,0
1800,400000,5,4000,381132,18868,19200,0,0,3200,0
1801,400000,6,4000,378031,21969,22400,0,0,0,0
1802,400000,6,4000,378031,21969,22400,0,0,0,0
1803,400000,6,4000,378031,21969,22400,0,0,0,0
1804,400000,6,4000,378031,21969,22400,0,0,0,0
1805,400000,6,4000,378031,21969,22400,0,0,0,0
1806,400000,6,4000,378031,21969,22400,0,0,0,0
1807,400000,5,4000,381074,18926,19200,0,0,3200,0
1808,400000,5,4000,381132,18868,19200,0,0,3200,0
1809,400000,6,4000,378031,21969,22400,0,0,0,0
1810,400000,6,4000,378031,21969,22400,0,0,0,0
1811,400000,6,4000,378031,21969,22400,0,0,0,0
1812,400000,6,4000,378031,21969,22400,0,0,0,0
1813,400000,6,4000,378031,21969,22400,0,0,0,0
1814,400000,6,4000,378031,21969,22400,0,0,0,0
1815,400000,5,4000,381074,18926,19200,0,0,3200,0
1816,400000,5,4000,381132,18868,19200,0,0,3200,0
1817,400000,6,4000,378031,21969,22400,0,0,0,0
1818,400000,6,4000,378031,21969,22400,0,0,0,0
1819,400000,6,4000,378031,21969,22400,0,0,0,0
1820,400000,6,4000,378031,21969,22400,0,0,0,0
1821,400000,6,4000,378031,21969,22400,0,0,0,0
1822,400000,6,4000,378031,21969,22400,0,0,0,0
1823,400000,5,4000,381074,18926,19200,0,0,3200,0
1824,400000,5,4000,381132,18868,19200,0,0,3200,0
1825,400000,6,4000,378031,21969,22400,0,0,0,0
1826,400000,6,4000,378031,21969,22400,0,0,0,0
1827,400000,6,4000,378031,21969,22400,0,0,0,0
1828,400000,6,4000,378031,21969,22400,0,0,0,0
1829,400000,6,4000,378031,21969,22400,0,0,0,0
1830,400000,6,4000,378031,21969,22400,0,0,0,0
1831,400000,5,4000,381074,18926,19200,0,0,3200,0
1832,400000,5,4000,381132,18868,19200,0,0,3200,0
1833,400000,6,4000,378031,21969,22400,0,0,0,0
1834,400000,6,4000,378031,21969,22400,0,0,0,0
1835,400000,6,4000,378031,21969,22400,0,0,0,0
1836,400000,6,4000,378031,21969,22400,0,0,0,0
1837,400000,6,4000,378031,21969,22400,0,0,0,0
1838,400000,6,4000,378031,21969,22400,0,0,0,0
1839,400000,5,4000,381074,18926,19200,0,0,3200,0
1840,400000,5,4000,381132,18868,19200,0,0,3200,0
1841,400000,6,4000,378031,21969,22400,0,0,0,0
1842,400000,6,4000,378031,21969,22400,0,0,0,0
1843,400000,6,4000,378031,21969,22400,0,0,0,0
1844,400000,6,4000,378031,21969,22400,0,0,0,0
1845,400000,6,4000,378031,21969,22400,0,0,0,0
1846,400000,6,4000,378031,21969,22400,0,0,0,0
1847,400000,5,4000,381074,18926,19200,0,0,3200,0
1848,400000,5,4000,381132,18868,19200,0,0,3200,0
1849,400000,6,4000,378031,21969,22400,0,0,0,0
1850,400000,6,4000,378031,21969,22400,0,0,0,0
1851,400000,6,4000,378031,21969,22400,0,0,0,0
1852,400000,6,4000,378031,21969,22400,0,0,0,0
1853,400000,6,4000,378031,21969,22400,0,0,0,0
1854,400000,6,4000,378031,21969,22400,0,0,0,0
1855,400000,5,4000,381074,18926,19200,0,0,3200,0
1856,400000,5,4000,381132,18868,19200,0,0,3200,0
1857,400000,6,4000,378031,21969,22400,0,0,0,0
1858,400000,6,4000,378031,21969,22400,0,0,0,0
1859,400000,6,4000,378031,21969,22400,0,0,0,0
1860,400000,6,4000,378031,21969,22400,0,0,0,0
1861,400000,6,4000,378031,21969,22400,0,0,0,0
1862,400000,6,4000,378031,21969,22400,0,0,0,0
1863,400000,5,4000,381074,18926,19200,0,0,3200,0
1864,400000,5,4000,381132,18868,19200,0,0,3200,0
1865,400000,6,4000,378031,21969,22400,0,0,0,0
1866,400000,6,4000,378031,21969,22400,0,0,0,0
1867,400000,6,4000,378031,21969,22400,0,0,0,0
1868,400000,6,4000,378031,21969,22400,0,0,0,0
1869,400000,6,4000,378031,21969,22400,0,0,0,0
1870,400000,6,4000,378031,21969,22400,0,0,0,0
1871,400000,5,4000,381074,18926,19200,0,0,3200,0
1872,400000,5,4000,381132,18868,19200,0,0,3200,0
1873,400000,6,4000,378031,21969,22400,0,0,0,0
1874,400000,6,4000,378031,21969,22400,0,0,0,0
1875,400000,6,4000,378031,21969,22400,0,0,0,0
1876,400000,6,4000,378031,21969,22400,0,0,0,0
1877,400000,6,4000,378031,21969,22400,0,0,0,0
1878,400000,6,4000,378031,21969,22400,0,0,0,0
1879,400000,5,4000,381074,18926,19200,0,0,3200,0
1880,400000,5,4000,381132,18868,19200,0,0,3200,0
1881,400000,6,4000,378031,21969,22400,0,0,0,0
1882,400000,6,4000,378031,21969,22400,0,0,0,0
1883,400000,6,4000,378031,21969,22400,0,0,0,0
1884,400000,6,4000,378031,21969,22400,0,0,0,0
1885,400000,6,4000,378031,21969,22400,0,0,0,0
1886,400000,6,4000,378031,21969,22400,0,0,0,0
1887,400000,5,4000,381074,18926,19200,0,0,3200,0
1888,400000,5,4000,381132,18868,19200,0,0,3200,0
1889,400000,6,4000,378031,21969,22400,0,0,0,0
1890,400000,6,4000,378031,21969,22400,0,0,0,0
1891,400000,6,4000,378031,21969,22400,0,0,0,0
1892,400000,6,4000,378031,21969,22400,0,0,0,0
1893,400000,6,4000,378031,21969,22400,0,0,0,0
1894,400000,6,4000,378031,21969,22400,0,0,0,0
1895,400000,5,4000,381074,18926,19200,0,0,3200,0
1896,400000,5,4000,381132,18868,19200,0,0,3200,0
1897,400000,6,4000,378031,21969,22400,0,0,0,0
1898,400000,6,4000,378031,21969,22400,0,0,0,0
1899,400000,6,4000,378031,21969,22400,0,0,0,0
1900,400000,6,4000,378031,21969,22400,0,0,0,0
1901,400000,6,4000,378031,21969,22400,0,0,0,0
1902,400000,6,4000,378031,21969,22400,0,0,0,0
1903,400000,5,4000,381074,18926,19200,0,0,3200,0
1904,400000,5,4000,381132,18868,19200,0,0,3200,0
1905,400000,6,4000,378031,21969,22400,0,0,0,0
1906,400000,6,4000,378031,21969,22400,0,0,0,0
1907,400000,6,4000,378031,21969,22400,0,0,0,0
1908,400000,6,4000,378031,21969,22400,0,0,0,0
1909,400000,6,4000,378031,21969,22400,0,0,0,0
1910,400000,6,4000,378031,21969,22400,0,0,0,0
1911,400000,5,4000,381074,18926,19200,0,0,3200,0
1912,400000,4,4000,385013,14987,15200,0,0,7200,0
1913,400000,5,4000,381912,18088,18400,0,0,4000,0
1914,400000,5,4000,381912,18088,18400,0,0,4000,0
1915,400000,5,4000,381912,18088,18400,0,0,4000,0
1916,400000,5,4000,381912,18088,18400,0,0,4000,0
1917,400000,5,4000,381912,18088,18400,0,0,4000,0
1918,400000,5,4000,381912,18088,18400,0,0,4000,0
1919,400000,4,4000,384974,15026,15200,0,0,7200,0
1920,400000,3,4000,388909,11091,11200,0,0,11200,0
1921,400000,4,4000,385709,14291,14400,0,0,8000,0
1922,400000,4,4000,385709,14291,14400,0,0,8000,0
1923,400000,4,4000,385709,14291,14400,0,0,8000,0
1924,400000,4,4000,385709,14291,14400,0,0,8000,0
1925,400000,4,4000,385709,14291,14400,0,0,8000,0
1926,400000,4,4000,385709,14291,14400,0,0,8000,0
1927,400000,3,4000,388850,11150,11200,0,0,11200,0
1928,400000,4,4000,384993,15007,15200,0,0,7200,0
1929,400000,5,4000,381853,18147,18400,0,0,4000,0
1930,400000,5,4000,381853,18147,18400,0,0,4000,0
1931,400000,5,4000,381853,18147,18400,0,0,4000,0
1932,400000,5,4000,381853,18147,18400,0,0,4000,0
1933,400000,5,4000,381853,18147,18400,0,0,4000,0
1934,400000,5,4000,381853,18147,18400,0,0,4000,0
1935,400000,4,4000,384935,15065,15200,0,0,7200,0
1936,400000,4,4000,384993,15007,15200,0,0,7200,0
1937,400000,5,4000,381853,18147,18400,0,0,4000,0
1938,400000,5,4000,381853,18147,18400,0,0,4000,0
1939,400000,5,4000,381853,18147,18400,0,0,4000,0
1940,400000,5,4000,381853,18147,18400,0,0,4000,0
1941,400000,5,4000,381853,18147,18400,0,0,4000,0
1942,400000,5,4000,381853,18147,18400,0,0,4000,0
1943,400000,4,4000,384935,15065,15200,0,0,7200,0
1944,400000,4,4000,384993,15007,15200,0,0,7200,0
1945,400000,5,4000,381853,18147,18400,0,0,4000,0
1946,400000,5,4000,381853,18147,18400,0,0,4000,0
1947,400000,5,4000,381853,18147,18400,0,0,4000,0
1948,400000,5,4000,381853,18147,18400,0,0,4000,0
1949,400000,5,4000,381853,18147,18400,0,0,4000,0
1950,400000,5,4000,381853,18147,18400,0,0,4000,0
1951,400000,4,4000,384935,15065,15200,0,0,7200,0
1952,400000,4,4000,384993,15007,15200,0,0,7200,0
1953,400000,5,4000,381853,18147,18400,0,0,4000,0
1954,400000,5,4000,381853,18147,18400,0,0,4000,0
1955,400000,5,4000,381853,18147,18400,0,0,4000,0
1956,400000,5,4000,381853,18147,18400,0,0,4000,0
1957,400000,5,4000,381853,18147,18400,0,0,4000,0
1958,400000,5,4000,381853,18147,18400,0,0,4000,0
1959,400000,4,4000,384935,15065,15200,0,0,7200,0
1960,400000,4,4000,384993,15007,15200,0,0,7200,0
1961,400000,5,4000,381853,18147,18400,0,0,4000,0
1962,400000,5,4000,381853,18147,18400,0,0,4000,0
1963,400000,5,4000,381853,18147,18400,0,0,4000,0
1964,400000,5,4000,381853,18147,18400,0,0,4000,0
1965,400000,5,4000,381853,18147,18400,0,0,4000,0
1966,400000,5,4000,381853,18147,18400,0,0,4000,0
1967,400000,4,4000,384935,15065,15200,0,0,7200,0
1968,400000,4,4000,384993,15007,15200,0,0,7200,0
1969,400000,5,4000,381853,18147,18400,0,0,4000,0
1970,400000,5,4000,381853,18147,18400,0,0,4000,0
1971,400000,5,4000,381853,18147,18400,0,0,4000,0
1972,400000,5,4000,381853,18147,18400,0,0,4000,0
1973,400000,5,4000,381853,18147,18400,0,0,4000,0
1974,400000,5,4000,381853,18147,18400,0,0,4000,0
1975,400000,4,4000,384935,15065,15200,0,0,7200,0
1976,400000,4,4000,384993,15007,15200,0,0,7200,0
1977,400000,5,4000,381853,18147,18400,0,0,4000,0
1978,400000,5,4000,381853,18147,18400,0,0,4000,0
1979,400000,5,4000,381853,18147,18400,0,0,4000,0
1980,400000,5,4000,381853,18147,18400,0,0,4000,0
1981,400000,5,4000,381853,18147,18400,0,0,4000,0
1982,400000,5,4000,381853,18147,18400,0,0,4000,0
1983,400000,4,4000,384935,15065,15200,0,0,7200,0
1984,400000,4,4000,384993,15007,15200,0,0,7200,0
1985,400000,5,4000,381853,18147,18400,0,0,4000,0
1986,400000,5,4000,381853,18147,18400,0,0,4000,0
1987,400000,5,4000,381853,18147,18400,0,0,4000,0
1988,400000,5,4000,381853,18147,18400,0,0,4000,0
1989,400000,5,4000,381853,18147,18400,0,0,4000,0
1990,400000,5,4000,381853,18147,18400,0,0,4000,0
1991,400000,4,4000,384935,15065,15200,0,0,7200,0
1992,400000,4,4000,384993,15007,15200,0,0,7200,0
1993,400000,5,4000,381853,18147,18400,0,0,4000,0
1994,400000,5,4000,381853,18147,18400,0,0,4000,0
1995,400000,5,4000,381853,18147,18400,0,0,4000,0
1996,400000,5,4000,381853,18147,18400,0,0,4000,0
1997,400000,5,4000,381853,18147,18400,0,0,4000,0
1998,400000,5,4000,381853,18147,18400,0,0,4000,0
1999,400000,4,4000,384935,15065,15200,0,0,7200,0
2000,400000,4,4000,384993,15007,15200,0,0,7200,0
2001,400000,5,4000,381853,18147,18400,0,0,4000,0
2002,400000,5,4000,381853,18147,18400,0,0,4000,0
2003,400000,5,4000,381853,18147,18400,0,0,4000,0
2004,400000,5,4000,381853,18147,18400,0,0,4000,0
2005,400000,5,4000,381853,18147,18400,0,0,4000,0
2006,400000,5,4000,381853,18147,18400,0,0,4000,0
2007,400000,4,4000,384935,15065,15200,0,0,7200,0
2008,400000,4,4000,384993,15007,15200,0,0,7200,0
2009,400000,5,4000,381853,18147,18400,0,0,4000,0
2010,400000,5,4000,381853,18147,18400,0,0,4000,0
2011,400000,5,4000,381853,18147,18400,0,0,4000,0
2012,400000,5,4000,381853,18147,18400,0,0,4000,0
2013,400000,5,4000,381853,18147,18400,0,0,4000,0
2014,400000,5,4000,381853,18147,18400,0,0,4000,0
2015,400000,4,4000,384935,15065,15200,0,0,7200,0
2016,400000,4,4000,384993,15007,15200,0,0,7200,0
2017,400000,5,4000,381853,18147,18400,0,0,4000,0
2018,400000,5,4000,381853,18147,18400,0,0,4000,0
2019,400000,5,4000,381853,18147,18400,0,0,4000,0
2020,400000,5,4000,381853,18147,18400,0,0,4000,0
2021,400000,5,4000,381853,18147,18400,0,0,4000,0
2022,400000,5,4000,381853,18147,18400,0,0,4000,0
2023,400000,4,4000,384935,15065,15200,0,0,7200,0
2024,400000,4,4000,384993,15007,15200,0,0,7200,0
2025,400000,5,4000,381853,18147,18400,0,0,4000,0
2026,400000,5,4000,381853,18147,18400,0,0,4000,0
2027,400000,5,4000,381853,18147,18400,0,0,4000,0
2028,400000,5,4000,381853,18147,18400,0,0,4000,0
2029,400000,5,4000,381853,18147,18400,0,0,4000,0
2030,400000,5,4000,381853,18147,18400,0,0,4000,0
2031,400000,4,4000,384935,15065,15200,0,0,7200,0
2032,400000,4,4000,384993,15007,15200,0,0,7200,0
2033,400000,5,4000,381853,18147,18400,0,0,4000,0
2034,400000,5,4000,381853,18147,18400,0,0,4000,0
2035,400000,5,4000,381853,18147,18400,0,0,4000,0
2036,400000,5,4000,381853,18147,18400,0,0,4000,0
2037,400000,5,4000,381853,18147,18400,0,0,4000,0
2038,400000,5,4000,381853,18147,18400,0,0,4000,0
2039,400000,4,4000,384935,15065,15200,0,0,7200,0
2040,400000,3,4000,388924,11076,11200,0,0,11200,0
2041,400000,4,4000,385784,14216,14400,0,0,8000,0
2042,400000,4,4000,385784,14216,14400,0,0,8000,0
2043,400000,4,4000,385784,14216,14400,0,0,8000,0
2044,400000,4,4000,385784,14216,14400,0,0,8000,0
2045,400000,4,4000,385784,14216,14400,0,0,8000,0
2046,400000,4,4000,385784,14216,14400,0,0,8000,0
2047,400000,3,4000,388885,11115,11200,0,0,11200,0
Mon Apr 21 16:40:18, Info:  Min number of DR boundary faces per partition: 0 
Mon Apr 21 16:40:18, Info:  Avg number of DR boundary faces per partition 0 
Mon Apr 21 16:40:18, Info:  Max number of DR boundary faces per partition 0 
Mon Apr 21 16:40:18, Info:  Min number of DR MPI boundary faces per partition: 0 
Mon Apr 21 16:40:18, Info:  Avg number of DR MPI boundary faces per partition 0 
Mon Apr 21 16:40:18, Info:  Max number of DR MPI boundary faces per partition 0 
